#
# There is insufficient memory for the Java Runtime Environment to continue.
# Native memory allocation (malloc) failed to allocate 263840 bytes for Chunk::new
# Possible reasons:
#   The system is out of physical RAM or swap space
#   The process is running with CompressedOops enabled, and the Java Heap may be blocking the growth of the native heap
# Possible solutions:
#   Reduce memory load on the system
#   Increase physical memory or swap space
#   Check if swap backing store is full
#   Decrease Java heap size (-Xmx/-Xms)
#   Decrease number of Java threads
#   Decrease Java thread stack sizes (-Xss)
#   Set larger code cache with -XX:ReservedCodeCacheSize=
#   JVM is running with Zero Based Compressed Oops mode in which the Java heap is
#     placed in the first 32GB address space. The Java Heap base address is the
#     maximum limit for the native heap growth. Please use -XX:HeapBaseMinAddress
#     to set the Java Heap base and to place the Java Heap above 32GB virtual address.
# This output file may be truncated or incomplete.
#
#  Out of Memory Error (arena.cpp:189), pid=19440, tid=39876
#
# JRE version: Java(TM) SE Runtime Environment (17.0+35) (build 17+35-LTS-2724)
# Java VM: Java HotSpot(TM) 64-Bit Server VM (17+35-LTS-2724, mixed mode, sharing, tiered, compressed oops, compressed class ptrs, g1 gc, windows-amd64)
# No core dump will be written. Minidumps are not enabled by default on client versions of Windows
#

---------------  S U M M A R Y ------------

Command Line: -javaagent:D:\Programs\IntelliJ IDEA\IntelliJ IDEA Community Edition 2024.1.2\lib\idea_rt.jar=52807:D:\Programs\IntelliJ IDEA\IntelliJ IDEA Community Edition 2024.1.2\bin -Dfile.encoding=UTF-8 com.springboot.MybootApplication

Host: AMD Ryzen 5 4600U with Radeon Graphics         , 12 cores, 15G,  Windows 10 , 64 bit Build 22621 (10.0.22621.3672)
Time: Tue Jul 16 11:58:28 2024  Windows 10 , 64 bit Build 22621 (10.0.22621.3672) elapsed time: 1.340456 seconds (0d 0h 0m 1s)

---------------  T H R E A D  ---------------

Current thread (0x000001e6a6f419f0):  JavaThread "C2 CompilerThread0" daemon [_thread_in_native, id=39876, stack(0x0000002f07c00000,0x0000002f07d00000)]


Current CompileTask:
C2:   1340 1286       4       jdk.internal.org.objectweb.asm.SymbolTable::addConstantUtf8 (98 bytes)

Stack: [0x0000002f07c00000,0x0000002f07d00000]
Native frames: (J=compiled Java code, j=interpreted, Vv=VM code, C=native code)
V  [jvm.dll+0x66f8ea]
V  [jvm.dll+0x7ce224]
V  [jvm.dll+0x7cf9ce]
V  [jvm.dll+0x7d0033]
V  [jvm.dll+0x242bb5]
V  [jvm.dll+0xaa05b]
V  [jvm.dll+0xaa5ec]
V  [jvm.dll+0x35f9f7]
V  [jvm.dll+0x329f61]
V  [jvm.dll+0x32940a]
V  [jvm.dll+0x215ca1]
V  [jvm.dll+0x2150c1]
V  [jvm.dll+0x1a168d]
V  [jvm.dll+0x2248f8]
V  [jvm.dll+0x222a5c]
V  [jvm.dll+0x78422b]
V  [jvm.dll+0x77e7ea]
V  [jvm.dll+0x66e715]
C  [ucrtbase.dll+0x29333]
C  [KERNEL32.DLL+0x1257d]
C  [ntdll.dll+0x5af28]


---------------  P R O C E S S  ---------------

Threads class SMR info:
_java_thread_list=0x000001e6a857c1f0, length=16, elements={
0x000001e68436ea20, 0x000001e6a6f2a600, 0x000001e6a6f2b480, 0x000001e6a6f3d590,
0x000001e6a6f3f350, 0x000001e6a78206a0, 0x000001e6a7821870, 0x000001e6a6f419f0,
0x000001e6a6f42f50, 0x000001e6a6f46870, 0x000001e6a6f0f540, 0x000001e6a7a9f830,
0x000001e6a7a9fd00, 0x000001e6a818e030, 0x000001e6a811ba40, 0x000001e6a8562570
}

Java Threads: ( => current thread )
  0x000001e68436ea20 JavaThread "main" [_thread_blocked, id=7524, stack(0x0000002f06f00000,0x0000002f07000000)]
  0x000001e6a6f2a600 JavaThread "Reference Handler" daemon [_thread_blocked, id=37012, stack(0x0000002f07600000,0x0000002f07700000)]
  0x000001e6a6f2b480 JavaThread "Finalizer" daemon [_thread_blocked, id=20464, stack(0x0000002f07700000,0x0000002f07800000)]
  0x000001e6a6f3d590 JavaThread "Signal Dispatcher" daemon [_thread_blocked, id=35016, stack(0x0000002f07800000,0x0000002f07900000)]
  0x000001e6a6f3f350 JavaThread "Attach Listener" daemon [_thread_blocked, id=27452, stack(0x0000002f07900000,0x0000002f07a00000)]
  0x000001e6a78206a0 JavaThread "Service Thread" daemon [_thread_blocked, id=10920, stack(0x0000002f07a00000,0x0000002f07b00000)]
  0x000001e6a7821870 JavaThread "Monitor Deflation Thread" daemon [_thread_blocked, id=17228, stack(0x0000002f07b00000,0x0000002f07c00000)]
=>0x000001e6a6f419f0 JavaThread "C2 CompilerThread0" daemon [_thread_in_native, id=39876, stack(0x0000002f07c00000,0x0000002f07d00000)]
  0x000001e6a6f42f50 JavaThread "C1 CompilerThread0" daemon [_thread_blocked, id=37232, stack(0x0000002f07d00000,0x0000002f07e00000)]
  0x000001e6a6f46870 JavaThread "Sweeper thread" daemon [_thread_blocked, id=23476, stack(0x0000002f07e00000,0x0000002f07f00000)]
  0x000001e6a6f0f540 JavaThread "Common-Cleaner" daemon [_thread_blocked, id=38156, stack(0x0000002f07f00000,0x0000002f08000000)]
  0x000001e6a7a9f830 JavaThread "Monitor Ctrl-Break" daemon [_thread_in_native, id=35604, stack(0x0000002f08100000,0x0000002f08200000)]
  0x000001e6a7a9fd00 JavaThread "Notification Thread" daemon [_thread_blocked, id=14672, stack(0x0000002f08200000,0x0000002f08300000)]
  0x000001e6a818e030 JavaThread "Thread-0" [_thread_blocked, id=37840, stack(0x0000002f08000000,0x0000002f08100000)]
  0x000001e6a811ba40 JavaThread "restartedMain" [_thread_in_Java, id=11908, stack(0x0000002f08400000,0x0000002f08500000)]
  0x000001e6a8562570 JavaThread "C2 CompilerThread1" daemon [_thread_blocked, id=39108, stack(0x0000002f08a00000,0x0000002f08b00000)]

Other Threads:
  0x000001e6a6f26370 VMThread "VM Thread" [stack: 0x0000002f07500000,0x0000002f07600000] [id=31872]
  0x000001e6843e1ba0 WatcherThread [stack: 0x0000002f08300000,0x0000002f08400000] [id=33704]
  0x000001e6822de630 GCTaskThread "GC Thread#0" [stack: 0x0000002f07000000,0x0000002f07100000] [id=38088]
  0x000001e6a8191b70 GCTaskThread "GC Thread#1" [stack: 0x0000002f08500000,0x0000002f08600000] [id=36372]
  0x000001e6a815f9c0 GCTaskThread "GC Thread#2" [stack: 0x0000002f08600000,0x0000002f08700000] [id=31792]
  0x000001e6a8152580 GCTaskThread "GC Thread#3" [stack: 0x0000002f08700000,0x0000002f08800000] [id=18116]
  0x000001e6a8152830 GCTaskThread "GC Thread#4" [stack: 0x0000002f08800000,0x0000002f08900000] [id=40148]
  0x000001e6a8155370 GCTaskThread "GC Thread#5" [stack: 0x0000002f08900000,0x0000002f08a00000] [id=39648]
  0x000001e6843c84e0 ConcurrentGCThread "G1 Main Marker" [stack: 0x0000002f07100000,0x0000002f07200000] [id=20052]
  0x000001e6843ca5b0 ConcurrentGCThread "G1 Conc#0" [stack: 0x0000002f07200000,0x0000002f07300000] [id=32368]
  0x000001e6a6de30e0 ConcurrentGCThread "G1 Refine#0" [stack: 0x0000002f07300000,0x0000002f07400000] [id=33060]
  0x000001e6a6de3a00 ConcurrentGCThread "G1 Service" [stack: 0x0000002f07400000,0x0000002f07500000] [id=18132]

Threads with active compile tasks:
C2 CompilerThread0     1399 1286       4       jdk.internal.org.objectweb.asm.SymbolTable::addConstantUtf8 (98 bytes)

VM state: not at safepoint (normal execution)

VM Mutex/Monitor currently owned by a thread: None

Heap address: 0x000000070a000000, size: 3936 MB, Compressed Oops mode: Zero based, Oop shift amount: 3

CDS archive(s) mapped at: [0x0000000800000000-0x0000000800bc0000-0x0000000800bc0000), size 12320768, SharedBaseAddress: 0x0000000800000000, ArchiveRelocationMode: 0.
Compressed class space mapped at: 0x0000000800c00000-0x0000000840c00000, reserved size: 1073741824
Narrow klass base: 0x0000000800000000, Narrow klass shift: 0, Narrow klass range: 0x100000000

GC Precious Log:
 CPUs: 12 total, 12 available
 Memory: 15741M
 Large Page Support: Disabled
 NUMA Support: Disabled
 Compressed Oops: Enabled (Zero based)
 Heap Region Size: 2M
 Heap Min Capacity: 8M
 Heap Initial Capacity: 246M
 Heap Max Capacity: 3936M
 Pre-touch: Disabled
 Parallel Workers: 10
 Concurrent Workers: 3
 Concurrent Refinement Workers: 10
 Periodic GC: Disabled

Heap:
 garbage-first heap   total 251904K, used 14325K [0x000000070a000000, 0x0000000800000000)
  region size 2048K, 8 young (16384K), 2 survivors (4096K)
 Metaspace       used 7712K, committed 8000K, reserved 1056768K
  class space    used 938K, committed 1088K, reserved 1048576K

Heap Regions: E=young(eden), S=young(survivor), O=old, HS=humongous(starts), HC=humongous(continues), CS=collection set, F=free, OA=open archive, CA=closed archive, TAMS=top-at-mark-start (previous, next)
|   0|0x000000070a000000, 0x000000070a000000, 0x000000070a200000|  0%| F|  |TAMS 0x000000070a000000, 0x000000070a000000| Untracked 
|   1|0x000000070a200000, 0x000000070a200000, 0x000000070a400000|  0%| F|  |TAMS 0x000000070a200000, 0x000000070a200000| Untracked 
|   2|0x000000070a400000, 0x000000070a400000, 0x000000070a600000|  0%| F|  |TAMS 0x000000070a400000, 0x000000070a400000| Untracked 
|   3|0x000000070a600000, 0x000000070a600000, 0x000000070a800000|  0%| F|  |TAMS 0x000000070a600000, 0x000000070a600000| Untracked 
|   4|0x000000070a800000, 0x000000070a800000, 0x000000070aa00000|  0%| F|  |TAMS 0x000000070a800000, 0x000000070a800000| Untracked 
|   5|0x000000070aa00000, 0x000000070aa00000, 0x000000070ac00000|  0%| F|  |TAMS 0x000000070aa00000, 0x000000070aa00000| Untracked 
|   6|0x000000070ac00000, 0x000000070ac00000, 0x000000070ae00000|  0%| F|  |TAMS 0x000000070ac00000, 0x000000070ac00000| Untracked 
|   7|0x000000070ae00000, 0x000000070ae00000, 0x000000070b000000|  0%| F|  |TAMS 0x000000070ae00000, 0x000000070ae00000| Untracked 
|   8|0x000000070b000000, 0x000000070b000000, 0x000000070b200000|  0%| F|  |TAMS 0x000000070b000000, 0x000000070b000000| Untracked 
|   9|0x000000070b200000, 0x000000070b200000, 0x000000070b400000|  0%| F|  |TAMS 0x000000070b200000, 0x000000070b200000| Untracked 
|  10|0x000000070b400000, 0x000000070b400000, 0x000000070b600000|  0%| F|  |TAMS 0x000000070b400000, 0x000000070b400000| Untracked 
|  11|0x000000070b600000, 0x000000070b600000, 0x000000070b800000|  0%| F|  |TAMS 0x000000070b600000, 0x000000070b600000| Untracked 
|  12|0x000000070b800000, 0x000000070b800000, 0x000000070ba00000|  0%| F|  |TAMS 0x000000070b800000, 0x000000070b800000| Untracked 
|  13|0x000000070ba00000, 0x000000070ba00000, 0x000000070bc00000|  0%| F|  |TAMS 0x000000070ba00000, 0x000000070ba00000| Untracked 
|  14|0x000000070bc00000, 0x000000070bc00000, 0x000000070be00000|  0%| F|  |TAMS 0x000000070bc00000, 0x000000070bc00000| Untracked 
|  15|0x000000070be00000, 0x000000070be00000, 0x000000070c000000|  0%| F|  |TAMS 0x000000070be00000, 0x000000070be00000| Untracked 
|  16|0x000000070c000000, 0x000000070c000000, 0x000000070c200000|  0%| F|  |TAMS 0x000000070c000000, 0x000000070c000000| Untracked 
|  17|0x000000070c200000, 0x000000070c200000, 0x000000070c400000|  0%| F|  |TAMS 0x000000070c200000, 0x000000070c200000| Untracked 
|  18|0x000000070c400000, 0x000000070c400000, 0x000000070c600000|  0%| F|  |TAMS 0x000000070c400000, 0x000000070c400000| Untracked 
|  19|0x000000070c600000, 0x000000070c600000, 0x000000070c800000|  0%| F|  |TAMS 0x000000070c600000, 0x000000070c600000| Untracked 
|  20|0x000000070c800000, 0x000000070c800000, 0x000000070ca00000|  0%| F|  |TAMS 0x000000070c800000, 0x000000070c800000| Untracked 
|  21|0x000000070ca00000, 0x000000070ca00000, 0x000000070cc00000|  0%| F|  |TAMS 0x000000070ca00000, 0x000000070ca00000| Untracked 
|  22|0x000000070cc00000, 0x000000070cc00000, 0x000000070ce00000|  0%| F|  |TAMS 0x000000070cc00000, 0x000000070cc00000| Untracked 
|  23|0x000000070ce00000, 0x000000070ce00000, 0x000000070d000000|  0%| F|  |TAMS 0x000000070ce00000, 0x000000070ce00000| Untracked 
|  24|0x000000070d000000, 0x000000070d000000, 0x000000070d200000|  0%| F|  |TAMS 0x000000070d000000, 0x000000070d000000| Untracked 
|  25|0x000000070d200000, 0x000000070d200000, 0x000000070d400000|  0%| F|  |TAMS 0x000000070d200000, 0x000000070d200000| Untracked 
|  26|0x000000070d400000, 0x000000070d400000, 0x000000070d600000|  0%| F|  |TAMS 0x000000070d400000, 0x000000070d400000| Untracked 
|  27|0x000000070d600000, 0x000000070d600000, 0x000000070d800000|  0%| F|  |TAMS 0x000000070d600000, 0x000000070d600000| Untracked 
|  28|0x000000070d800000, 0x000000070d800000, 0x000000070da00000|  0%| F|  |TAMS 0x000000070d800000, 0x000000070d800000| Untracked 
|  29|0x000000070da00000, 0x000000070da00000, 0x000000070dc00000|  0%| F|  |TAMS 0x000000070da00000, 0x000000070da00000| Untracked 
|  30|0x000000070dc00000, 0x000000070dc00000, 0x000000070de00000|  0%| F|  |TAMS 0x000000070dc00000, 0x000000070dc00000| Untracked 
|  31|0x000000070de00000, 0x000000070de00000, 0x000000070e000000|  0%| F|  |TAMS 0x000000070de00000, 0x000000070de00000| Untracked 
|  32|0x000000070e000000, 0x000000070e000000, 0x000000070e200000|  0%| F|  |TAMS 0x000000070e000000, 0x000000070e000000| Untracked 
|  33|0x000000070e200000, 0x000000070e200000, 0x000000070e400000|  0%| F|  |TAMS 0x000000070e200000, 0x000000070e200000| Untracked 
|  34|0x000000070e400000, 0x000000070e400000, 0x000000070e600000|  0%| F|  |TAMS 0x000000070e400000, 0x000000070e400000| Untracked 
|  35|0x000000070e600000, 0x000000070e600000, 0x000000070e800000|  0%| F|  |TAMS 0x000000070e600000, 0x000000070e600000| Untracked 
|  36|0x000000070e800000, 0x000000070e800000, 0x000000070ea00000|  0%| F|  |TAMS 0x000000070e800000, 0x000000070e800000| Untracked 
|  37|0x000000070ea00000, 0x000000070ea00000, 0x000000070ec00000|  0%| F|  |TAMS 0x000000070ea00000, 0x000000070ea00000| Untracked 
|  38|0x000000070ec00000, 0x000000070ec00000, 0x000000070ee00000|  0%| F|  |TAMS 0x000000070ec00000, 0x000000070ec00000| Untracked 
|  39|0x000000070ee00000, 0x000000070ee00000, 0x000000070f000000|  0%| F|  |TAMS 0x000000070ee00000, 0x000000070ee00000| Untracked 
|  40|0x000000070f000000, 0x000000070f000000, 0x000000070f200000|  0%| F|  |TAMS 0x000000070f000000, 0x000000070f000000| Untracked 
|  41|0x000000070f200000, 0x000000070f200000, 0x000000070f400000|  0%| F|  |TAMS 0x000000070f200000, 0x000000070f200000| Untracked 
|  42|0x000000070f400000, 0x000000070f400000, 0x000000070f600000|  0%| F|  |TAMS 0x000000070f400000, 0x000000070f400000| Untracked 
|  43|0x000000070f600000, 0x000000070f600000, 0x000000070f800000|  0%| F|  |TAMS 0x000000070f600000, 0x000000070f600000| Untracked 
|  44|0x000000070f800000, 0x000000070f800000, 0x000000070fa00000|  0%| F|  |TAMS 0x000000070f800000, 0x000000070f800000| Untracked 
|  45|0x000000070fa00000, 0x000000070fa00000, 0x000000070fc00000|  0%| F|  |TAMS 0x000000070fa00000, 0x000000070fa00000| Untracked 
|  46|0x000000070fc00000, 0x000000070fc00000, 0x000000070fe00000|  0%| F|  |TAMS 0x000000070fc00000, 0x000000070fc00000| Untracked 
|  47|0x000000070fe00000, 0x000000070fe00000, 0x0000000710000000|  0%| F|  |TAMS 0x000000070fe00000, 0x000000070fe00000| Untracked 
|  48|0x0000000710000000, 0x0000000710000000, 0x0000000710200000|  0%| F|  |TAMS 0x0000000710000000, 0x0000000710000000| Untracked 
|  49|0x0000000710200000, 0x0000000710200000, 0x0000000710400000|  0%| F|  |TAMS 0x0000000710200000, 0x0000000710200000| Untracked 
|  50|0x0000000710400000, 0x0000000710400000, 0x0000000710600000|  0%| F|  |TAMS 0x0000000710400000, 0x0000000710400000| Untracked 
|  51|0x0000000710600000, 0x0000000710600000, 0x0000000710800000|  0%| F|  |TAMS 0x0000000710600000, 0x0000000710600000| Untracked 
|  52|0x0000000710800000, 0x0000000710800000, 0x0000000710a00000|  0%| F|  |TAMS 0x0000000710800000, 0x0000000710800000| Untracked 
|  53|0x0000000710a00000, 0x0000000710a00000, 0x0000000710c00000|  0%| F|  |TAMS 0x0000000710a00000, 0x0000000710a00000| Untracked 
|  54|0x0000000710c00000, 0x0000000710c00000, 0x0000000710e00000|  0%| F|  |TAMS 0x0000000710c00000, 0x0000000710c00000| Untracked 
|  55|0x0000000710e00000, 0x0000000710e00000, 0x0000000711000000|  0%| F|  |TAMS 0x0000000710e00000, 0x0000000710e00000| Untracked 
|  56|0x0000000711000000, 0x0000000711000000, 0x0000000711200000|  0%| F|  |TAMS 0x0000000711000000, 0x0000000711000000| Untracked 
|  57|0x0000000711200000, 0x0000000711200000, 0x0000000711400000|  0%| F|  |TAMS 0x0000000711200000, 0x0000000711200000| Untracked 
|  58|0x0000000711400000, 0x0000000711400000, 0x0000000711600000|  0%| F|  |TAMS 0x0000000711400000, 0x0000000711400000| Untracked 
|  59|0x0000000711600000, 0x0000000711600000, 0x0000000711800000|  0%| F|  |TAMS 0x0000000711600000, 0x0000000711600000| Untracked 
|  60|0x0000000711800000, 0x0000000711800000, 0x0000000711a00000|  0%| F|  |TAMS 0x0000000711800000, 0x0000000711800000| Untracked 
|  61|0x0000000711a00000, 0x0000000711a00000, 0x0000000711c00000|  0%| F|  |TAMS 0x0000000711a00000, 0x0000000711a00000| Untracked 
|  62|0x0000000711c00000, 0x0000000711c00000, 0x0000000711e00000|  0%| F|  |TAMS 0x0000000711c00000, 0x0000000711c00000| Untracked 
|  63|0x0000000711e00000, 0x0000000711e00000, 0x0000000712000000|  0%| F|  |TAMS 0x0000000711e00000, 0x0000000711e00000| Untracked 
|  64|0x0000000712000000, 0x0000000712000000, 0x0000000712200000|  0%| F|  |TAMS 0x0000000712000000, 0x0000000712000000| Untracked 
|  65|0x0000000712200000, 0x0000000712200000, 0x0000000712400000|  0%| F|  |TAMS 0x0000000712200000, 0x0000000712200000| Untracked 
|  66|0x0000000712400000, 0x0000000712400000, 0x0000000712600000|  0%| F|  |TAMS 0x0000000712400000, 0x0000000712400000| Untracked 
|  67|0x0000000712600000, 0x0000000712600000, 0x0000000712800000|  0%| F|  |TAMS 0x0000000712600000, 0x0000000712600000| Untracked 
|  68|0x0000000712800000, 0x0000000712800000, 0x0000000712a00000|  0%| F|  |TAMS 0x0000000712800000, 0x0000000712800000| Untracked 
|  69|0x0000000712a00000, 0x0000000712a00000, 0x0000000712c00000|  0%| F|  |TAMS 0x0000000712a00000, 0x0000000712a00000| Untracked 
|  70|0x0000000712c00000, 0x0000000712c00000, 0x0000000712e00000|  0%| F|  |TAMS 0x0000000712c00000, 0x0000000712c00000| Untracked 
|  71|0x0000000712e00000, 0x0000000712e00000, 0x0000000713000000|  0%| F|  |TAMS 0x0000000712e00000, 0x0000000712e00000| Untracked 
|  72|0x0000000713000000, 0x0000000713000000, 0x0000000713200000|  0%| F|  |TAMS 0x0000000713000000, 0x0000000713000000| Untracked 
|  73|0x0000000713200000, 0x0000000713200000, 0x0000000713400000|  0%| F|  |TAMS 0x0000000713200000, 0x0000000713200000| Untracked 
|  74|0x0000000713400000, 0x0000000713400000, 0x0000000713600000|  0%| F|  |TAMS 0x0000000713400000, 0x0000000713400000| Untracked 
|  75|0x0000000713600000, 0x0000000713600000, 0x0000000713800000|  0%| F|  |TAMS 0x0000000713600000, 0x0000000713600000| Untracked 
|  76|0x0000000713800000, 0x0000000713800000, 0x0000000713a00000|  0%| F|  |TAMS 0x0000000713800000, 0x0000000713800000| Untracked 
|  77|0x0000000713a00000, 0x0000000713a00000, 0x0000000713c00000|  0%| F|  |TAMS 0x0000000713a00000, 0x0000000713a00000| Untracked 
|  78|0x0000000713c00000, 0x0000000713c00000, 0x0000000713e00000|  0%| F|  |TAMS 0x0000000713c00000, 0x0000000713c00000| Untracked 
|  79|0x0000000713e00000, 0x0000000713e00000, 0x0000000714000000|  0%| F|  |TAMS 0x0000000713e00000, 0x0000000713e00000| Untracked 
|  80|0x0000000714000000, 0x0000000714000000, 0x0000000714200000|  0%| F|  |TAMS 0x0000000714000000, 0x0000000714000000| Untracked 
|  81|0x0000000714200000, 0x0000000714200000, 0x0000000714400000|  0%| F|  |TAMS 0x0000000714200000, 0x0000000714200000| Untracked 
|  82|0x0000000714400000, 0x0000000714400000, 0x0000000714600000|  0%| F|  |TAMS 0x0000000714400000, 0x0000000714400000| Untracked 
|  83|0x0000000714600000, 0x0000000714600000, 0x0000000714800000|  0%| F|  |TAMS 0x0000000714600000, 0x0000000714600000| Untracked 
|  84|0x0000000714800000, 0x0000000714800000, 0x0000000714a00000|  0%| F|  |TAMS 0x0000000714800000, 0x0000000714800000| Untracked 
|  85|0x0000000714a00000, 0x0000000714a00000, 0x0000000714c00000|  0%| F|  |TAMS 0x0000000714a00000, 0x0000000714a00000| Untracked 
|  86|0x0000000714c00000, 0x0000000714c00000, 0x0000000714e00000|  0%| F|  |TAMS 0x0000000714c00000, 0x0000000714c00000| Untracked 
|  87|0x0000000714e00000, 0x0000000714e00000, 0x0000000715000000|  0%| F|  |TAMS 0x0000000714e00000, 0x0000000714e00000| Untracked 
|  88|0x0000000715000000, 0x0000000715000000, 0x0000000715200000|  0%| F|  |TAMS 0x0000000715000000, 0x0000000715000000| Untracked 
|  89|0x0000000715200000, 0x0000000715200000, 0x0000000715400000|  0%| F|  |TAMS 0x0000000715200000, 0x0000000715200000| Untracked 
|  90|0x0000000715400000, 0x0000000715400000, 0x0000000715600000|  0%| F|  |TAMS 0x0000000715400000, 0x0000000715400000| Untracked 
|  91|0x0000000715600000, 0x0000000715600000, 0x0000000715800000|  0%| F|  |TAMS 0x0000000715600000, 0x0000000715600000| Untracked 
|  92|0x0000000715800000, 0x0000000715800000, 0x0000000715a00000|  0%| F|  |TAMS 0x0000000715800000, 0x0000000715800000| Untracked 
|  93|0x0000000715a00000, 0x0000000715a00000, 0x0000000715c00000|  0%| F|  |TAMS 0x0000000715a00000, 0x0000000715a00000| Untracked 
|  94|0x0000000715c00000, 0x0000000715c00000, 0x0000000715e00000|  0%| F|  |TAMS 0x0000000715c00000, 0x0000000715c00000| Untracked 
|  95|0x0000000715e00000, 0x0000000715e00000, 0x0000000716000000|  0%| F|  |TAMS 0x0000000715e00000, 0x0000000715e00000| Untracked 
|  96|0x0000000716000000, 0x0000000716000000, 0x0000000716200000|  0%| F|  |TAMS 0x0000000716000000, 0x0000000716000000| Untracked 
|  97|0x0000000716200000, 0x0000000716200000, 0x0000000716400000|  0%| F|  |TAMS 0x0000000716200000, 0x0000000716200000| Untracked 
|  98|0x0000000716400000, 0x0000000716400000, 0x0000000716600000|  0%| F|  |TAMS 0x0000000716400000, 0x0000000716400000| Untracked 
|  99|0x0000000716600000, 0x0000000716600000, 0x0000000716800000|  0%| F|  |TAMS 0x0000000716600000, 0x0000000716600000| Untracked 
| 100|0x0000000716800000, 0x0000000716800000, 0x0000000716a00000|  0%| F|  |TAMS 0x0000000716800000, 0x0000000716800000| Untracked 
| 101|0x0000000716a00000, 0x0000000716a00000, 0x0000000716c00000|  0%| F|  |TAMS 0x0000000716a00000, 0x0000000716a00000| Untracked 
| 102|0x0000000716c00000, 0x0000000716c00000, 0x0000000716e00000|  0%| F|  |TAMS 0x0000000716c00000, 0x0000000716c00000| Untracked 
| 103|0x0000000716e00000, 0x0000000716e00000, 0x0000000717000000|  0%| F|  |TAMS 0x0000000716e00000, 0x0000000716e00000| Untracked 
| 104|0x0000000717000000, 0x0000000717000000, 0x0000000717200000|  0%| F|  |TAMS 0x0000000717000000, 0x0000000717000000| Untracked 
| 105|0x0000000717200000, 0x0000000717200000, 0x0000000717400000|  0%| F|  |TAMS 0x0000000717200000, 0x0000000717200000| Untracked 
| 106|0x0000000717400000, 0x0000000717400000, 0x0000000717600000|  0%| F|  |TAMS 0x0000000717400000, 0x0000000717400000| Untracked 
| 107|0x0000000717600000, 0x0000000717600000, 0x0000000717800000|  0%| F|  |TAMS 0x0000000717600000, 0x0000000717600000| Untracked 
| 108|0x0000000717800000, 0x0000000717800000, 0x0000000717a00000|  0%| F|  |TAMS 0x0000000717800000, 0x0000000717800000| Untracked 
| 109|0x0000000717a00000, 0x0000000717a00000, 0x0000000717c00000|  0%| F|  |TAMS 0x0000000717a00000, 0x0000000717a00000| Untracked 
| 110|0x0000000717c00000, 0x0000000717dfd760, 0x0000000717e00000| 99%| S|CS|TAMS 0x0000000717c00000, 0x0000000717c00000| Complete 
| 111|0x0000000717e00000, 0x0000000718000000, 0x0000000718000000|100%| S|CS|TAMS 0x0000000717e00000, 0x0000000717e00000| Complete 
| 112|0x0000000718000000, 0x0000000718000000, 0x0000000718200000|  0%| F|  |TAMS 0x0000000718000000, 0x0000000718000000| Untracked 
| 113|0x0000000718200000, 0x0000000718200000, 0x0000000718400000|  0%| F|  |TAMS 0x0000000718200000, 0x0000000718200000| Untracked 
| 114|0x0000000718400000, 0x0000000718400000, 0x0000000718600000|  0%| F|  |TAMS 0x0000000718400000, 0x0000000718400000| Untracked 
| 115|0x0000000718600000, 0x0000000718600000, 0x0000000718800000|  0%| F|  |TAMS 0x0000000718600000, 0x0000000718600000| Untracked 
| 116|0x0000000718800000, 0x0000000718800000, 0x0000000718a00000|  0%| F|  |TAMS 0x0000000718800000, 0x0000000718800000| Untracked 
| 117|0x0000000718a00000, 0x0000000718bb04c0, 0x0000000718c00000| 84%| E|  |TAMS 0x0000000718a00000, 0x0000000718a00000| Complete 
| 118|0x0000000718c00000, 0x0000000718e00000, 0x0000000718e00000|100%| E|CS|TAMS 0x0000000718c00000, 0x0000000718c00000| Complete 
| 119|0x0000000718e00000, 0x0000000719000000, 0x0000000719000000|100%| E|CS|TAMS 0x0000000718e00000, 0x0000000718e00000| Complete 
| 120|0x0000000719000000, 0x0000000719200000, 0x0000000719200000|100%| E|CS|TAMS 0x0000000719000000, 0x0000000719000000| Complete 
| 121|0x0000000719200000, 0x0000000719400000, 0x0000000719400000|100%| E|CS|TAMS 0x0000000719200000, 0x0000000719200000| Complete 
| 122|0x0000000719400000, 0x0000000719600000, 0x0000000719600000|100%| E|CS|TAMS 0x0000000719400000, 0x0000000719400000| Complete 

Card table byte_map: [0x000001e69b860000,0x000001e69c010000] _byte_map_base: 0x000001e698010000

Marking Bits (Prev, Next): (CMBitMap*) 0x000001e6843b7fe0, (CMBitMap*) 0x000001e6843b8020
 Prev Bits: [0x000001e69c7c0000, 0x000001e6a0540000)
 Next Bits: [0x000001e6a0540000, 0x000001e6a42c0000)

Polling page: 0x000001e682300000

Metaspace:

Usage:
  Non-class:      6.67 MB used.
      Class:    944.89 KB used.
       Both:      7.60 MB used.

Virtual space:
  Non-class space:        8.00 MB reserved,       6.75 MB ( 84%) committed,  1 nodes.
      Class space:        1.00 GB reserved,       1.06 MB ( <1%) committed,  1 nodes.
             Both:        1.01 GB reserved,       7.81 MB ( <1%) committed. 

Chunk freelists:
   Non-Class:  512.00 KB
       Class:  2.87 MB
        Both:  3.37 MB

MaxMetaspaceSize: unlimited
CompressedClassSpaceSize: 1.00 GB
Initial GC threshold: 21.00 MB
Current GC threshold: 21.00 MB
CDS: on
MetaspaceReclaimPolicy: balanced
 - commit_granule_bytes: 65536.
 - commit_granule_words: 8192.
 - virtual_space_node_default_size: 1048576.
 - enlarge_chunks_in_place: 1.
 - new_chunks_are_fully_committed: 0.
 - uncommit_free_chunks: 1.
 - use_allocation_guard: 0.
 - handle_deallocations: 1.


Internal statistics:

num_allocs_failed_limit: 0.
num_arena_births: 164.
num_arena_deaths: 0.
num_vsnodes_births: 2.
num_vsnodes_deaths: 0.
num_space_committed: 125.
num_space_uncommitted: 0.
num_chunks_returned_to_freelist: 0.
num_chunks_taken_from_freelist: 377.
num_chunk_merges: 0.
num_chunk_splits: 239.
num_chunks_enlarged: 177.
num_purges: 0.
num_inconsistent_stats: 0.

CodeHeap 'non-profiled nmethods': size=120000Kb used=476Kb max_used=476Kb free=119523Kb
 bounds [0x000001e693630000, 0x000001e6938a0000, 0x000001e69ab60000]
CodeHeap 'profiled nmethods': size=120000Kb used=2476Kb max_used=2476Kb free=117523Kb
 bounds [0x000001e68c100000, 0x000001e68c370000, 0x000001e693630000]
CodeHeap 'non-nmethods': size=5760Kb used=1156Kb max_used=1186Kb free=4603Kb
 bounds [0x000001e68bb60000, 0x000001e68bdd0000, 0x000001e68c100000]
 total_blobs=1839 nmethods=1394 adapters=357
 compilation: enabled
              stopped_count=0, restarted_count=0
 full_count=0

Compilation events (20 events):
Event: 1.321 Thread 0x000001e6a6f42f50 1287   !   3       java.lang.invoke.MemberName::getFieldType (176 bytes)
Event: 1.322 Thread 0x000001e6a6f42f50 nmethod 1287 0x000001e68c339290 code [0x000001e68c3395c0, 0x000001e68c33ab78]
Event: 1.322 Thread 0x000001e6a6f42f50 1289       3       jdk.internal.org.objectweb.asm.Type::getTypeInternal (199 bytes)
Event: 1.323 Thread 0x000001e6a6f42f50 nmethod 1289 0x000001e68c33b210 code [0x000001e68c33b4c0, 0x000001e68c33c3c8]
Event: 1.324 Thread 0x000001e6a6f42f50 1290       3       java.lang.invoke.ConstantCallSite::getTarget (20 bytes)
Event: 1.325 Thread 0x000001e6a6f42f50 nmethod 1290 0x000001e68c33c810 code [0x000001e68c33c9c0, 0x000001e68c33cbe8]
Event: 1.325 Thread 0x000001e6a6f42f50 1292       3       java.net.URI$Parser::checkChars (44 bytes)
Event: 1.326 Thread 0x000001e6a6f42f50 nmethod 1292 0x000001e68c33cd10 code [0x000001e68c33cf40, 0x000001e68c33d588]
Event: 1.328 Thread 0x000001e6a6f42f50 1294       3       java.net.URI$Parser::scan (41 bytes)
Event: 1.329 Thread 0x000001e6a6f42f50 nmethod 1294 0x000001e68c33d810 code [0x000001e68c33da60, 0x000001e68c33e398]
Event: 1.329 Thread 0x000001e6a6f42f50 1295       3       java.lang.Character::isLetterOrDigit (5 bytes)
Event: 1.329 Thread 0x000001e6a6f42f50 nmethod 1295 0x000001e68c33e790 code [0x000001e68c33e960, 0x000001e68c33ec78]
Event: 1.329 Thread 0x000001e6a6f42f50 1296       3       java.lang.Character::isLetterOrDigit (19 bytes)
Event: 1.329 Thread 0x000001e6a6f42f50 nmethod 1296 0x000001e68c33ed90 code [0x000001e68c33ef40, 0x000001e68c33f1f8]
Event: 1.329 Thread 0x000001e6a6f42f50 1297       3       java.lang.String::substring (10 bytes)
Event: 1.330 Thread 0x000001e6a6f42f50 nmethod 1297 0x000001e68c33f310 code [0x000001e68c33f4c0, 0x000001e68c33f708]
Event: 1.332 Thread 0x000001e6a6f42f50 1298       3       org.springframework.util.StringUtils::deleteAny (90 bytes)
Event: 1.334 Thread 0x000001e6a6f42f50 nmethod 1298 0x000001e68c33f810 code [0x000001e68c33fb00, 0x000001e68c340d48]
Event: 1.334 Thread 0x000001e6a6f42f50 1299       3       java.util.ArrayDeque$DeqIterator::hasNext (13 bytes)
Event: 1.334 Thread 0x000001e6a6f42f50 nmethod 1299 0x000001e68c341410 code [0x000001e68c3415a0, 0x000001e68c341718]

GC Heap History (2 events):
Event: 0.937 GC heap before
{Heap before GC invocations=0 (full 0):
 garbage-first heap   total 251904K, used 20480K [0x000000070a000000, 0x0000000800000000)
  region size 2048K, 11 young (22528K), 0 survivors (0K)
 Metaspace       used 4988K, committed 5184K, reserved 1056768K
  class space    used 567K, committed 704K, reserved 1048576K
}
Event: 0.941 GC heap after
{Heap after GC invocations=1 (full 0):
 garbage-first heap   total 251904K, used 4085K [0x000000070a000000, 0x0000000800000000)
  region size 2048K, 2 young (4096K), 2 survivors (4096K)
 Metaspace       used 4988K, committed 5184K, reserved 1056768K
  class space    used 567K, committed 704K, reserved 1048576K
}

Deoptimization events (20 events):
Event: 1.185 Thread 0x000001e6a811ba40 Uncommon trap: trap_request=0xffffffde fr.pc=0x000001e693696b2c relative=0x000000000000010c
Event: 1.185 Thread 0x000001e6a811ba40 Uncommon trap: reason=class_check action=maybe_recompile pc=0x000001e693696b2c method=jdk.internal.misc.Unsafe.allocateUninitializedArray(Ljava/lang/Class;I)Ljava/lang/Object; @ 51 c2
Event: 1.185 Thread 0x000001e6a811ba40 DEOPT PACKING pc=0x000001e693696b2c sp=0x0000002f084fc310
Event: 1.185 Thread 0x000001e6a811ba40 DEOPT UNPACKING pc=0x000001e68bbb23a3 sp=0x0000002f084fc298 mode 2
Event: 1.185 Thread 0x000001e6a811ba40 Uncommon trap: trap_request=0xffffffde fr.pc=0x000001e693696b2c relative=0x000000000000010c
Event: 1.185 Thread 0x000001e6a811ba40 Uncommon trap: reason=class_check action=maybe_recompile pc=0x000001e693696b2c method=jdk.internal.misc.Unsafe.allocateUninitializedArray(Ljava/lang/Class;I)Ljava/lang/Object; @ 51 c2
Event: 1.185 Thread 0x000001e6a811ba40 DEOPT PACKING pc=0x000001e693696b2c sp=0x0000002f084fc3c0
Event: 1.185 Thread 0x000001e6a811ba40 DEOPT UNPACKING pc=0x000001e68bbb23a3 sp=0x0000002f084fc348 mode 2
Event: 1.186 Thread 0x000001e6a811ba40 Uncommon trap: trap_request=0xffffffde fr.pc=0x000001e693696b2c relative=0x000000000000010c
Event: 1.186 Thread 0x000001e6a811ba40 Uncommon trap: reason=class_check action=maybe_recompile pc=0x000001e693696b2c method=jdk.internal.misc.Unsafe.allocateUninitializedArray(Ljava/lang/Class;I)Ljava/lang/Object; @ 51 c2
Event: 1.186 Thread 0x000001e6a811ba40 DEOPT PACKING pc=0x000001e693696b2c sp=0x0000002f084fce20
Event: 1.186 Thread 0x000001e6a811ba40 DEOPT UNPACKING pc=0x000001e68bbb23a3 sp=0x0000002f084fcda8 mode 2
Event: 1.332 Thread 0x000001e6a811ba40 Uncommon trap: trap_request=0xffffffde fr.pc=0x000001e69368b87c relative=0x00000000000007fc
Event: 1.332 Thread 0x000001e6a811ba40 Uncommon trap: reason=class_check action=maybe_recompile pc=0x000001e69368b87c method=java.util.HashMap.putVal(ILjava/lang/Object;Ljava/lang/Object;ZZ)Ljava/lang/Object; @ 91 c2
Event: 1.332 Thread 0x000001e6a811ba40 DEOPT PACKING pc=0x000001e69368b87c sp=0x0000002f084fdb30
Event: 1.332 Thread 0x000001e6a811ba40 DEOPT UNPACKING pc=0x000001e68bbb23a3 sp=0x0000002f084fda40 mode 2
Event: 1.333 Thread 0x000001e6a811ba40 Uncommon trap: trap_request=0xffffffde fr.pc=0x000001e69368b87c relative=0x00000000000007fc
Event: 1.333 Thread 0x000001e6a811ba40 Uncommon trap: reason=class_check action=maybe_recompile pc=0x000001e69368b87c method=java.util.HashMap.putVal(ILjava/lang/Object;Ljava/lang/Object;ZZ)Ljava/lang/Object; @ 91 c2
Event: 1.333 Thread 0x000001e6a811ba40 DEOPT PACKING pc=0x000001e69368b87c sp=0x0000002f084fdb30
Event: 1.333 Thread 0x000001e6a811ba40 DEOPT UNPACKING pc=0x000001e68bbb23a3 sp=0x0000002f084fda40 mode 2

Classes unloaded (0 events):
No events

Classes redefined (0 events):
No events

Internal exceptions (20 events):
Event: 0.664 Thread 0x000001e68436ea20 Exception <a 'java/lang/NoSuchMethodError'{0x00000007189588f0}: 'void java.lang.invoke.DirectMethodHandle$Holder.invokeInterface(java.lang.Object, java.lang.Object, java.lang.Object, java.lang.Object)'> (0x00000007189588f0) 
thrown [t:\workspace\open\src\hotspot\share\interpreter\linkResolver.cpp, line 766]
Event: 0.769 Thread 0x000001e68436ea20 Exception <a 'java/lang/NoSuchMethodError'{0x000000071875b7e8}: 'java.lang.Object java.lang.invoke.DirectMethodHandle$Holder.invokeInterface(java.lang.Object, java.lang.Object)'> (0x000000071875b7e8) 
thrown [t:\workspace\open\src\hotspot\share\interpreter\linkResolver.cpp, line 766]
Event: 0.779 Thread 0x000001e68436ea20 Exception <a 'java/lang/NoSuchMethodError'{0x0000000718794d78}: 'void java.lang.invoke.DirectMethodHandle$Holder.invokeStatic(java.lang.Object, java.lang.Object, java.lang.Object)'> (0x0000000718794d78) 
thrown [t:\workspace\open\src\hotspot\share\interpreter\linkResolver.cpp, line 766]
Event: 0.783 Thread 0x000001e68436ea20 Exception <a 'java/lang/NoSuchMethodError'{0x00000007187aa2c8}: 'java.lang.Object java.lang.invoke.DirectMethodHandle$Holder.invokeSpecialIFC(java.lang.Object, java.lang.Object, java.lang.Object, java.lang.Object)'> (0x00000007187aa2c8) 
thrown [t:\workspace\open\src\hotspot\share\interpreter\linkResolver.cpp, line 766]
Event: 0.788 Thread 0x000001e68436ea20 Exception <a 'java/lang/NoSuchMethodError'{0x00000007187c8090}: 'java.lang.Object java.lang.invoke.DirectMethodHandle$Holder.invokeInterface(java.lang.Object, java.lang.Object, java.lang.Object)'> (0x00000007187c8090) 
thrown [t:\workspace\open\src\hotspot\share\interpreter\linkResolver.cpp, line 766]
Event: 0.838 Thread 0x000001e68436ea20 Exception <a 'java/lang/NoSuchMethodError'{0x00000007184d0cd0}: 'int java.lang.invoke.DirectMethodHandle$Holder.invokeSpecial(java.lang.Object, java.lang.Object, java.lang.Object)'> (0x00000007184d0cd0) 
thrown [t:\workspace\open\src\hotspot\share\interpreter\linkResolver.cpp, line 766]
Event: 0.923 Thread 0x000001e6a811ba40 Exception <a 'java/lang/NoSuchMethodError'{0x00000007181a5428}: 'int java.lang.invoke.DirectMethodHandle$Holder.invokeStaticInit(java.lang.Object, java.lang.Object, java.lang.Object)'> (0x00000007181a5428) 
thrown [t:\workspace\open\src\hotspot\share\interpreter\linkResolver.cpp, line 766]
Event: 0.937 Thread 0x000001e6a811ba40 Exception <a 'java/lang/NoSuchMethodError'{0x00000007181fd168}: 'java.lang.Object java.lang.invoke.DirectMethodHandle$Holder.newInvokeSpecial(java.lang.Object, java.lang.Object, java.lang.Object, java.lang.Object, java.lang.Object)'> (0x00000007181fd168) 
thrown [t:\workspace\open\src\hotspot\share\interpreter\linkResolver.cpp, line 766]
Event: 0.950 Thread 0x000001e6a811ba40 Exception <a 'java/lang/NoSuchMethodError'{0x000000071944c728}: 'java.lang.Object java.lang.invoke.DirectMethodHandle$Holder.invokeStaticInit(java.lang.Object, java.lang.Object, java.lang.Object)'> (0x000000071944c728) 
thrown [t:\workspace\open\src\hotspot\share\interpreter\linkResolver.cpp, line 766]
Event: 0.973 Thread 0x000001e6a811ba40 Exception <a 'java/lang/IncompatibleClassChangeError'{0x0000000719523908}: Found class java.lang.Object, but interface was expected> (0x0000000719523908) 
thrown [t:\workspace\open\src\hotspot\share\interpreter\linkResolver.cpp, line 833]
Event: 1.004 Thread 0x000001e6a811ba40 Exception <a 'sun/nio/fs/WindowsException'{0x000000071959ce68}> (0x000000071959ce68) 
thrown [t:\workspace\open\src\hotspot\share\prims\jni.cpp, line 516]
Event: 1.245 Thread 0x000001e6a811ba40 Exception <a 'java/lang/NoSuchMethodError'{0x0000000718f9bf80}: 'java.lang.Object java.lang.invoke.DirectMethodHandle$Holder.newInvokeSpecial(java.lang.Object, java.lang.Object, java.lang.Object, java.lang.Object, java.lang.Object, java.lang.Object, java.lang.Object)'> (0x0000000718f9bf80) 
thrown [t:\workspace\open\src\hotspot\share\interpreter\linkResolver.cpp, line 766]
Event: 1.245 Thread 0x000001e6a811ba40 Exception <a 'java/lang/NoSuchMethodError'{0x0000000718fa0be8}: 'java.lang.Object java.lang.invoke.Invokers$Holder.linkToTargetMethod(java.lang.Object, java.lang.Object, java.lang.Object, java.lang.Object, java.lang.Object, java.lang.Object, java.lang.Object)'> (0x0000000718fa0be8) 
thrown [t:\workspace\open\src\hotspot\share\interpreter\linkResolver.cpp, line 766]
Event: 1.251 Thread 0x000001e6a811ba40 Exception <a 'java/lang/NoSuchMethodError'{0x0000000718fbb238}: 'void java.lang.invoke.DirectMethodHandle$Holder.invokeStaticInit(java.lang.Object, java.lang.Object)'> (0x0000000718fbb238) 
thrown [t:\workspace\open\src\hotspot\share\interpreter\linkResolver.cpp, line 766]
Event: 1.263 Thread 0x000001e6a811ba40 Exception <a 'java/lang/NoSuchMethodError'{0x0000000718c05e90}: 'int java.lang.invoke.DirectMethodHandle$Holder.invokeStatic(java.lang.Object, java.lang.Object, java.lang.Object, java.lang.Object)'> (0x0000000718c05e90) 
thrown [t:\workspace\open\src\hotspot\share\interpreter\linkResolver.cpp, line 766]
Event: 1.264 Thread 0x000001e6a811ba40 Exception <a 'java/lang/NoSuchMethodError'{0x0000000718c09810}: 'java.lang.Object java.lang.invoke.Invokers$Holder.invokeExact_MT(java.lang.Object, java.lang.Object, java.lang.Object, java.lang.Object, java.lang.Object, java.lang.Object)'> (0x0000000718c09810) 
thrown [t:\workspace\open\src\hotspot\share\interpreter\linkResolver.cpp, line 766]
Event: 1.281 Thread 0x000001e6a811ba40 Exception <a 'java/lang/NoSuchMethodError'{0x0000000718c68900}: 'java.lang.Object java.lang.invoke.DirectMethodHandle$Holder.invokeSpecial(java.lang.Object, java.lang.Object, java.lang.Object, java.lang.Object, java.lang.Object, java.lang.Object, int)'> (0x0000000718c68900) 
thrown [t:\workspace\open\src\hotspot\share\interpreter\linkResolver.cpp, line 766]
Event: 1.282 Thread 0x000001e6a811ba40 Exception <a 'java/lang/NoSuchMethodError'{0x0000000718c72e68}: 'java.lang.Object java.lang.invoke.DirectMethodHandle$Holder.newInvokeSpecial(java.lang.Object, java.lang.Object, java.lang.Object, java.lang.Object, java.lang.Object, java.lang.Object, int)'> (0x0000000718c72e68) 
thrown [t:\workspace\open\src\hotspot\share\interpreter\linkResolver.cpp, line 766]
Event: 1.282 Thread 0x000001e6a811ba40 Exception <a 'java/lang/NoSuchMethodError'{0x0000000718c77ea8}: 'java.lang.Object java.lang.invoke.DirectMethodHandle$Holder.invokeSpecial(java.lang.Object, java.lang.Object, java.lang.Object, java.lang.Object, java.lang.Object, java.lang.Object, java.lang.Object, int)'> (0x0000000718c77ea8) 
thrown [t:\workspace\open\src\hotspot\share\interpreter\linkResolver.cpp, line 766]
Event: 1.335 Thread 0x000001e6a811ba40 Exception <a 'java/lang/NoSuchMethodError'{0x0000000718daeb58}: 'int java.lang.invoke.DirectMethodHandle$Holder.invokeInterface(java.lang.Object, java.lang.Object)'> (0x0000000718daeb58) 
thrown [t:\workspace\open\src\hotspot\share\interpreter\linkResolver.cpp, line 766]

VM Operations (10 events):
Event: 0.177 Executing VM operation: HandshakeAllThreads
Event: 0.177 Executing VM operation: HandshakeAllThreads done
Event: 0.315 Executing VM operation: HandshakeAllThreads
Event: 0.315 Executing VM operation: HandshakeAllThreads done
Event: 0.399 Executing VM operation: HandshakeAllThreads
Event: 0.399 Executing VM operation: HandshakeAllThreads done
Event: 0.937 Executing VM operation: G1CollectForAllocation
Event: 0.941 Executing VM operation: G1CollectForAllocation done
Event: 1.006 Executing VM operation: HandshakeAllThreads
Event: 1.006 Executing VM operation: HandshakeAllThreads done

Events (20 events):
Event: 1.190 loading class java/util/stream/MatchOps$BooleanTerminalSink
Event: 1.190 loading class java/util/stream/MatchOps$BooleanTerminalSink done
Event: 1.191 loading class java/util/stream/MatchOps$2MatchSink
Event: 1.191 loading class java/util/stream/MatchOps$2MatchSink done
Event: 1.216 loading class java/beans/PropertyEditorSupport
Event: 1.216 loading class java/beans/PropertyEditor
Event: 1.216 loading class java/beans/PropertyEditor done
Event: 1.216 loading class java/beans/PropertyEditorSupport done
Event: 1.269 loading class java/util/regex/Pattern$Neg
Event: 1.269 loading class java/util/regex/Pattern$Neg done
Event: 1.272 loading class java/lang/invoke/MethodHandle$1
Event: 1.272 loading class java/lang/invoke/MethodHandle$1 done
Event: 1.278 loading class java/util/stream/StreamSpliterators$WrappingSpliterator
Event: 1.279 loading class java/util/stream/StreamSpliterators$AbstractWrappingSpliterator
Event: 1.279 loading class java/util/stream/StreamSpliterators$AbstractWrappingSpliterator done
Event: 1.279 loading class java/util/stream/StreamSpliterators$WrappingSpliterator done
Event: 1.279 loading class java/util/stream/StreamSpliterators
Event: 1.279 loading class java/util/stream/StreamSpliterators done
Event: 1.280 loading class java/util/function/BooleanSupplier
Event: 1.280 loading class java/util/function/BooleanSupplier done


Dynamic libraries:
0x00007ff63a1d0000 - 0x00007ff63a1e0000 	D:\Programs\Java\jdk-17\bin\java.exe
0x00007ffacb8d0000 - 0x00007ffacbae7000 	C:\WINDOWS\SYSTEM32\ntdll.dll
0x00007ffacada0000 - 0x00007ffacae64000 	C:\WINDOWS\System32\KERNEL32.DLL
0x00007ffac8c00000 - 0x00007ffac8fad000 	C:\WINDOWS\System32\KERNELBASE.dll
0x00007ffac9260000 - 0x00007ffac9371000 	C:\WINDOWS\System32\ucrtbase.dll
0x00007ffac6730000 - 0x00007ffac674a000 	D:\Programs\Java\jdk-17\bin\VCRUNTIME140.dll
0x00007ffac2d80000 - 0x00007ffac2d98000 	D:\Programs\Java\jdk-17\bin\jli.dll
0x00007ffacb180000 - 0x00007ffacb232000 	C:\WINDOWS\System32\ADVAPI32.dll
0x00007ffacb530000 - 0x00007ffacb5d7000 	C:\WINDOWS\System32\msvcrt.dll
0x00007ffacb3c0000 - 0x00007ffacb469000 	C:\WINDOWS\System32\sechost.dll
0x00007ffac90d0000 - 0x00007ffac90f8000 	C:\WINDOWS\System32\bcrypt.dll
0x00007ffacb2a0000 - 0x00007ffacb3b4000 	C:\WINDOWS\System32\RPCRT4.dll
0x00007ffacae70000 - 0x00007ffacb01e000 	C:\WINDOWS\System32\USER32.dll
0x00007ffac9380000 - 0x00007ffac93a6000 	C:\WINDOWS\System32\win32u.dll
0x00007ffacb500000 - 0x00007ffacb529000 	C:\WINDOWS\System32\GDI32.dll
0x00007ffac8fb0000 - 0x00007ffac90c9000 	C:\WINDOWS\System32\gdi32full.dll
0x00007ffaa9630000 - 0x00007ffaa98c3000 	C:\WINDOWS\WinSxS\amd64_microsoft.windows.common-controls_6595b64144ccf1df_6.0.22621.3672_none_2713b9d173822955\COMCTL32.dll
0x00007ffac9100000 - 0x00007ffac919a000 	C:\WINDOWS\System32\msvcp_win.dll
0x00007ffabd3b0000 - 0x00007ffabd3ba000 	C:\WINDOWS\SYSTEM32\VERSION.dll
0x00007ffaca9a0000 - 0x00007ffaca9d1000 	C:\WINDOWS\System32\IMM32.DLL
0x00007ffac67f0000 - 0x00007ffac67fc000 	D:\Programs\Java\jdk-17\bin\vcruntime140_1.dll
0x00007ffab5470000 - 0x00007ffab54fd000 	D:\Programs\Java\jdk-17\bin\msvcp140.dll
0x00007ffa7bda0000 - 0x00007ffa7c95e000 	D:\Programs\Java\jdk-17\bin\server\jvm.dll
0x00007ffacb780000 - 0x00007ffacb788000 	C:\WINDOWS\System32\PSAPI.DLL
0x00007ffaadbe0000 - 0x00007ffaadbe9000 	C:\WINDOWS\SYSTEM32\WSOCK32.dll
0x00007ffac0fb0000 - 0x00007ffac0fe4000 	C:\WINDOWS\SYSTEM32\WINMM.dll
0x00007ffacb470000 - 0x00007ffacb4e1000 	C:\WINDOWS\System32\WS2_32.dll
0x00007ffac7c00000 - 0x00007ffac7c18000 	C:\WINDOWS\SYSTEM32\kernel.appcore.dll
0x00007ffac56a0000 - 0x00007ffac56aa000 	D:\Programs\Java\jdk-17\bin\jimage.dll
0x00007ffac6390000 - 0x00007ffac65c2000 	C:\WINDOWS\SYSTEM32\DBGHELP.DLL
0x00007ffac9770000 - 0x00007ffac9af8000 	C:\WINDOWS\System32\combase.dll
0x00007ffacacc0000 - 0x00007ffacad97000 	C:\WINDOWS\System32\OLEAUT32.dll
0x00007ffab0eb0000 - 0x00007ffab0ee2000 	C:\WINDOWS\SYSTEM32\dbgcore.DLL
0x00007ffac9590000 - 0x00007ffac960b000 	C:\WINDOWS\System32\bcryptPrimitives.dll
0x00007ffabb610000 - 0x00007ffabb61e000 	D:\Programs\Java\jdk-17\bin\instrument.dll
0x00007ffab64e0000 - 0x00007ffab6505000 	D:\Programs\Java\jdk-17\bin\java.dll
0x00007ffab39a0000 - 0x00007ffab3a76000 	D:\Programs\Java\jdk-17\bin\svml.dll
0x00007ffac9f80000 - 0x00007ffaca7df000 	C:\WINDOWS\System32\SHELL32.dll
0x00007ffac6b00000 - 0x00007ffac73fc000 	C:\WINDOWS\SYSTEM32\windows.storage.dll
0x00007ffac69c0000 - 0x00007ffac6aff000 	C:\WINDOWS\SYSTEM32\wintypes.dll
0x00007ffacb680000 - 0x00007ffacb774000 	C:\WINDOWS\System32\SHCORE.dll
0x00007ffac96a0000 - 0x00007ffac96fe000 	C:\WINDOWS\System32\shlwapi.dll
0x00007ffac8b30000 - 0x00007ffac8b51000 	C:\WINDOWS\SYSTEM32\profapi.dll
0x00007ffabf200000 - 0x00007ffabf218000 	D:\Programs\Java\jdk-17\bin\zip.dll
0x00007ffac06d0000 - 0x00007ffac06e9000 	D:\Programs\Java\jdk-17\bin\net.dll
0x00007ffac3d00000 - 0x00007ffac3e36000 	C:\WINDOWS\SYSTEM32\WINHTTP.dll
0x00007ffac80a0000 - 0x00007ffac8109000 	C:\WINDOWS\system32\mswsock.dll
0x00007ffabf220000 - 0x00007ffabf235000 	D:\Programs\Java\jdk-17\bin\nio.dll
0x00007ffab7300000 - 0x00007ffab731a000 	D:\Programs\IntelliJ IDEA\IntelliJ IDEA Community Edition 2024.1.2\bin\breakgen64.dll
0x00007ffab8380000 - 0x00007ffab8389000 	D:\Programs\Java\jdk-17\bin\management.dll
0x00007ffab8370000 - 0x00007ffab837b000 	D:\Programs\Java\jdk-17\bin\management_ext.dll

dbghelp: loaded successfully - version: 4.0.5 - missing functions: none
symbol engine: initialized successfully - sym options: 0x614 - pdb path: .;D:\Programs\Java\jdk-17\bin;C:\WINDOWS\SYSTEM32;C:\WINDOWS\WinSxS\amd64_microsoft.windows.common-controls_6595b64144ccf1df_6.0.22621.3672_none_2713b9d173822955;D:\Programs\Java\jdk-17\bin\server;D:\Programs\IntelliJ IDEA\IntelliJ IDEA Community Edition 2024.1.2\bin

VM Arguments:
jvm_args: -javaagent:D:\Programs\IntelliJ IDEA\IntelliJ IDEA Community Edition 2024.1.2\lib\idea_rt.jar=52807:D:\Programs\IntelliJ IDEA\IntelliJ IDEA Community Edition 2024.1.2\bin -Dfile.encoding=UTF-8 
java_command: com.springboot.MybootApplication
java_class_path (initial): D:\Global-data-tek\myboot\target\classes;C:\Users\86131\.m2\repository\org\springframework\boot\spring-boot-starter-web\3.3.1\spring-boot-starter-web-3.3.1.jar;C:\Users\86131\.m2\repository\org\springframework\boot\spring-boot-starter\3.3.1\spring-boot-starter-3.3.1.jar;C:\Users\86131\.m2\repository\org\springframework\boot\spring-boot-starter-logging\3.3.1\spring-boot-starter-logging-3.3.1.jar;C:\Users\86131\.m2\repository\ch\qos\logback\logback-classic\1.5.6\logback-classic-1.5.6.jar;C:\Users\86131\.m2\repository\ch\qos\logback\logback-core\1.5.6\logback-core-1.5.6.jar;C:\Users\86131\.m2\repository\org\apache\logging\log4j\log4j-to-slf4j\2.23.1\log4j-to-slf4j-2.23.1.jar;C:\Users\86131\.m2\repository\org\apache\logging\log4j\log4j-api\2.23.1\log4j-api-2.23.1.jar;C:\Users\86131\.m2\repository\org\slf4j\jul-to-slf4j\2.0.13\jul-to-slf4j-2.0.13.jar;C:\Users\86131\.m2\repository\jakarta\annotation\jakarta.annotation-api\2.1.1\jakarta.annotation-api-2.1.1.jar;C:\Users\86131\.m2\repository\org\yaml\snakeyaml\2.2\snakeyaml-2.2.jar;C:\Users\86131\.m2\repository\org\springframework\boot\spring-boot-starter-json\3.3.1\spring-boot-starter-json-3.3.1.jar;C:\Users\86131\.m2\repository\com\fasterxml\jackson\core\jackson-databind\2.17.1\jackson-databind-2.17.1.jar;C:\Users\86131\.m2\repository\com\fasterxml\jackson\core\jackson-annotations\2.17.1\jackson-annotations-2.17.1.jar;C:\Users\86131\.m2\repository\com\fasterxml\jackson\core\jackson-core\2.17.1\jackson-core-2.17.1.jar;C:\Users\86131\.m2\repository\com\fasterxml\jackson\datatype\jackson-datatype-jdk8\2.17.1\jackson-datatype-jdk8-2.17.1.jar;C:\Users\86131\.m2\repository\com\fasterxml\jackson\datatype\jackson-datatype-jsr310\2.17.1\jackson-datatype-jsr310-2.17.1.jar;C:\Users\86131\.m2\repository\com\fasterxml\jackson\module\jackson-module-parameter-names\2.17.1\jackson-module-parameter-names-2.17.1.jar;C:\Users\86131\.m2\repository\org\springframework\boot\spring-boot-starter-tomcat\3.3.1\spring-b
Launcher Type: SUN_STANDARD

[Global flags]
     intx CICompilerCount                          = 4                                         {product} {ergonomic}
     uint ConcGCThreads                            = 3                                         {product} {ergonomic}
     uint G1ConcRefinementThreads                  = 10                                        {product} {ergonomic}
   size_t G1HeapRegionSize                         = 2097152                                   {product} {ergonomic}
    uintx GCDrainStackTargetSize                   = 64                                        {product} {ergonomic}
   size_t InitialHeapSize                          = 257949696                                 {product} {ergonomic}
   size_t MarkStackSize                            = 4194304                                   {product} {ergonomic}
   size_t MaxHeapSize                              = 4127195136                                {product} {ergonomic}
   size_t MaxNewSize                               = 2474639360                                {product} {ergonomic}
   size_t MinHeapDeltaBytes                        = 2097152                                   {product} {ergonomic}
   size_t MinHeapSize                              = 8388608                                   {product} {ergonomic}
    uintx NonNMethodCodeHeapSize                   = 5839372                                {pd product} {ergonomic}
    uintx NonProfiledCodeHeapSize                  = 122909434                              {pd product} {ergonomic}
    uintx ProfiledCodeHeapSize                     = 122909434                              {pd product} {ergonomic}
    uintx ReservedCodeCacheSize                    = 251658240                              {pd product} {ergonomic}
     bool SegmentedCodeCache                       = true                                      {product} {ergonomic}
   size_t SoftMaxHeapSize                          = 4127195136                             {manageable} {ergonomic}
     bool UseCompressedClassPointers               = true                           {product lp64_product} {ergonomic}
     bool UseCompressedOops                        = true                           {product lp64_product} {ergonomic}
     bool UseG1GC                                  = true                                      {product} {ergonomic}
     bool UseLargePagesIndividualAllocation        = false                                  {pd product} {ergonomic}

Logging:
Log output configuration:
 #0: stdout all=warning uptime,level,tags
 #1: stderr all=off uptime,level,tags

Environment Variables:
JAVA_HOME=C:\Users\86131\.jdks\corretto-1.8.0_322
CLASSPATH=C:\Users\86131\.jdks\corretto-1.8.0_322\lib\dt.jar;C:\Users\86131\.jdks\corretto-1.8.0_322\lib\tools.jar;
PATH=D:\Programs\Android\Sdk\tools\bin;C:\WINDOWS\system32;C:\WINDOWS;C:\WINDOWS\System32\Wbem;C:\WINDOWS\System32\WindowsPowerShell\v1.0\;C:\WINDOWS\System32\OpenSSH\;D:\Programs\Sublime Text;"C:\Users\86131\.jdks\corretto-1.8.0_322\bin;C:\Users\86131\.jdks\corretto-1.8.0_322\jre\bin;";D:\Programs\Python3.8.10\Lib;;:\Programs\Python3.8.10\Lib\site-packages\osgeo;C:\WINDOWS\system32;C:\WINDOWS;C:\WINDOWS\System32\Wbem;C:\WINDOWS\System32\WindowsPowerShell\v1.0\;C:\WINDOWS\System32\OpenSSH\;C:\Program Files\Git\cmd;D:\Programs\gradle-7.4.1\bin;D:\Programs\Android\Android Studio\jre;D:\Programs\Android\Sdk\emulator;D:\Programs\Maven\apache-maven-3.8.5-bin\apache-maven-3.8.5\bin;C:\Users\86131\.jdks\corretto-11.0.14.1;C:\Users\86131\AppData\Local\nvs\nvs.ps1;D:\Programs\MySQL\MySQL Server 8.0;D:\Programs\nodejs\;D:\Programs\Python3.8.10\Scripts\;D:\Programs\Python3.8.10\;C:\Users\86131\AppData\Local\Microsoft\WindowsApps;C:\Users\86131\.dotnet\tools;C:\Users\86131\AppData\Local\GitHubDesktop\bin;D:\Programs\Pycharm\PyCharm 2021.3.1\bin;D:\Programs\IntelliJ IDEA\IntelliJ IDEA 2021.3.1\bin;D:\Programs\Android\Sdk\emulator;D:\Programs\Android\Sdk\cmdline-tools\latest\bin;D:\Programs\Android\Sdk\platform-tools;D:\Programs\Android\Sdk\tools;D:\Programs\Android\Android Studio\jre;C:\Users\86131\AppData\Local\atom\bin;C:\Users\86131\AppData\Local\Microsoft\WindowsApps;;D:\Programs\Microsoft VS Code\bin;C:\Users\86131\AppData\Local\nvs\;D:\Programs\IntelliJ IDEA\IntelliJ IDEA 2024.1\bin;;D:\Programs\IntelliJ IDEA\IntelliJ IDEA Community Edition 2024.1.2\bin;;C:\Users\86131\AppData\Roaming\npm
USERNAME=86131
OS=Windows_NT
PROCESSOR_IDENTIFIER=AMD64 Family 23 Model 96 Stepping 1, AuthenticAMD



---------------  S Y S T E M  ---------------

OS:
 Windows 10 , 64 bit Build 22621 (10.0.22621.3672)
OS uptime: 1 days 2:12 hours
Hyper-V role detected

CPU: total 12 (initial active 12) (12 cores per cpu, 2 threads per core) family 23 model 96 stepping 1 microcode 0x0, cx8, cmov, fxsr, ht, mmx, 3dnowpref, sse, sse2, sse3, ssse3, sse4a, sse4.1, sse4.2, popcnt, lzcnt, tsc, tscinvbit, avx, avx2, aes, clmul, bmi1, bmi2, adx, sha, fma, vzeroupper, clflush, clflushopt, hv

Memory: 4k page, system-wide physical 15741M (2729M free)
TotalPageFile size 19837M (AvailPageFile size 4M)
current process WorkingSet (physical memory assigned to process): 82M, peak: 82M
current process commit charge ("private bytes"): 356M, peak: 356M

vm_info: Java HotSpot(TM) 64-Bit Server VM (17+35-LTS-2724) for windows-amd64 JRE (17+35-LTS-2724), built on Aug  5 2021 23:28:28 by "mach5one" with MS VC++ 16.8 (VS2019)

END.
