#
# There is insufficient memory for the Java Runtime Environment to continue.
# Native memory allocation (mmap) failed to map 257949696 bytes for G1 virtual space
# Possible reasons:
#   The system is out of physical RAM or swap space
#   The process is running with CompressedOops enabled, and the Java Heap may be blocking the growth of the native heap
# Possible solutions:
#   Reduce memory load on the system
#   Increase physical memory or swap space
#   Check if swap backing store is full
#   Decrease Java heap size (-Xmx/-Xms)
#   Decrease number of Java threads
#   Decrease Java thread stack sizes (-Xss)
#   Set larger code cache with -XX:ReservedCodeCacheSize=
#   JVM is running with Zero Based Compressed Oops mode in which the Java heap is
#     placed in the first 32GB address space. The Java Heap base address is the
#     maximum limit for the native heap growth. Please use -XX:HeapBaseMinAddress
#     to set the Java Heap base and to place the Java Heap above 32GB virtual address.
# This output file may be truncated or incomplete.
#
#  Out of Memory Error (os_windows.cpp:3469), pid=37340, tid=26112
#
# JRE version:  (17.0+35) (build )
# Java VM: Java HotSpot(TM) 64-Bit Server VM (17+35-LTS-2724, mixed mode, sharing, tiered, compressed oops, compressed class ptrs, g1 gc, windows-amd64)
# No core dump will be written. Minidumps are not enabled by default on client versions of Windows
#

---------------  S U M M A R Y ------------

Command Line: -javaagent:D:\Programs\IntelliJ IDEA\IntelliJ IDEA Community Edition 2024.1.2\lib\idea_rt.jar=53187:D:\Programs\IntelliJ IDEA\IntelliJ IDEA Community Edition 2024.1.2\bin -Dfile.encoding=UTF-8 com.springboot.MybootApplication

Host: AMD Ryzen 5 4600U with Radeon Graphics         , 12 cores, 15G,  Windows 10 , 64 bit Build 22621 (10.0.22621.3672)
Time: Tue Jul 16 12:23:50 2024  Windows 10 , 64 bit Build 22621 (10.0.22621.3672) elapsed time: 0.049593 seconds (0d 0h 0m 0s)

---------------  T H R E A D  ---------------

Current thread (0x000001f4db87bc80):  JavaThread "Unknown thread" [_thread_in_vm, id=26112, stack(0x000000e245b00000,0x000000e245c00000)]

Stack: [0x000000e245b00000,0x000000e245c00000]
Native frames: (J=compiled Java code, j=interpreted, Vv=VM code, C=native code)
V  [jvm.dll+0x66f8ea]
V  [jvm.dll+0x7ce224]
V  [jvm.dll+0x7cf9ce]
V  [jvm.dll+0x7d0033]
V  [jvm.dll+0x242bb5]
V  [jvm.dll+0x66c909]
V  [jvm.dll+0x6613d2]
V  [jvm.dll+0x30082b]
V  [jvm.dll+0x307db6]
V  [jvm.dll+0x357a0e]
V  [jvm.dll+0x357c3f]
V  [jvm.dll+0x2d7ae8]
V  [jvm.dll+0x2d8a54]
V  [jvm.dll+0x7a00a1]
V  [jvm.dll+0x365781]
V  [jvm.dll+0x77f59c]
V  [jvm.dll+0x3e805f]
V  [jvm.dll+0x3e9b01]
C  [jli.dll+0x527b]
C  [ucrtbase.dll+0x29333]
C  [KERNEL32.DLL+0x1257d]
C  [ntdll.dll+0x5af28]


---------------  P R O C E S S  ---------------

Threads class SMR info:
_java_thread_list=0x00007ffa7c837818, length=0, elements={
}

Java Threads: ( => current thread )

Other Threads:
  0x000001f4db8c85d0 GCTaskThread "GC Thread#0" [stack: 0x000000e245c00000,0x000000e245d00000] [id=23936]
  0x000001f4db8d8b10 ConcurrentGCThread "G1 Main Marker" [stack: 0x000000e245d00000,0x000000e245e00000] [id=1308]
  0x000001f4db8dacd0 ConcurrentGCThread "G1 Conc#0" [stack: 0x000000e245e00000,0x000000e245f00000] [id=25132]

[error occurred during error reporting (printing all threads), id 0xc0000005, EXCEPTION_ACCESS_VIOLATION (0xc0000005) at pc=0x00007ffa7c0884c7]

VM state: not at safepoint (not fully initialized)

VM Mutex/Monitor currently owned by a thread:  ([mutex/lock_event])
[0x000001f4db876a80] Heap_lock - owner thread: 0x000001f4db87bc80

Heap address: 0x000000070a000000, size: 3936 MB, Compressed Oops mode: Zero based, Oop shift amount: 3

CDS archive(s) mapped at: [0x0000000000000000-0x0000000000000000-0x0000000000000000), size 0, SharedBaseAddress: 0x0000000800000000, ArchiveRelocationMode: 0.
Narrow klass base: 0x0000000000000000, Narrow klass shift: 0, Narrow klass range: 0x0

GC Precious Log:
<Empty>

Heap:
 garbage-first heap   total 0K, used 0K [0x000000070a000000, 0x0000000800000000)
  region size 2048K, 0 young (0K), 0 survivors (0K)

[error occurred during error reporting (printing heap information), id 0xc0000005, EXCEPTION_ACCESS_VIOLATION (0xc0000005) at pc=0x00007ffa7c468c59]

GC Heap History (0 events):
No events

Deoptimization events (0 events):
No events

Classes unloaded (0 events):
No events

Classes redefined (0 events):
No events

Internal exceptions (0 events):
No events

VM Operations (0 events):
No events

Events (1 events):
Event: 0.034 Loaded shared library D:\Programs\Java\jdk-17\bin\java.dll


Dynamic libraries:
0x00007ff63a1d0000 - 0x00007ff63a1e0000 	D:\Programs\Java\jdk-17\bin\java.exe
0x00007ffacb8d0000 - 0x00007ffacbae7000 	C:\WINDOWS\SYSTEM32\ntdll.dll
0x00007ffacada0000 - 0x00007ffacae64000 	C:\WINDOWS\System32\KERNEL32.DLL
0x00007ffac8c00000 - 0x00007ffac8fad000 	C:\WINDOWS\System32\KERNELBASE.dll
0x00007ffac9260000 - 0x00007ffac9371000 	C:\WINDOWS\System32\ucrtbase.dll
0x00007ffac6730000 - 0x00007ffac674a000 	D:\Programs\Java\jdk-17\bin\VCRUNTIME140.dll
0x00007ffac2d80000 - 0x00007ffac2d98000 	D:\Programs\Java\jdk-17\bin\jli.dll
0x00007ffacb180000 - 0x00007ffacb232000 	C:\WINDOWS\System32\ADVAPI32.dll
0x00007ffacb530000 - 0x00007ffacb5d7000 	C:\WINDOWS\System32\msvcrt.dll
0x00007ffacb3c0000 - 0x00007ffacb469000 	C:\WINDOWS\System32\sechost.dll
0x00007ffac90d0000 - 0x00007ffac90f8000 	C:\WINDOWS\System32\bcrypt.dll
0x00007ffacb2a0000 - 0x00007ffacb3b4000 	C:\WINDOWS\System32\RPCRT4.dll
0x00007ffacae70000 - 0x00007ffacb01e000 	C:\WINDOWS\System32\USER32.dll
0x00007ffac9380000 - 0x00007ffac93a6000 	C:\WINDOWS\System32\win32u.dll
0x00007ffacb500000 - 0x00007ffacb529000 	C:\WINDOWS\System32\GDI32.dll
0x00007ffac8fb0000 - 0x00007ffac90c9000 	C:\WINDOWS\System32\gdi32full.dll
0x00007ffaa9630000 - 0x00007ffaa98c3000 	C:\WINDOWS\WinSxS\amd64_microsoft.windows.common-controls_6595b64144ccf1df_6.0.22621.3672_none_2713b9d173822955\COMCTL32.dll
0x00007ffac9100000 - 0x00007ffac919a000 	C:\WINDOWS\System32\msvcp_win.dll
0x00007ffabd3b0000 - 0x00007ffabd3ba000 	C:\WINDOWS\SYSTEM32\VERSION.dll
0x00007ffaca9a0000 - 0x00007ffaca9d1000 	C:\WINDOWS\System32\IMM32.DLL
0x00007ffac67f0000 - 0x00007ffac67fc000 	D:\Programs\Java\jdk-17\bin\vcruntime140_1.dll
0x00007ffab5470000 - 0x00007ffab54fd000 	D:\Programs\Java\jdk-17\bin\msvcp140.dll
0x00007ffa7bda0000 - 0x00007ffa7c95e000 	D:\Programs\Java\jdk-17\bin\server\jvm.dll
0x00007ffacb780000 - 0x00007ffacb788000 	C:\WINDOWS\System32\PSAPI.DLL
0x00007ffaadbe0000 - 0x00007ffaadbe9000 	C:\WINDOWS\SYSTEM32\WSOCK32.dll
0x00007ffacb470000 - 0x00007ffacb4e1000 	C:\WINDOWS\System32\WS2_32.dll
0x00007ffac0fb0000 - 0x00007ffac0fe4000 	C:\WINDOWS\SYSTEM32\WINMM.dll
0x00007ffac7c00000 - 0x00007ffac7c18000 	C:\WINDOWS\SYSTEM32\kernel.appcore.dll
0x00007ffac56a0000 - 0x00007ffac56aa000 	D:\Programs\Java\jdk-17\bin\jimage.dll
0x00007ffac6390000 - 0x00007ffac65c2000 	C:\WINDOWS\SYSTEM32\DBGHELP.DLL
0x00007ffac9770000 - 0x00007ffac9af8000 	C:\WINDOWS\System32\combase.dll
0x00007ffacacc0000 - 0x00007ffacad97000 	C:\WINDOWS\System32\OLEAUT32.dll
0x00007ffab0eb0000 - 0x00007ffab0ee2000 	C:\WINDOWS\SYSTEM32\dbgcore.DLL
0x00007ffac9590000 - 0x00007ffac960b000 	C:\WINDOWS\System32\bcryptPrimitives.dll
0x00007ffabb5e0000 - 0x00007ffabb5ee000 	D:\Programs\Java\jdk-17\bin\instrument.dll
0x00007ffab64e0000 - 0x00007ffab6505000 	D:\Programs\Java\jdk-17\bin\java.dll

dbghelp: loaded successfully - version: 4.0.5 - missing functions: none
symbol engine: initialized successfully - sym options: 0x614 - pdb path: .;D:\Programs\Java\jdk-17\bin;C:\WINDOWS\SYSTEM32;C:\WINDOWS\WinSxS\amd64_microsoft.windows.common-controls_6595b64144ccf1df_6.0.22621.3672_none_2713b9d173822955;D:\Programs\Java\jdk-17\bin\server

VM Arguments:
jvm_args: -javaagent:D:\Programs\IntelliJ IDEA\IntelliJ IDEA Community Edition 2024.1.2\lib\idea_rt.jar=53187:D:\Programs\IntelliJ IDEA\IntelliJ IDEA Community Edition 2024.1.2\bin -Dfile.encoding=UTF-8 
java_command: com.springboot.MybootApplication
java_class_path (initial): D:\Global-data-tek\myboot\target\classes;C:\Users\86131\.m2\repository\org\springframework\boot\spring-boot-starter-web\3.3.1\spring-boot-starter-web-3.3.1.jar;C:\Users\86131\.m2\repository\org\springframework\boot\spring-boot-starter\3.3.1\spring-boot-starter-3.3.1.jar;C:\Users\86131\.m2\repository\org\springframework\boot\spring-boot-starter-logging\3.3.1\spring-boot-starter-logging-3.3.1.jar;C:\Users\86131\.m2\repository\ch\qos\logback\logback-classic\1.5.6\logback-classic-1.5.6.jar;C:\Users\86131\.m2\repository\ch\qos\logback\logback-core\1.5.6\logback-core-1.5.6.jar;C:\Users\86131\.m2\repository\org\apache\logging\log4j\log4j-to-slf4j\2.23.1\log4j-to-slf4j-2.23.1.jar;C:\Users\86131\.m2\repository\org\apache\logging\log4j\log4j-api\2.23.1\log4j-api-2.23.1.jar;C:\Users\86131\.m2\repository\org\slf4j\jul-to-slf4j\2.0.13\jul-to-slf4j-2.0.13.jar;C:\Users\86131\.m2\repository\jakarta\annotation\jakarta.annotation-api\2.1.1\jakarta.annotation-api-2.1.1.jar;C:\Users\86131\.m2\repository\org\yaml\snakeyaml\2.2\snakeyaml-2.2.jar;C:\Users\86131\.m2\repository\org\springframework\boot\spring-boot-starter-json\3.3.1\spring-boot-starter-json-3.3.1.jar;C:\Users\86131\.m2\repository\com\fasterxml\jackson\core\jackson-databind\2.17.1\jackson-databind-2.17.1.jar;C:\Users\86131\.m2\repository\com\fasterxml\jackson\core\jackson-annotations\2.17.1\jackson-annotations-2.17.1.jar;C:\Users\86131\.m2\repository\com\fasterxml\jackson\core\jackson-core\2.17.1\jackson-core-2.17.1.jar;C:\Users\86131\.m2\repository\com\fasterxml\jackson\datatype\jackson-datatype-jdk8\2.17.1\jackson-datatype-jdk8-2.17.1.jar;C:\Users\86131\.m2\repository\com\fasterxml\jackson\datatype\jackson-datatype-jsr310\2.17.1\jackson-datatype-jsr310-2.17.1.jar;C:\Users\86131\.m2\repository\com\fasterxml\jackson\module\jackson-module-parameter-names\2.17.1\jackson-module-parameter-names-2.17.1.jar;C:\Users\86131\.m2\repository\org\springframework\boot\spring-boot-starter-tomcat\3.3.1\spring-b
Launcher Type: SUN_STANDARD

[Global flags]
     intx CICompilerCount                          = 4                                         {product} {ergonomic}
     uint ConcGCThreads                            = 3                                         {product} {ergonomic}
     uint G1ConcRefinementThreads                  = 10                                        {product} {ergonomic}
   size_t G1HeapRegionSize                         = 2097152                                   {product} {ergonomic}
    uintx GCDrainStackTargetSize                   = 64                                        {product} {ergonomic}
   size_t InitialHeapSize                          = 257949696                                 {product} {ergonomic}
   size_t MarkStackSize                            = 4194304                                   {product} {ergonomic}
   size_t MaxHeapSize                              = 4127195136                                {product} {ergonomic}
   size_t MinHeapDeltaBytes                        = 2097152                                   {product} {ergonomic}
   size_t MinHeapSize                              = 8388608                                   {product} {ergonomic}
    uintx NonNMethodCodeHeapSize                   = 5839372                                {pd product} {ergonomic}
    uintx NonProfiledCodeHeapSize                  = 122909434                              {pd product} {ergonomic}
    uintx ProfiledCodeHeapSize                     = 122909434                              {pd product} {ergonomic}
    uintx ReservedCodeCacheSize                    = 251658240                              {pd product} {ergonomic}
     bool SegmentedCodeCache                       = true                                      {product} {ergonomic}
   size_t SoftMaxHeapSize                          = 4127195136                             {manageable} {ergonomic}
     bool UseCompressedClassPointers               = true                           {product lp64_product} {ergonomic}
     bool UseCompressedOops                        = true                           {product lp64_product} {ergonomic}
     bool UseG1GC                                  = true                                      {product} {ergonomic}
     bool UseLargePagesIndividualAllocation        = false                                  {pd product} {ergonomic}

Logging:
Log output configuration:
 #0: stdout all=warning uptime,level,tags
 #1: stderr all=off uptime,level,tags

Environment Variables:
JAVA_HOME=C:\Users\86131\.jdks\corretto-1.8.0_322
CLASSPATH=C:\Users\86131\.jdks\corretto-1.8.0_322\lib\dt.jar;C:\Users\86131\.jdks\corretto-1.8.0_322\lib\tools.jar;
PATH=D:\Programs\Android\Sdk\tools\bin;C:\WINDOWS\system32;C:\WINDOWS;C:\WINDOWS\System32\Wbem;C:\WINDOWS\System32\WindowsPowerShell\v1.0\;C:\WINDOWS\System32\OpenSSH\;D:\Programs\Sublime Text;"C:\Users\86131\.jdks\corretto-1.8.0_322\bin;C:\Users\86131\.jdks\corretto-1.8.0_322\jre\bin;";D:\Programs\Python3.8.10\Lib;;:\Programs\Python3.8.10\Lib\site-packages\osgeo;C:\WINDOWS\system32;C:\WINDOWS;C:\WINDOWS\System32\Wbem;C:\WINDOWS\System32\WindowsPowerShell\v1.0\;C:\WINDOWS\System32\OpenSSH\;C:\Program Files\Git\cmd;D:\Programs\gradle-7.4.1\bin;D:\Programs\Android\Android Studio\jre;D:\Programs\Android\Sdk\emulator;D:\Programs\Maven\apache-maven-3.8.5-bin\apache-maven-3.8.5\bin;C:\Users\86131\.jdks\corretto-11.0.14.1;C:\Users\86131\AppData\Local\nvs\nvs.ps1;D:\Programs\MySQL\MySQL Server 8.0;D:\Programs\nodejs\;D:\Programs\Python3.8.10\Scripts\;D:\Programs\Python3.8.10\;C:\Users\86131\AppData\Local\Microsoft\WindowsApps;C:\Users\86131\.dotnet\tools;C:\Users\86131\AppData\Local\GitHubDesktop\bin;D:\Programs\Pycharm\PyCharm 2021.3.1\bin;D:\Programs\IntelliJ IDEA\IntelliJ IDEA 2021.3.1\bin;D:\Programs\Android\Sdk\emulator;D:\Programs\Android\Sdk\cmdline-tools\latest\bin;D:\Programs\Android\Sdk\platform-tools;D:\Programs\Android\Sdk\tools;D:\Programs\Android\Android Studio\jre;C:\Users\86131\AppData\Local\atom\bin;C:\Users\86131\AppData\Local\Microsoft\WindowsApps;;D:\Programs\Microsoft VS Code\bin;C:\Users\86131\AppData\Local\nvs\;D:\Programs\IntelliJ IDEA\IntelliJ IDEA 2024.1\bin;;D:\Programs\IntelliJ IDEA\IntelliJ IDEA Community Edition 2024.1.2\bin;;C:\Users\86131\AppData\Roaming\npm
USERNAME=86131
OS=Windows_NT
PROCESSOR_IDENTIFIER=AMD64 Family 23 Model 96 Stepping 1, AuthenticAMD



---------------  S Y S T E M  ---------------

OS:
 Windows 10 , 64 bit Build 22621 (10.0.22621.3672)
OS uptime: 1 days 2:37 hours
Hyper-V role detected

CPU: total 12 (initial active 12) (12 cores per cpu, 2 threads per core) family 23 model 96 stepping 1 microcode 0x0, cx8, cmov, fxsr, ht, mmx, 3dnowpref, sse, sse2, sse3, ssse3, sse4a, sse4.1, sse4.2, popcnt, lzcnt, tsc, tscinvbit, avx, avx2, aes, clmul, bmi1, bmi2, adx, sha, fma, vzeroupper, clflush, clflushopt, hv

Memory: 4k page, system-wide physical 15741M (2975M free)
TotalPageFile size 19837M (AvailPageFile size 218M)
current process WorkingSet (physical memory assigned to process): 11M, peak: 11M
current process commit charge ("private bytes"): 64M, peak: 310M

vm_info: Java HotSpot(TM) 64-Bit Server VM (17+35-LTS-2724) for windows-amd64 JRE (17+35-LTS-2724), built on Aug  5 2021 23:28:28 by "mach5one" with MS VC++ 16.8 (VS2019)

END.
