#
# There is insufficient memory for the Java Runtime Environment to continue.
# Native memory allocation (malloc) failed to allocate 379120 bytes for Chunk::new
# Possible reasons:
#   The system is out of physical RAM or swap space
#   The process is running with CompressedOops enabled, and the Java Heap may be blocking the growth of the native heap
# Possible solutions:
#   Reduce memory load on the system
#   Increase physical memory or swap space
#   Check if swap backing store is full
#   Decrease Java heap size (-Xmx/-Xms)
#   Decrease number of Java threads
#   Decrease Java thread stack sizes (-Xss)
#   Set larger code cache with -XX:ReservedCodeCacheSize=
#   JVM is running with Zero Based Compressed Oops mode in which the Java heap is
#     placed in the first 32GB address space. The Java Heap base address is the
#     maximum limit for the native heap growth. Please use -XX:HeapBaseMinAddress
#     to set the Java Heap base and to place the Java Heap above 32GB virtual address.
# This output file may be truncated or incomplete.
#
#  Out of Memory Error (arena.cpp:189), pid=4832, tid=38844
#
# JRE version: Java(TM) SE Runtime Environment (17.0+35) (build 17+35-LTS-2724)
# Java VM: Java HotSpot(TM) 64-Bit Server VM (17+35-LTS-2724, mixed mode, sharing, tiered, compressed oops, compressed class ptrs, g1 gc, windows-amd64)
# No core dump will be written. Minidumps are not enabled by default on client versions of Windows
#

---------------  S U M M A R Y ------------

Command Line: -javaagent:D:\Programs\IntelliJ IDEA\IntelliJ IDEA Community Edition 2024.1.2\lib\idea_rt.jar=54858:D:\Programs\IntelliJ IDEA\IntelliJ IDEA Community Edition 2024.1.2\bin -Dfile.encoding=UTF-8 com.springboot.MybootApplication

Host: AMD Ryzen 5 4600U with Radeon Graphics         , 12 cores, 15G,  Windows 10 , 64 bit Build 22621 (10.0.22621.3672)
Time: Tue Jul 16 13:13:47 2024  Windows 10 , 64 bit Build 22621 (10.0.22621.3672) elapsed time: 0.987577 seconds (0d 0h 0m 0s)

---------------  T H R E A D  ---------------

Current thread (0x000001e9d37dcaf0):  JavaThread "C2 CompilerThread0" daemon [_thread_in_native, id=38844, stack(0x0000001c2cc00000,0x0000001c2cd00000)]


Current CompileTask:
C2:    988  728   !   4       java.util.zip.ZipFile::getEntry (59 bytes)

Stack: [0x0000001c2cc00000,0x0000001c2cd00000]
Native frames: (J=compiled Java code, j=interpreted, Vv=VM code, C=native code)
V  [jvm.dll+0x66f8ea]
V  [jvm.dll+0x7ce224]
V  [jvm.dll+0x7cf9ce]
V  [jvm.dll+0x7d0033]
V  [jvm.dll+0x242bb5]
V  [jvm.dll+0xaa05b]
V  [jvm.dll+0xaa5ec]
V  [jvm.dll+0x35f9f7]
V  [jvm.dll+0x329f61]
V  [jvm.dll+0x32940a]
V  [jvm.dll+0x215ca1]
V  [jvm.dll+0x2150c1]
V  [jvm.dll+0x1a168d]
V  [jvm.dll+0x2248f8]
V  [jvm.dll+0x222a5c]
V  [jvm.dll+0x78422b]
V  [jvm.dll+0x77e7ea]
V  [jvm.dll+0x66e715]
C  [ucrtbase.dll+0x29333]
C  [KERNEL32.DLL+0x1257d]
C  [ntdll.dll+0x5af28]


---------------  P R O C E S S  ---------------

Threads class SMR info:
_java_thread_list=0x000001e9d49db7c0, length=14, elements={
0x000001e9b0c0f590, 0x000001e9d37c6dd0, 0x000001e9d37c7a40, 0x000001e9d37d9040,
0x000001e9d37daa00, 0x000001e9d37db3b0, 0x000001e9d37dbd60, 0x000001e9d37dcaf0,
0x000001e9d37dd590, 0x000001e9d37e14c0, 0x000001e9d37ae4c0, 0x000001e9d453aa70,
0x000001e9d453af40, 0x000001e9d462a8d0
}

Java Threads: ( => current thread )
  0x000001e9b0c0f590 JavaThread "main" [_thread_in_vm, id=26208, stack(0x0000001c2bf00000,0x0000001c2c000000)]
  0x000001e9d37c6dd0 JavaThread "Reference Handler" daemon [_thread_blocked, id=23608, stack(0x0000001c2c600000,0x0000001c2c700000)]
  0x000001e9d37c7a40 JavaThread "Finalizer" daemon [_thread_blocked, id=14252, stack(0x0000001c2c700000,0x0000001c2c800000)]
  0x000001e9d37d9040 JavaThread "Signal Dispatcher" daemon [_thread_blocked, id=35056, stack(0x0000001c2c800000,0x0000001c2c900000)]
  0x000001e9d37daa00 JavaThread "Attach Listener" daemon [_thread_in_vm, id=33324, stack(0x0000001c2c900000,0x0000001c2ca00000)]
  0x000001e9d37db3b0 JavaThread "Service Thread" daemon [_thread_blocked, id=38916, stack(0x0000001c2ca00000,0x0000001c2cb00000)]
  0x000001e9d37dbd60 JavaThread "Monitor Deflation Thread" daemon [_thread_blocked, id=20548, stack(0x0000001c2cb00000,0x0000001c2cc00000)]
=>0x000001e9d37dcaf0 JavaThread "C2 CompilerThread0" daemon [_thread_in_native, id=38844, stack(0x0000001c2cc00000,0x0000001c2cd00000)]
  0x000001e9d37dd590 JavaThread "C1 CompilerThread0" daemon [_thread_in_native, id=25496, stack(0x0000001c2cd00000,0x0000001c2ce00000)]
  0x000001e9d37e14c0 JavaThread "Sweeper thread" daemon [_thread_blocked, id=39876, stack(0x0000001c2ce00000,0x0000001c2cf00000)]
  0x000001e9d37ae4c0 JavaThread "Common-Cleaner" daemon [_thread_blocked, id=2396, stack(0x0000001c2cf00000,0x0000001c2d000000)]
  0x000001e9d453aa70 JavaThread "Monitor Ctrl-Break" daemon [_thread_in_native, id=26568, stack(0x0000001c2d100000,0x0000001c2d200000)]
  0x000001e9d453af40 JavaThread "Notification Thread" daemon [_thread_blocked, id=38440, stack(0x0000001c2d200000,0x0000001c2d300000)]
  0x000001e9d462a8d0 JavaThread "C2 CompilerThread1" daemon [_thread_in_native, id=40452, stack(0x0000001c2d000000,0x0000001c2d100000)]

Other Threads:
  0x000001e9d37c22d0 VMThread "VM Thread" [stack: 0x0000001c2c500000,0x0000001c2c600000] [id=40916]
  0x000001e9d453bca0 WatcherThread [stack: 0x0000001c2d300000,0x0000001c2d400000] [id=38160]
  0x000001e9b0c5bee0 GCTaskThread "GC Thread#0" [stack: 0x0000001c2c000000,0x0000001c2c100000] [id=24032]
  0x000001e9b0c6c420 ConcurrentGCThread "G1 Main Marker" [stack: 0x0000001c2c100000,0x0000001c2c200000] [id=16036]
  0x000001e9b0c6de40 ConcurrentGCThread "G1 Conc#0" [stack: 0x0000001c2c200000,0x0000001c2c300000] [id=6664]
  0x000001e9b0cc75f0 ConcurrentGCThread "G1 Refine#0" [stack: 0x0000001c2c300000,0x0000001c2c400000] [id=25188]
  0x000001e9d36820d0 ConcurrentGCThread "G1 Service" [stack: 0x0000001c2c400000,0x0000001c2c500000] [id=35112]

Threads with active compile tasks:
C2 CompilerThread0     1056  728   !   4       java.util.zip.ZipFile::getEntry (59 bytes)
C1 CompilerThread0     1057  798       3       java.lang.Integer::numberOfLeadingZeros (79 bytes)
C2 CompilerThread1     1057  774       4       java.util.jar.JarFile::getEntry (35 bytes)

VM state: not at safepoint (normal execution)

VM Mutex/Monitor currently owned by a thread: None

Heap address: 0x000000070a000000, size: 3936 MB, Compressed Oops mode: Zero based, Oop shift amount: 3

CDS archive(s) mapped at: [0x0000000800000000-0x0000000800bc0000-0x0000000800bc0000), size 12320768, SharedBaseAddress: 0x0000000800000000, ArchiveRelocationMode: 0.
Compressed class space mapped at: 0x0000000800c00000-0x0000000840c00000, reserved size: 1073741824
Narrow klass base: 0x0000000800000000, Narrow klass shift: 0, Narrow klass range: 0x100000000

GC Precious Log:
 CPUs: 12 total, 12 available
 Memory: 15741M
 Large Page Support: Disabled
 NUMA Support: Disabled
 Compressed Oops: Enabled (Zero based)
 Heap Region Size: 2M
 Heap Min Capacity: 8M
 Heap Initial Capacity: 246M
 Heap Max Capacity: 3936M
 Pre-touch: Disabled
 Parallel Workers: 10
 Concurrent Workers: 3
 Concurrent Refinement Workers: 10
 Periodic GC: Disabled

Heap:
 garbage-first heap   total 251904K, used 14336K [0x000000070a000000, 0x0000000800000000)
  region size 2048K, 9 young (18432K), 0 survivors (0K)
 Metaspace       used 3550K, committed 3712K, reserved 1056768K
  class space    used 364K, committed 448K, reserved 1048576K

Heap Regions: E=young(eden), S=young(survivor), O=old, HS=humongous(starts), HC=humongous(continues), CS=collection set, F=free, OA=open archive, CA=closed archive, TAMS=top-at-mark-start (previous, next)
|   0|0x000000070a000000, 0x000000070a000000, 0x000000070a200000|  0%| F|  |TAMS 0x000000070a000000, 0x000000070a000000| Untracked 
|   1|0x000000070a200000, 0x000000070a200000, 0x000000070a400000|  0%| F|  |TAMS 0x000000070a200000, 0x000000070a200000| Untracked 
|   2|0x000000070a400000, 0x000000070a400000, 0x000000070a600000|  0%| F|  |TAMS 0x000000070a400000, 0x000000070a400000| Untracked 
|   3|0x000000070a600000, 0x000000070a600000, 0x000000070a800000|  0%| F|  |TAMS 0x000000070a600000, 0x000000070a600000| Untracked 
|   4|0x000000070a800000, 0x000000070a800000, 0x000000070aa00000|  0%| F|  |TAMS 0x000000070a800000, 0x000000070a800000| Untracked 
|   5|0x000000070aa00000, 0x000000070aa00000, 0x000000070ac00000|  0%| F|  |TAMS 0x000000070aa00000, 0x000000070aa00000| Untracked 
|   6|0x000000070ac00000, 0x000000070ac00000, 0x000000070ae00000|  0%| F|  |TAMS 0x000000070ac00000, 0x000000070ac00000| Untracked 
|   7|0x000000070ae00000, 0x000000070ae00000, 0x000000070b000000|  0%| F|  |TAMS 0x000000070ae00000, 0x000000070ae00000| Untracked 
|   8|0x000000070b000000, 0x000000070b000000, 0x000000070b200000|  0%| F|  |TAMS 0x000000070b000000, 0x000000070b000000| Untracked 
|   9|0x000000070b200000, 0x000000070b200000, 0x000000070b400000|  0%| F|  |TAMS 0x000000070b200000, 0x000000070b200000| Untracked 
|  10|0x000000070b400000, 0x000000070b400000, 0x000000070b600000|  0%| F|  |TAMS 0x000000070b400000, 0x000000070b400000| Untracked 
|  11|0x000000070b600000, 0x000000070b600000, 0x000000070b800000|  0%| F|  |TAMS 0x000000070b600000, 0x000000070b600000| Untracked 
|  12|0x000000070b800000, 0x000000070b800000, 0x000000070ba00000|  0%| F|  |TAMS 0x000000070b800000, 0x000000070b800000| Untracked 
|  13|0x000000070ba00000, 0x000000070ba00000, 0x000000070bc00000|  0%| F|  |TAMS 0x000000070ba00000, 0x000000070ba00000| Untracked 
|  14|0x000000070bc00000, 0x000000070bc00000, 0x000000070be00000|  0%| F|  |TAMS 0x000000070bc00000, 0x000000070bc00000| Untracked 
|  15|0x000000070be00000, 0x000000070be00000, 0x000000070c000000|  0%| F|  |TAMS 0x000000070be00000, 0x000000070be00000| Untracked 
|  16|0x000000070c000000, 0x000000070c000000, 0x000000070c200000|  0%| F|  |TAMS 0x000000070c000000, 0x000000070c000000| Untracked 
|  17|0x000000070c200000, 0x000000070c200000, 0x000000070c400000|  0%| F|  |TAMS 0x000000070c200000, 0x000000070c200000| Untracked 
|  18|0x000000070c400000, 0x000000070c400000, 0x000000070c600000|  0%| F|  |TAMS 0x000000070c400000, 0x000000070c400000| Untracked 
|  19|0x000000070c600000, 0x000000070c600000, 0x000000070c800000|  0%| F|  |TAMS 0x000000070c600000, 0x000000070c600000| Untracked 
|  20|0x000000070c800000, 0x000000070c800000, 0x000000070ca00000|  0%| F|  |TAMS 0x000000070c800000, 0x000000070c800000| Untracked 
|  21|0x000000070ca00000, 0x000000070ca00000, 0x000000070cc00000|  0%| F|  |TAMS 0x000000070ca00000, 0x000000070ca00000| Untracked 
|  22|0x000000070cc00000, 0x000000070cc00000, 0x000000070ce00000|  0%| F|  |TAMS 0x000000070cc00000, 0x000000070cc00000| Untracked 
|  23|0x000000070ce00000, 0x000000070ce00000, 0x000000070d000000|  0%| F|  |TAMS 0x000000070ce00000, 0x000000070ce00000| Untracked 
|  24|0x000000070d000000, 0x000000070d000000, 0x000000070d200000|  0%| F|  |TAMS 0x000000070d000000, 0x000000070d000000| Untracked 
|  25|0x000000070d200000, 0x000000070d200000, 0x000000070d400000|  0%| F|  |TAMS 0x000000070d200000, 0x000000070d200000| Untracked 
|  26|0x000000070d400000, 0x000000070d400000, 0x000000070d600000|  0%| F|  |TAMS 0x000000070d400000, 0x000000070d400000| Untracked 
|  27|0x000000070d600000, 0x000000070d600000, 0x000000070d800000|  0%| F|  |TAMS 0x000000070d600000, 0x000000070d600000| Untracked 
|  28|0x000000070d800000, 0x000000070d800000, 0x000000070da00000|  0%| F|  |TAMS 0x000000070d800000, 0x000000070d800000| Untracked 
|  29|0x000000070da00000, 0x000000070da00000, 0x000000070dc00000|  0%| F|  |TAMS 0x000000070da00000, 0x000000070da00000| Untracked 
|  30|0x000000070dc00000, 0x000000070dc00000, 0x000000070de00000|  0%| F|  |TAMS 0x000000070dc00000, 0x000000070dc00000| Untracked 
|  31|0x000000070de00000, 0x000000070de00000, 0x000000070e000000|  0%| F|  |TAMS 0x000000070de00000, 0x000000070de00000| Untracked 
|  32|0x000000070e000000, 0x000000070e000000, 0x000000070e200000|  0%| F|  |TAMS 0x000000070e000000, 0x000000070e000000| Untracked 
|  33|0x000000070e200000, 0x000000070e200000, 0x000000070e400000|  0%| F|  |TAMS 0x000000070e200000, 0x000000070e200000| Untracked 
|  34|0x000000070e400000, 0x000000070e400000, 0x000000070e600000|  0%| F|  |TAMS 0x000000070e400000, 0x000000070e400000| Untracked 
|  35|0x000000070e600000, 0x000000070e600000, 0x000000070e800000|  0%| F|  |TAMS 0x000000070e600000, 0x000000070e600000| Untracked 
|  36|0x000000070e800000, 0x000000070e800000, 0x000000070ea00000|  0%| F|  |TAMS 0x000000070e800000, 0x000000070e800000| Untracked 
|  37|0x000000070ea00000, 0x000000070ea00000, 0x000000070ec00000|  0%| F|  |TAMS 0x000000070ea00000, 0x000000070ea00000| Untracked 
|  38|0x000000070ec00000, 0x000000070ec00000, 0x000000070ee00000|  0%| F|  |TAMS 0x000000070ec00000, 0x000000070ec00000| Untracked 
|  39|0x000000070ee00000, 0x000000070ee00000, 0x000000070f000000|  0%| F|  |TAMS 0x000000070ee00000, 0x000000070ee00000| Untracked 
|  40|0x000000070f000000, 0x000000070f000000, 0x000000070f200000|  0%| F|  |TAMS 0x000000070f000000, 0x000000070f000000| Untracked 
|  41|0x000000070f200000, 0x000000070f200000, 0x000000070f400000|  0%| F|  |TAMS 0x000000070f200000, 0x000000070f200000| Untracked 
|  42|0x000000070f400000, 0x000000070f400000, 0x000000070f600000|  0%| F|  |TAMS 0x000000070f400000, 0x000000070f400000| Untracked 
|  43|0x000000070f600000, 0x000000070f600000, 0x000000070f800000|  0%| F|  |TAMS 0x000000070f600000, 0x000000070f600000| Untracked 
|  44|0x000000070f800000, 0x000000070f800000, 0x000000070fa00000|  0%| F|  |TAMS 0x000000070f800000, 0x000000070f800000| Untracked 
|  45|0x000000070fa00000, 0x000000070fa00000, 0x000000070fc00000|  0%| F|  |TAMS 0x000000070fa00000, 0x000000070fa00000| Untracked 
|  46|0x000000070fc00000, 0x000000070fc00000, 0x000000070fe00000|  0%| F|  |TAMS 0x000000070fc00000, 0x000000070fc00000| Untracked 
|  47|0x000000070fe00000, 0x000000070fe00000, 0x0000000710000000|  0%| F|  |TAMS 0x000000070fe00000, 0x000000070fe00000| Untracked 
|  48|0x0000000710000000, 0x0000000710000000, 0x0000000710200000|  0%| F|  |TAMS 0x0000000710000000, 0x0000000710000000| Untracked 
|  49|0x0000000710200000, 0x0000000710200000, 0x0000000710400000|  0%| F|  |TAMS 0x0000000710200000, 0x0000000710200000| Untracked 
|  50|0x0000000710400000, 0x0000000710400000, 0x0000000710600000|  0%| F|  |TAMS 0x0000000710400000, 0x0000000710400000| Untracked 
|  51|0x0000000710600000, 0x0000000710600000, 0x0000000710800000|  0%| F|  |TAMS 0x0000000710600000, 0x0000000710600000| Untracked 
|  52|0x0000000710800000, 0x0000000710800000, 0x0000000710a00000|  0%| F|  |TAMS 0x0000000710800000, 0x0000000710800000| Untracked 
|  53|0x0000000710a00000, 0x0000000710a00000, 0x0000000710c00000|  0%| F|  |TAMS 0x0000000710a00000, 0x0000000710a00000| Untracked 
|  54|0x0000000710c00000, 0x0000000710c00000, 0x0000000710e00000|  0%| F|  |TAMS 0x0000000710c00000, 0x0000000710c00000| Untracked 
|  55|0x0000000710e00000, 0x0000000710e00000, 0x0000000711000000|  0%| F|  |TAMS 0x0000000710e00000, 0x0000000710e00000| Untracked 
|  56|0x0000000711000000, 0x0000000711000000, 0x0000000711200000|  0%| F|  |TAMS 0x0000000711000000, 0x0000000711000000| Untracked 
|  57|0x0000000711200000, 0x0000000711200000, 0x0000000711400000|  0%| F|  |TAMS 0x0000000711200000, 0x0000000711200000| Untracked 
|  58|0x0000000711400000, 0x0000000711400000, 0x0000000711600000|  0%| F|  |TAMS 0x0000000711400000, 0x0000000711400000| Untracked 
|  59|0x0000000711600000, 0x0000000711600000, 0x0000000711800000|  0%| F|  |TAMS 0x0000000711600000, 0x0000000711600000| Untracked 
|  60|0x0000000711800000, 0x0000000711800000, 0x0000000711a00000|  0%| F|  |TAMS 0x0000000711800000, 0x0000000711800000| Untracked 
|  61|0x0000000711a00000, 0x0000000711a00000, 0x0000000711c00000|  0%| F|  |TAMS 0x0000000711a00000, 0x0000000711a00000| Untracked 
|  62|0x0000000711c00000, 0x0000000711c00000, 0x0000000711e00000|  0%| F|  |TAMS 0x0000000711c00000, 0x0000000711c00000| Untracked 
|  63|0x0000000711e00000, 0x0000000711e00000, 0x0000000712000000|  0%| F|  |TAMS 0x0000000711e00000, 0x0000000711e00000| Untracked 
|  64|0x0000000712000000, 0x0000000712000000, 0x0000000712200000|  0%| F|  |TAMS 0x0000000712000000, 0x0000000712000000| Untracked 
|  65|0x0000000712200000, 0x0000000712200000, 0x0000000712400000|  0%| F|  |TAMS 0x0000000712200000, 0x0000000712200000| Untracked 
|  66|0x0000000712400000, 0x0000000712400000, 0x0000000712600000|  0%| F|  |TAMS 0x0000000712400000, 0x0000000712400000| Untracked 
|  67|0x0000000712600000, 0x0000000712600000, 0x0000000712800000|  0%| F|  |TAMS 0x0000000712600000, 0x0000000712600000| Untracked 
|  68|0x0000000712800000, 0x0000000712800000, 0x0000000712a00000|  0%| F|  |TAMS 0x0000000712800000, 0x0000000712800000| Untracked 
|  69|0x0000000712a00000, 0x0000000712a00000, 0x0000000712c00000|  0%| F|  |TAMS 0x0000000712a00000, 0x0000000712a00000| Untracked 
|  70|0x0000000712c00000, 0x0000000712c00000, 0x0000000712e00000|  0%| F|  |TAMS 0x0000000712c00000, 0x0000000712c00000| Untracked 
|  71|0x0000000712e00000, 0x0000000712e00000, 0x0000000713000000|  0%| F|  |TAMS 0x0000000712e00000, 0x0000000712e00000| Untracked 
|  72|0x0000000713000000, 0x0000000713000000, 0x0000000713200000|  0%| F|  |TAMS 0x0000000713000000, 0x0000000713000000| Untracked 
|  73|0x0000000713200000, 0x0000000713200000, 0x0000000713400000|  0%| F|  |TAMS 0x0000000713200000, 0x0000000713200000| Untracked 
|  74|0x0000000713400000, 0x0000000713400000, 0x0000000713600000|  0%| F|  |TAMS 0x0000000713400000, 0x0000000713400000| Untracked 
|  75|0x0000000713600000, 0x0000000713600000, 0x0000000713800000|  0%| F|  |TAMS 0x0000000713600000, 0x0000000713600000| Untracked 
|  76|0x0000000713800000, 0x0000000713800000, 0x0000000713a00000|  0%| F|  |TAMS 0x0000000713800000, 0x0000000713800000| Untracked 
|  77|0x0000000713a00000, 0x0000000713a00000, 0x0000000713c00000|  0%| F|  |TAMS 0x0000000713a00000, 0x0000000713a00000| Untracked 
|  78|0x0000000713c00000, 0x0000000713c00000, 0x0000000713e00000|  0%| F|  |TAMS 0x0000000713c00000, 0x0000000713c00000| Untracked 
|  79|0x0000000713e00000, 0x0000000713e00000, 0x0000000714000000|  0%| F|  |TAMS 0x0000000713e00000, 0x0000000713e00000| Untracked 
|  80|0x0000000714000000, 0x0000000714000000, 0x0000000714200000|  0%| F|  |TAMS 0x0000000714000000, 0x0000000714000000| Untracked 
|  81|0x0000000714200000, 0x0000000714200000, 0x0000000714400000|  0%| F|  |TAMS 0x0000000714200000, 0x0000000714200000| Untracked 
|  82|0x0000000714400000, 0x0000000714400000, 0x0000000714600000|  0%| F|  |TAMS 0x0000000714400000, 0x0000000714400000| Untracked 
|  83|0x0000000714600000, 0x0000000714600000, 0x0000000714800000|  0%| F|  |TAMS 0x0000000714600000, 0x0000000714600000| Untracked 
|  84|0x0000000714800000, 0x0000000714800000, 0x0000000714a00000|  0%| F|  |TAMS 0x0000000714800000, 0x0000000714800000| Untracked 
|  85|0x0000000714a00000, 0x0000000714a00000, 0x0000000714c00000|  0%| F|  |TAMS 0x0000000714a00000, 0x0000000714a00000| Untracked 
|  86|0x0000000714c00000, 0x0000000714c00000, 0x0000000714e00000|  0%| F|  |TAMS 0x0000000714c00000, 0x0000000714c00000| Untracked 
|  87|0x0000000714e00000, 0x0000000714e00000, 0x0000000715000000|  0%| F|  |TAMS 0x0000000714e00000, 0x0000000714e00000| Untracked 
|  88|0x0000000715000000, 0x0000000715000000, 0x0000000715200000|  0%| F|  |TAMS 0x0000000715000000, 0x0000000715000000| Untracked 
|  89|0x0000000715200000, 0x0000000715200000, 0x0000000715400000|  0%| F|  |TAMS 0x0000000715200000, 0x0000000715200000| Untracked 
|  90|0x0000000715400000, 0x0000000715400000, 0x0000000715600000|  0%| F|  |TAMS 0x0000000715400000, 0x0000000715400000| Untracked 
|  91|0x0000000715600000, 0x0000000715600000, 0x0000000715800000|  0%| F|  |TAMS 0x0000000715600000, 0x0000000715600000| Untracked 
|  92|0x0000000715800000, 0x0000000715800000, 0x0000000715a00000|  0%| F|  |TAMS 0x0000000715800000, 0x0000000715800000| Untracked 
|  93|0x0000000715a00000, 0x0000000715a00000, 0x0000000715c00000|  0%| F|  |TAMS 0x0000000715a00000, 0x0000000715a00000| Untracked 
|  94|0x0000000715c00000, 0x0000000715c00000, 0x0000000715e00000|  0%| F|  |TAMS 0x0000000715c00000, 0x0000000715c00000| Untracked 
|  95|0x0000000715e00000, 0x0000000715e00000, 0x0000000716000000|  0%| F|  |TAMS 0x0000000715e00000, 0x0000000715e00000| Untracked 
|  96|0x0000000716000000, 0x0000000716000000, 0x0000000716200000|  0%| F|  |TAMS 0x0000000716000000, 0x0000000716000000| Untracked 
|  97|0x0000000716200000, 0x0000000716200000, 0x0000000716400000|  0%| F|  |TAMS 0x0000000716200000, 0x0000000716200000| Untracked 
|  98|0x0000000716400000, 0x0000000716400000, 0x0000000716600000|  0%| F|  |TAMS 0x0000000716400000, 0x0000000716400000| Untracked 
|  99|0x0000000716600000, 0x0000000716600000, 0x0000000716800000|  0%| F|  |TAMS 0x0000000716600000, 0x0000000716600000| Untracked 
| 100|0x0000000716800000, 0x0000000716800000, 0x0000000716a00000|  0%| F|  |TAMS 0x0000000716800000, 0x0000000716800000| Untracked 
| 101|0x0000000716a00000, 0x0000000716a00000, 0x0000000716c00000|  0%| F|  |TAMS 0x0000000716a00000, 0x0000000716a00000| Untracked 
| 102|0x0000000716c00000, 0x0000000716c00000, 0x0000000716e00000|  0%| F|  |TAMS 0x0000000716c00000, 0x0000000716c00000| Untracked 
| 103|0x0000000716e00000, 0x0000000716e00000, 0x0000000717000000|  0%| F|  |TAMS 0x0000000716e00000, 0x0000000716e00000| Untracked 
| 104|0x0000000717000000, 0x0000000717000000, 0x0000000717200000|  0%| F|  |TAMS 0x0000000717000000, 0x0000000717000000| Untracked 
| 105|0x0000000717200000, 0x0000000717200000, 0x0000000717400000|  0%| F|  |TAMS 0x0000000717200000, 0x0000000717200000| Untracked 
| 106|0x0000000717400000, 0x0000000717400000, 0x0000000717600000|  0%| F|  |TAMS 0x0000000717400000, 0x0000000717400000| Untracked 
| 107|0x0000000717600000, 0x0000000717600000, 0x0000000717800000|  0%| F|  |TAMS 0x0000000717600000, 0x0000000717600000| Untracked 
| 108|0x0000000717800000, 0x0000000717800000, 0x0000000717a00000|  0%| F|  |TAMS 0x0000000717800000, 0x0000000717800000| Untracked 
| 109|0x0000000717a00000, 0x0000000717a00000, 0x0000000717c00000|  0%| F|  |TAMS 0x0000000717a00000, 0x0000000717a00000| Untracked 
| 110|0x0000000717c00000, 0x0000000717c00000, 0x0000000717e00000|  0%| F|  |TAMS 0x0000000717c00000, 0x0000000717c00000| Untracked 
| 111|0x0000000717e00000, 0x0000000717e00000, 0x0000000718000000|  0%| F|  |TAMS 0x0000000717e00000, 0x0000000717e00000| Untracked 
| 112|0x0000000718000000, 0x0000000718000000, 0x0000000718200000|  0%| F|  |TAMS 0x0000000718000000, 0x0000000718000000| Untracked 
| 113|0x0000000718200000, 0x0000000718200000, 0x0000000718400000|  0%| F|  |TAMS 0x0000000718200000, 0x0000000718200000| Untracked 
| 114|0x0000000718400000, 0x00000007185c3e38, 0x0000000718600000| 88%| E|  |TAMS 0x0000000718400000, 0x0000000718400000| Complete 
| 115|0x0000000718600000, 0x0000000718800000, 0x0000000718800000|100%| E|CS|TAMS 0x0000000718600000, 0x0000000718600000| Complete 
| 116|0x0000000718800000, 0x0000000718a00000, 0x0000000718a00000|100%| E|CS|TAMS 0x0000000718800000, 0x0000000718800000| Complete 
| 117|0x0000000718a00000, 0x0000000718c00000, 0x0000000718c00000|100%| E|CS|TAMS 0x0000000718a00000, 0x0000000718a00000| Complete 
| 118|0x0000000718c00000, 0x0000000718e00000, 0x0000000718e00000|100%| E|CS|TAMS 0x0000000718c00000, 0x0000000718c00000| Complete 
| 119|0x0000000718e00000, 0x0000000719000000, 0x0000000719000000|100%| E|CS|TAMS 0x0000000718e00000, 0x0000000718e00000| Complete 
| 120|0x0000000719000000, 0x0000000719200000, 0x0000000719200000|100%| E|CS|TAMS 0x0000000719000000, 0x0000000719000000| Complete 
| 121|0x0000000719200000, 0x0000000719400000, 0x0000000719400000|100%| E|  |TAMS 0x0000000719200000, 0x0000000719200000| Complete 
| 122|0x0000000719400000, 0x0000000719600000, 0x0000000719600000|100%| E|CS|TAMS 0x0000000719400000, 0x0000000719400000| Complete 

Card table byte_map: [0x000001e9c8100000,0x000001e9c88b0000] _byte_map_base: 0x000001e9c48b0000

Marking Bits (Prev, Next): (CMBitMap*) 0x000001e9b0c5c4f0, (CMBitMap*) 0x000001e9b0c5c530
 Prev Bits: [0x000001e9c9060000, 0x000001e9ccde0000)
 Next Bits: [0x000001e9ccde0000, 0x000001e9d0b60000)

Polling page: 0x000001e9aeb60000

Metaspace:

Usage:
  Non-class:      3.32 MB used.
      Class:    398.41 KB used.
       Both:      3.71 MB used.

Virtual space:
  Non-class space:        8.00 MB reserved,       3.44 MB ( 43%) committed,  1 nodes.
      Class space:        1.00 GB reserved,     512.00 KB ( <1%) committed,  1 nodes.
             Both:        1.01 GB reserved,       3.94 MB ( <1%) committed. 

Chunk freelists:
   Non-Class:  2.73 MB
       Class:  3.54 MB
        Both:  6.28 MB

MaxMetaspaceSize: unlimited
CompressedClassSpaceSize: 1.00 GB
Initial GC threshold: 21.00 MB
Current GC threshold: 21.00 MB
CDS: on
MetaspaceReclaimPolicy: balanced
 - commit_granule_bytes: 65536.
 - commit_granule_words: 8192.
 - virtual_space_node_default_size: 1048576.
 - enlarge_chunks_in_place: 1.
 - new_chunks_are_fully_committed: 0.
 - uncommit_free_chunks: 1.
 - use_allocation_guard: 0.
 - handle_deallocations: 1.


Internal statistics:

num_allocs_failed_limit: 0.
num_arena_births: 70.
num_arena_deaths: 0.
num_vsnodes_births: 2.
num_vsnodes_deaths: 0.
num_space_committed: 63.
num_space_uncommitted: 0.
num_chunks_returned_to_freelist: 0.
num_chunks_taken_from_freelist: 160.
num_chunk_merges: 0.
num_chunk_splits: 98.
num_chunks_enlarged: 63.
num_purges: 0.
num_inconsistent_stats: 0.

CodeHeap 'non-profiled nmethods': size=120000Kb used=266Kb max_used=266Kb free=119733Kb
 bounds [0x000001e9bfed0000, 0x000001e9c0140000, 0x000001e9c7400000]
CodeHeap 'profiled nmethods': size=120000Kb used=1445Kb max_used=1445Kb free=118554Kb
 bounds [0x000001e9b89a0000, 0x000001e9b8c10000, 0x000001e9bfed0000]
CodeHeap 'non-nmethods': size=5760Kb used=1144Kb max_used=1160Kb free=4615Kb
 bounds [0x000001e9b8400000, 0x000001e9b8670000, 0x000001e9b89a0000]
 total_blobs=1251 nmethods=820 adapters=344
 compilation: enabled
              stopped_count=0, restarted_count=0
 full_count=0

Compilation events (20 events):
Event: 0.971 Thread 0x000001e9d37dd590  740       3       java.io.WinNTFileSystem::isSlash (18 bytes)
Event: 0.971 Thread 0x000001e9d37dd590 nmethod 740 0x000001e9b8ad3010 code [0x000001e9b8ad31a0, 0x000001e9b8ad3338]
Event: 0.973 Thread 0x000001e9d37dd590  742       3       java.nio.ByteBuffer::position (8 bytes)
Event: 0.973 Thread 0x000001e9d37dd590 nmethod 742 0x000001e9b8ad3410 code [0x000001e9b8ad35a0, 0x000001e9b8ad36e8]
Event: 0.973 Thread 0x000001e9d37dd590  743       3       org.springframework.util.StringUtils::hasLength (17 bytes)
Event: 0.973 Thread 0x000001e9d37dd590 nmethod 743 0x000001e9b8ad3790 code [0x000001e9b8ad3940, 0x000001e9b8ad3b98]
Event: 0.976 Thread 0x000001e9d37dd590  744       3       java.lang.invoke.MethodType::erase (8 bytes)
Event: 0.976 Thread 0x000001e9d37dd590 nmethod 744 0x000001e9b8ad3c90 code [0x000001e9b8ad3e20, 0x000001e9b8ad3f58]
Event: 0.976 Thread 0x000001e9d37dd590  745       3       sun.invoke.util.BytecodeDescriptor::unparseSig (49 bytes)
Event: 0.977 Thread 0x000001e9d37dd590 nmethod 745 0x000001e9b8ad4010 code [0x000001e9b8ad4240, 0x000001e9b8ad4768]
Event: 0.977 Thread 0x000001e9d37dd590  747       3       java.util.ImmutableCollections$ListN::size (6 bytes)
Event: 0.977 Thread 0x000001e9d37dd590 nmethod 747 0x000001e9b8ad4990 code [0x000001e9b8ad4b20, 0x000001e9b8ad4c38]
Event: 0.977 Thread 0x000001e9d37dd590  746       3       jdk.internal.org.objectweb.asm.ClassReader::readUnsignedShort (26 bytes)
Event: 0.977 Thread 0x000001e9d37dd590 nmethod 746 0x000001e9b8ad4d10 code [0x000001e9b8ad4ea0, 0x000001e9b8ad5018]
Event: 0.981 Thread 0x000001e9d37dd590  749       1       java.util.stream.AbstractPipeline::getStreamAndOpFlags (5 bytes)
Event: 0.981 Thread 0x000001e9d37dd590 nmethod 749 0x000001e9bff0ef90 code [0x000001e9bff0f120, 0x000001e9bff0f1f8]
Event: 0.981 Thread 0x000001e9d37dd590  750       3       java.util.stream.AbstractPipeline::isParallel (8 bytes)
Event: 0.981 Thread 0x000001e9d37dd590 nmethod 750 0x000001e9b8ad5110 code [0x000001e9b8ad52a0, 0x000001e9b8ad53b8]
Event: 0.981 Thread 0x000001e9d37dd590  751       3       java.util.stream.PipelineHelper::<init> (5 bytes)
Event: 0.981 Thread 0x000001e9d37dd590 nmethod 751 0x000001e9b8ad5490 code [0x000001e9b8ad5620, 0x000001e9b8ad5778]

GC Heap History (0 events):
No events

Deoptimization events (20 events):
Event: 0.697 Thread 0x000001e9b0c0f590 Uncommon trap: trap_request=0xffffff45 fr.pc=0x000001e9bfee4ee4 relative=0x0000000000000064
Event: 0.697 Thread 0x000001e9b0c0f590 Uncommon trap: reason=unstable_if action=reinterpret pc=0x000001e9bfee4ee4 method=java.io.WinNTFileSystem.isSlash(C)Z @ 9 c2
Event: 0.697 Thread 0x000001e9b0c0f590 DEOPT PACKING pc=0x000001e9bfee4ee4 sp=0x0000001c2bffdf50
Event: 0.697 Thread 0x000001e9b0c0f590 DEOPT UNPACKING pc=0x000001e9b84523a3 sp=0x0000001c2bffded8 mode 2
Event: 0.700 Thread 0x000001e9b0c0f590 DEOPT PACKING pc=0x000001e9b89d8e68 sp=0x0000001c2bffd420
Event: 0.700 Thread 0x000001e9b0c0f590 DEOPT UNPACKING pc=0x000001e9b8452b43 sp=0x0000001c2bffc8b0 mode 0
Event: 0.700 Thread 0x000001e9b0c0f590 DEOPT PACKING pc=0x000001e9b89e2efc sp=0x0000001c2bffd3d0
Event: 0.700 Thread 0x000001e9b0c0f590 DEOPT UNPACKING pc=0x000001e9b8452b43 sp=0x0000001c2bffc880 mode 0
Event: 0.702 Thread 0x000001e9b0c0f590 DEOPT PACKING pc=0x000001e9b89dc4d6 sp=0x0000001c2bff9c60
Event: 0.702 Thread 0x000001e9b0c0f590 DEOPT UNPACKING pc=0x000001e9b8452b43 sp=0x0000001c2bff9100 mode 0
Event: 0.702 Thread 0x000001e9b0c0f590 DEOPT PACKING pc=0x000001e9b89d8e68 sp=0x0000001c2bff9ca0
Event: 0.702 Thread 0x000001e9b0c0f590 DEOPT UNPACKING pc=0x000001e9b8452b43 sp=0x0000001c2bff9130 mode 0
Event: 0.758 Thread 0x000001e9b0c0f590 Uncommon trap: trap_request=0xffffff45 fr.pc=0x000001e9bfef3a64 relative=0x0000000000000244
Event: 0.758 Thread 0x000001e9b0c0f590 Uncommon trap: reason=unstable_if action=reinterpret pc=0x000001e9bfef3a64 method=java.io.BufferedReader.read()I @ 19 c2
Event: 0.758 Thread 0x000001e9b0c0f590 DEOPT PACKING pc=0x000001e9bfef3a64 sp=0x0000001c2bffd0f0
Event: 0.758 Thread 0x000001e9b0c0f590 DEOPT UNPACKING pc=0x000001e9b84523a3 sp=0x0000001c2bffd030 mode 2
Event: 0.919 Thread 0x000001e9b0c0f590 Uncommon trap: trap_request=0xffffff45 fr.pc=0x000001e9bfef2640 relative=0x0000000000000600
Event: 0.919 Thread 0x000001e9b0c0f590 Uncommon trap: reason=unstable_if action=reinterpret pc=0x000001e9bfef2640 method=java.util.jar.Manifest$FastInputStream.readLine([BII)I @ 130 c2
Event: 0.919 Thread 0x000001e9b0c0f590 DEOPT PACKING pc=0x000001e9bfef2640 sp=0x0000001c2bffe2c0
Event: 0.919 Thread 0x000001e9b0c0f590 DEOPT UNPACKING pc=0x000001e9b84523a3 sp=0x0000001c2bffe250 mode 2

Classes unloaded (0 events):
No events

Classes redefined (0 events):
No events

Internal exceptions (7 events):
Event: 0.604 Thread 0x000001e9d453aa70 Exception <a 'java/lang/NoSuchMethodError'{0x0000000718c04698}: 'java.lang.Object java.lang.invoke.DirectMethodHandle$Holder.invokeStaticInit(java.lang.Object)'> (0x0000000718c04698) 
thrown [t:\workspace\open\src\hotspot\share\interpreter\linkResolver.cpp, line 766]
Event: 0.620 Thread 0x000001e9d453aa70 Exception <a 'java/lang/NoSuchMethodError'{0x0000000718c12328}: 'void java.lang.invoke.DirectMethodHandle$Holder.invokeStatic(java.lang.Object, java.lang.Object)'> (0x0000000718c12328) 
thrown [t:\workspace\open\src\hotspot\share\interpreter\linkResolver.cpp, line 766]
Event: 0.755 Thread 0x000001e9b0c0f590 Exception <a 'java/lang/ClassNotFoundException'{0x0000000718aea4f8}: javax/smartcardio/CardPermission> (0x0000000718aea4f8) 
thrown [t:\workspace\open\src\hotspot\share\classfile\systemDictionary.cpp, line 256]
Event: 0.761 Thread 0x000001e9b0c0f590 Exception <a 'java/io/FileNotFoundException'{0x0000000718af85e0}> (0x0000000718af85e0) 
thrown [t:\workspace\open\src\hotspot\share\prims\jni.cpp, line 516]
Event: 0.803 Thread 0x000001e9b0c0f590 Exception <a 'java/lang/NoSuchMethodError'{0x0000000718b73a80}: 'java.lang.Object java.lang.invoke.DirectMethodHandle$Holder.invokeSpecial(java.lang.Object, java.lang.Object, java.lang.Object, long, java.lang.Object)'> (0x0000000718b73a80) 
thrown [t:\workspace\open\src\hotspot\share\interpreter\linkResolver.cpp, line 766]
Event: 0.804 Thread 0x000001e9b0c0f590 Exception <a 'java/lang/NoSuchMethodError'{0x0000000718b77650}: 'java.lang.Object java.lang.invoke.Invokers$Holder.linkToTargetMethod(java.lang.Object, long, java.lang.Object, java.lang.Object)'> (0x0000000718b77650) 
thrown [t:\workspace\open\src\hotspot\share\interpreter\linkResolver.cpp, line 766]
Event: 0.933 Thread 0x000001e9b0c0f590 Exception <a 'java/lang/NoSuchMethodError'{0x000000071868eb90}: 'void java.lang.invoke.DirectMethodHandle$Holder.invokeStatic(java.lang.Object, java.lang.Object, java.lang.Object, java.lang.Object)'> (0x000000071868eb90) 
thrown [t:\workspace\open\src\hotspot\share\interpreter\linkResolver.cpp, line 766]

VM Operations (8 events):
Event: 0.351 Executing VM operation: HandshakeAllThreads
Event: 0.351 Executing VM operation: HandshakeAllThreads done
Event: 0.601 Executing VM operation: HandshakeAllThreads
Event: 0.601 Executing VM operation: HandshakeAllThreads done
Event: 0.684 Executing VM operation: HandshakeAllThreads
Event: 0.684 Executing VM operation: HandshakeAllThreads done
Event: 0.697 Executing VM operation: HandshakeAllThreads
Event: 0.697 Executing VM operation: HandshakeAllThreads done

Events (20 events):
Event: 0.979 loading class java/util/stream/Node$OfPrimitive
Event: 0.979 loading class java/util/stream/Node$OfPrimitive done
Event: 0.979 loading class java/util/stream/Node$OfInt done
Event: 0.979 loading class java/util/stream/Nodes$EmptyNode$OfInt done
Event: 0.979 loading class java/util/stream/Nodes$EmptyNode$OfLong
Event: 0.979 loading class java/util/stream/Node$OfLong
Event: 0.979 loading class java/util/stream/Node$OfLong done
Event: 0.979 loading class java/util/stream/Nodes$EmptyNode$OfLong done
Event: 0.979 loading class java/util/stream/Nodes$EmptyNode$OfDouble
Event: 0.979 loading class java/util/stream/Node$OfDouble
Event: 0.980 loading class java/util/stream/Node$OfDouble done
Event: 0.980 loading class java/util/stream/Nodes$EmptyNode$OfDouble done
Event: 0.980 loading class java/util/stream/Nodes$SpinedNodeBuilder
Event: 0.980 loading class java/util/stream/Node$Builder
Event: 0.980 loading class java/util/stream/Node$Builder done
Event: 0.980 loading class java/util/stream/SpinedBuffer
Event: 0.980 loading class java/util/stream/AbstractSpinedBuffer
Event: 0.980 loading class java/util/stream/AbstractSpinedBuffer done
Event: 0.980 loading class java/util/stream/SpinedBuffer done
Event: 0.980 loading class java/util/stream/Nodes$SpinedNodeBuilder done


Dynamic libraries:
0x00007ff63a1d0000 - 0x00007ff63a1e0000 	D:\Programs\Java\jdk-17\bin\java.exe
0x00007ffacb8d0000 - 0x00007ffacbae7000 	C:\WINDOWS\SYSTEM32\ntdll.dll
0x00007ffacada0000 - 0x00007ffacae64000 	C:\WINDOWS\System32\KERNEL32.DLL
0x00007ffac8c00000 - 0x00007ffac8fad000 	C:\WINDOWS\System32\KERNELBASE.dll
0x00007ffac9260000 - 0x00007ffac9371000 	C:\WINDOWS\System32\ucrtbase.dll
0x00007ffac6730000 - 0x00007ffac674a000 	D:\Programs\Java\jdk-17\bin\VCRUNTIME140.dll
0x00007ffac2d80000 - 0x00007ffac2d98000 	D:\Programs\Java\jdk-17\bin\jli.dll
0x00007ffacb180000 - 0x00007ffacb232000 	C:\WINDOWS\System32\ADVAPI32.dll
0x00007ffacb530000 - 0x00007ffacb5d7000 	C:\WINDOWS\System32\msvcrt.dll
0x00007ffacb3c0000 - 0x00007ffacb469000 	C:\WINDOWS\System32\sechost.dll
0x00007ffac90d0000 - 0x00007ffac90f8000 	C:\WINDOWS\System32\bcrypt.dll
0x00007ffacb2a0000 - 0x00007ffacb3b4000 	C:\WINDOWS\System32\RPCRT4.dll
0x00007ffacae70000 - 0x00007ffacb01e000 	C:\WINDOWS\System32\USER32.dll
0x00007ffac9380000 - 0x00007ffac93a6000 	C:\WINDOWS\System32\win32u.dll
0x00007ffacb500000 - 0x00007ffacb529000 	C:\WINDOWS\System32\GDI32.dll
0x00007ffac8fb0000 - 0x00007ffac90c9000 	C:\WINDOWS\System32\gdi32full.dll
0x00007ffac9100000 - 0x00007ffac919a000 	C:\WINDOWS\System32\msvcp_win.dll
0x00007ffaa9630000 - 0x00007ffaa98c3000 	C:\WINDOWS\WinSxS\amd64_microsoft.windows.common-controls_6595b64144ccf1df_6.0.22621.3672_none_2713b9d173822955\COMCTL32.dll
0x00007ffabd3b0000 - 0x00007ffabd3ba000 	C:\WINDOWS\SYSTEM32\VERSION.dll
0x00007ffaca9a0000 - 0x00007ffaca9d1000 	C:\WINDOWS\System32\IMM32.DLL
0x00007ffac67f0000 - 0x00007ffac67fc000 	D:\Programs\Java\jdk-17\bin\vcruntime140_1.dll
0x00007ffab5470000 - 0x00007ffab54fd000 	D:\Programs\Java\jdk-17\bin\msvcp140.dll
0x00007ffa7bda0000 - 0x00007ffa7c95e000 	D:\Programs\Java\jdk-17\bin\server\jvm.dll
0x00007ffacb780000 - 0x00007ffacb788000 	C:\WINDOWS\System32\PSAPI.DLL
0x00007ffac0fb0000 - 0x00007ffac0fe4000 	C:\WINDOWS\SYSTEM32\WINMM.dll
0x00007ffaadbe0000 - 0x00007ffaadbe9000 	C:\WINDOWS\SYSTEM32\WSOCK32.dll
0x00007ffacb470000 - 0x00007ffacb4e1000 	C:\WINDOWS\System32\WS2_32.dll
0x00007ffac7c00000 - 0x00007ffac7c18000 	C:\WINDOWS\SYSTEM32\kernel.appcore.dll
0x00007ffac56a0000 - 0x00007ffac56aa000 	D:\Programs\Java\jdk-17\bin\jimage.dll
0x00007ffac6390000 - 0x00007ffac65c2000 	C:\WINDOWS\SYSTEM32\DBGHELP.DLL
0x00007ffac9770000 - 0x00007ffac9af8000 	C:\WINDOWS\System32\combase.dll
0x00007ffacacc0000 - 0x00007ffacad97000 	C:\WINDOWS\System32\OLEAUT32.dll
0x00007ffab0eb0000 - 0x00007ffab0ee2000 	C:\WINDOWS\SYSTEM32\dbgcore.DLL
0x00007ffac9590000 - 0x00007ffac960b000 	C:\WINDOWS\System32\bcryptPrimitives.dll
0x00007ffabb5e0000 - 0x00007ffabb5ee000 	D:\Programs\Java\jdk-17\bin\instrument.dll
0x00007ffab64e0000 - 0x00007ffab6505000 	D:\Programs\Java\jdk-17\bin\java.dll
0x00007ffab39a0000 - 0x00007ffab3a76000 	D:\Programs\Java\jdk-17\bin\svml.dll
0x00007ffac9f80000 - 0x00007ffaca7df000 	C:\WINDOWS\System32\SHELL32.dll
0x00007ffac6b00000 - 0x00007ffac73fc000 	C:\WINDOWS\SYSTEM32\windows.storage.dll
0x00007ffac69c0000 - 0x00007ffac6aff000 	C:\WINDOWS\SYSTEM32\wintypes.dll
0x00007ffacb680000 - 0x00007ffacb774000 	C:\WINDOWS\System32\SHCORE.dll
0x00007ffac96a0000 - 0x00007ffac96fe000 	C:\WINDOWS\System32\shlwapi.dll
0x00007ffac8b30000 - 0x00007ffac8b51000 	C:\WINDOWS\SYSTEM32\profapi.dll
0x00007ffabf200000 - 0x00007ffabf218000 	D:\Programs\Java\jdk-17\bin\zip.dll
0x00007ffac06d0000 - 0x00007ffac06e9000 	D:\Programs\Java\jdk-17\bin\net.dll
0x00007ffac3d00000 - 0x00007ffac3e36000 	C:\WINDOWS\SYSTEM32\WINHTTP.dll
0x00007ffac80a0000 - 0x00007ffac8109000 	C:\WINDOWS\system32\mswsock.dll
0x00007ffabf220000 - 0x00007ffabf235000 	D:\Programs\Java\jdk-17\bin\nio.dll
0x00007ffab6490000 - 0x00007ffab64aa000 	D:\Programs\IntelliJ IDEA\IntelliJ IDEA Community Edition 2024.1.2\bin\breakgen64.dll

dbghelp: loaded successfully - version: 4.0.5 - missing functions: none
symbol engine: initialized successfully - sym options: 0x614 - pdb path: .;D:\Programs\Java\jdk-17\bin;C:\WINDOWS\SYSTEM32;C:\WINDOWS\WinSxS\amd64_microsoft.windows.common-controls_6595b64144ccf1df_6.0.22621.3672_none_2713b9d173822955;D:\Programs\Java\jdk-17\bin\server;D:\Programs\IntelliJ IDEA\IntelliJ IDEA Community Edition 2024.1.2\bin

VM Arguments:
jvm_args: -javaagent:D:\Programs\IntelliJ IDEA\IntelliJ IDEA Community Edition 2024.1.2\lib\idea_rt.jar=54858:D:\Programs\IntelliJ IDEA\IntelliJ IDEA Community Edition 2024.1.2\bin -Dfile.encoding=UTF-8 
java_command: com.springboot.MybootApplication
java_class_path (initial): D:\Global-data-tek\myboot\target\classes;C:\Users\86131\.m2\repository\org\springframework\boot\spring-boot-starter-web\3.3.1\spring-boot-starter-web-3.3.1.jar;C:\Users\86131\.m2\repository\org\springframework\boot\spring-boot-starter\3.3.1\spring-boot-starter-3.3.1.jar;C:\Users\86131\.m2\repository\org\springframework\boot\spring-boot-starter-logging\3.3.1\spring-boot-starter-logging-3.3.1.jar;C:\Users\86131\.m2\repository\ch\qos\logback\logback-classic\1.5.6\logback-classic-1.5.6.jar;C:\Users\86131\.m2\repository\ch\qos\logback\logback-core\1.5.6\logback-core-1.5.6.jar;C:\Users\86131\.m2\repository\org\apache\logging\log4j\log4j-to-slf4j\2.23.1\log4j-to-slf4j-2.23.1.jar;C:\Users\86131\.m2\repository\org\apache\logging\log4j\log4j-api\2.23.1\log4j-api-2.23.1.jar;C:\Users\86131\.m2\repository\org\slf4j\jul-to-slf4j\2.0.13\jul-to-slf4j-2.0.13.jar;C:\Users\86131\.m2\repository\jakarta\annotation\jakarta.annotation-api\2.1.1\jakarta.annotation-api-2.1.1.jar;C:\Users\86131\.m2\repository\org\yaml\snakeyaml\2.2\snakeyaml-2.2.jar;C:\Users\86131\.m2\repository\org\springframework\boot\spring-boot-starter-json\3.3.1\spring-boot-starter-json-3.3.1.jar;C:\Users\86131\.m2\repository\com\fasterxml\jackson\core\jackson-databind\2.17.1\jackson-databind-2.17.1.jar;C:\Users\86131\.m2\repository\com\fasterxml\jackson\core\jackson-annotations\2.17.1\jackson-annotations-2.17.1.jar;C:\Users\86131\.m2\repository\com\fasterxml\jackson\core\jackson-core\2.17.1\jackson-core-2.17.1.jar;C:\Users\86131\.m2\repository\com\fasterxml\jackson\datatype\jackson-datatype-jdk8\2.17.1\jackson-datatype-jdk8-2.17.1.jar;C:\Users\86131\.m2\repository\com\fasterxml\jackson\datatype\jackson-datatype-jsr310\2.17.1\jackson-datatype-jsr310-2.17.1.jar;C:\Users\86131\.m2\repository\com\fasterxml\jackson\module\jackson-module-parameter-names\2.17.1\jackson-module-parameter-names-2.17.1.jar;C:\Users\86131\.m2\repository\org\springframework\boot\spring-boot-starter-tomcat\3.3.1\spring-b
Launcher Type: SUN_STANDARD

[Global flags]
     intx CICompilerCount                          = 4                                         {product} {ergonomic}
     uint ConcGCThreads                            = 3                                         {product} {ergonomic}
     uint G1ConcRefinementThreads                  = 10                                        {product} {ergonomic}
   size_t G1HeapRegionSize                         = 2097152                                   {product} {ergonomic}
    uintx GCDrainStackTargetSize                   = 64                                        {product} {ergonomic}
   size_t InitialHeapSize                          = 257949696                                 {product} {ergonomic}
   size_t MarkStackSize                            = 4194304                                   {product} {ergonomic}
   size_t MaxHeapSize                              = 4127195136                                {product} {ergonomic}
   size_t MaxNewSize                               = 2474639360                                {product} {ergonomic}
   size_t MinHeapDeltaBytes                        = 2097152                                   {product} {ergonomic}
   size_t MinHeapSize                              = 8388608                                   {product} {ergonomic}
    uintx NonNMethodCodeHeapSize                   = 5839372                                {pd product} {ergonomic}
    uintx NonProfiledCodeHeapSize                  = 122909434                              {pd product} {ergonomic}
    uintx ProfiledCodeHeapSize                     = 122909434                              {pd product} {ergonomic}
    uintx ReservedCodeCacheSize                    = 251658240                              {pd product} {ergonomic}
     bool SegmentedCodeCache                       = true                                      {product} {ergonomic}
   size_t SoftMaxHeapSize                          = 4127195136                             {manageable} {ergonomic}
     bool UseCompressedClassPointers               = true                           {product lp64_product} {ergonomic}
     bool UseCompressedOops                        = true                           {product lp64_product} {ergonomic}
     bool UseG1GC                                  = true                                      {product} {ergonomic}
     bool UseLargePagesIndividualAllocation        = false                                  {pd product} {ergonomic}

Logging:
Log output configuration:
 #0: stdout all=warning uptime,level,tags
 #1: stderr all=off uptime,level,tags

Environment Variables:
JAVA_HOME=C:\Users\86131\.jdks\corretto-1.8.0_322
CLASSPATH=C:\Users\86131\.jdks\corretto-1.8.0_322\lib\dt.jar;C:\Users\86131\.jdks\corretto-1.8.0_322\lib\tools.jar;
PATH=D:\Programs\Android\Sdk\tools\bin;C:\WINDOWS\system32;C:\WINDOWS;C:\WINDOWS\System32\Wbem;C:\WINDOWS\System32\WindowsPowerShell\v1.0\;C:\WINDOWS\System32\OpenSSH\;D:\Programs\Sublime Text;"C:\Users\86131\.jdks\corretto-1.8.0_322\bin;C:\Users\86131\.jdks\corretto-1.8.0_322\jre\bin;";D:\Programs\Python3.8.10\Lib;;:\Programs\Python3.8.10\Lib\site-packages\osgeo;C:\WINDOWS\system32;C:\WINDOWS;C:\WINDOWS\System32\Wbem;C:\WINDOWS\System32\WindowsPowerShell\v1.0\;C:\WINDOWS\System32\OpenSSH\;C:\Program Files\Git\cmd;D:\Programs\gradle-7.4.1\bin;D:\Programs\Android\Android Studio\jre;D:\Programs\Android\Sdk\emulator;D:\Programs\Maven\apache-maven-3.8.5-bin\apache-maven-3.8.5\bin;C:\Users\86131\.jdks\corretto-11.0.14.1;C:\Users\86131\AppData\Local\nvs\nvs.ps1;D:\Programs\MySQL\MySQL Server 8.0;D:\Programs\nodejs\;D:\Programs\Python3.8.10\Scripts\;D:\Programs\Python3.8.10\;C:\Users\86131\AppData\Local\Microsoft\WindowsApps;C:\Users\86131\.dotnet\tools;C:\Users\86131\AppData\Local\GitHubDesktop\bin;D:\Programs\Pycharm\PyCharm 2021.3.1\bin;D:\Programs\IntelliJ IDEA\IntelliJ IDEA 2021.3.1\bin;D:\Programs\Android\Sdk\emulator;D:\Programs\Android\Sdk\cmdline-tools\latest\bin;D:\Programs\Android\Sdk\platform-tools;D:\Programs\Android\Sdk\tools;D:\Programs\Android\Android Studio\jre;C:\Users\86131\AppData\Local\atom\bin;C:\Users\86131\AppData\Local\Microsoft\WindowsApps;;D:\Programs\Microsoft VS Code\bin;C:\Users\86131\AppData\Local\nvs\;D:\Programs\IntelliJ IDEA\IntelliJ IDEA 2024.1\bin;;D:\Programs\IntelliJ IDEA\IntelliJ IDEA Community Edition 2024.1.2\bin;;C:\Users\86131\AppData\Roaming\npm
USERNAME=86131
OS=Windows_NT
PROCESSOR_IDENTIFIER=AMD64 Family 23 Model 96 Stepping 1, AuthenticAMD



---------------  S Y S T E M  ---------------

OS:
 Windows 10 , 64 bit Build 22621 (10.0.22621.3672)
OS uptime: 1 days 3:27 hours
Hyper-V role detected

CPU: total 12 (initial active 12) (12 cores per cpu, 2 threads per core) family 23 model 96 stepping 1 microcode 0x0, cx8, cmov, fxsr, ht, mmx, 3dnowpref, sse, sse2, sse3, ssse3, sse4a, sse4.1, sse4.2, popcnt, lzcnt, tsc, tscinvbit, avx, avx2, aes, clmul, bmi1, bmi2, adx, sha, fma, vzeroupper, clflush, clflushopt, hv

Memory: 4k page, system-wide physical 15741M (6397M free)
TotalPageFile size 19837M (AvailPageFile size 412M)
current process WorkingSet (physical memory assigned to process): 68M, peak: 68M
current process commit charge ("private bytes"): 353M, peak: 353M

vm_info: Java HotSpot(TM) 64-Bit Server VM (17+35-LTS-2724) for windows-amd64 JRE (17+35-LTS-2724), built on Aug  5 2021 23:28:28 by "mach5one" with MS VC++ 16.8 (VS2019)

END.
