#
# There is insufficient memory for the Java Runtime Environment to continue.
# Native memory allocation (malloc) failed to allocate 1217936 bytes for Chunk::new
# Possible reasons:
#   The system is out of physical RAM or swap space
#   The process is running with CompressedOops enabled, and the Java Heap may be blocking the growth of the native heap
# Possible solutions:
#   Reduce memory load on the system
#   Increase physical memory or swap space
#   Check if swap backing store is full
#   Decrease Java heap size (-Xmx/-Xms)
#   Decrease number of Java threads
#   Decrease Java thread stack sizes (-Xss)
#   Set larger code cache with -XX:ReservedCodeCacheSize=
#   JVM is running with Zero Based Compressed Oops mode in which the Java heap is
#     placed in the first 32GB address space. The Java Heap base address is the
#     maximum limit for the native heap growth. Please use -XX:HeapBaseMinAddress
#     to set the Java Heap base and to place the Java Heap above 32GB virtual address.
# This output file may be truncated or incomplete.
#
#  Out of Memory Error (arena.cpp:189), pid=40508, tid=23980
#
# JRE version: Java(TM) SE Runtime Environment (17.0+35) (build 17+35-LTS-2724)
# Java VM: Java HotSpot(TM) 64-Bit Server VM (17+35-LTS-2724, mixed mode, sharing, tiered, compressed oops, compressed class ptrs, g1 gc, windows-amd64)
# No core dump will be written. Minidumps are not enabled by default on client versions of Windows
#

---------------  S U M M A R Y ------------

Command Line: -javaagent:D:\Programs\IntelliJ IDEA\IntelliJ IDEA Community Edition 2024.1.2\lib\idea_rt.jar=54855:D:\Programs\IntelliJ IDEA\IntelliJ IDEA Community Edition 2024.1.2\bin -Dfile.encoding=UTF-8 com.springboot.MybootApplication

Host: AMD Ryzen 5 4600U with Radeon Graphics         , 12 cores, 15G,  Windows 10 , 64 bit Build 22621 (10.0.22621.3672)
Time: Tue Jul 16 13:13:47 2024  Windows 10 , 64 bit Build 22621 (10.0.22621.3672) elapsed time: 4.124280 seconds (0d 0h 0m 4s)

---------------  T H R E A D  ---------------

Current thread (0x0000019a90b559a0):  JavaThread "C2 CompilerThread2" daemon [_thread_in_native, id=23980, stack(0x00000041c7f00000,0x00000041c8000000)]


Current CompileTask:
C2:   4124 2740   !   4       jdk.internal.loader.BuiltinClassLoader::loadClassOrNull (143 bytes)

Stack: [0x00000041c7f00000,0x00000041c8000000]
Native frames: (J=compiled Java code, j=interpreted, Vv=VM code, C=native code)
V  [jvm.dll+0x66f8ea]
V  [jvm.dll+0x7ce224]
V  [jvm.dll+0x7cf9ce]
V  [jvm.dll+0x7d0033]
V  [jvm.dll+0x242bb5]
V  [jvm.dll+0xaa05b]
V  [jvm.dll+0xaa5ec]
V  [jvm.dll+0x35f9a2]
V  [jvm.dll+0x1b9822]
V  [jvm.dll+0x215df9]
V  [jvm.dll+0x2150c1]
V  [jvm.dll+0x1a168d]
V  [jvm.dll+0x2248f8]
V  [jvm.dll+0x222a5c]
V  [jvm.dll+0x78422b]
V  [jvm.dll+0x77e7ea]
V  [jvm.dll+0x66e715]
C  [ucrtbase.dll+0x29333]
C  [KERNEL32.DLL+0x1257d]
C  [ntdll.dll+0x5af28]


---------------  P R O C E S S  ---------------

Threads class SMR info:
_java_thread_list=0x0000019a9138aba0, length=17, elements={
0x0000019aec6cf5f0, 0x0000019a8f2e2ee0, 0x0000019a8f2e3a60, 0x0000019a8f2f39a0,
0x0000019a8f2f5670, 0x0000019a8f2f5f30, 0x0000019a8f2f67f0, 0x0000019a8f2f73e0,
0x0000019a8f2fb290, 0x0000019a8f307bc0, 0x0000019a8fceeca0, 0x0000019a8fd7fd70,
0x0000019a8fd80240, 0x0000019a90671520, 0x0000019a90672720, 0x0000019a906fd240,
0x0000019a90b559a0
}

Java Threads: ( => current thread )
  0x0000019aec6cf5f0 JavaThread "main" [_thread_blocked, id=40328, stack(0x00000041c6300000,0x00000041c6400000)]
  0x0000019a8f2e2ee0 JavaThread "Reference Handler" daemon [_thread_blocked, id=35280, stack(0x00000041c6a00000,0x00000041c6b00000)]
  0x0000019a8f2e3a60 JavaThread "Finalizer" daemon [_thread_blocked, id=24516, stack(0x00000041c6b00000,0x00000041c6c00000)]
  0x0000019a8f2f39a0 JavaThread "Signal Dispatcher" daemon [_thread_blocked, id=36528, stack(0x00000041c6c00000,0x00000041c6d00000)]
  0x0000019a8f2f5670 JavaThread "Attach Listener" daemon [_thread_blocked, id=23128, stack(0x00000041c6d00000,0x00000041c6e00000)]
  0x0000019a8f2f5f30 JavaThread "Service Thread" daemon [_thread_blocked, id=37336, stack(0x00000041c6e00000,0x00000041c6f00000)]
  0x0000019a8f2f67f0 JavaThread "Monitor Deflation Thread" daemon [_thread_blocked, id=38216, stack(0x00000041c6f00000,0x00000041c7000000)]
  0x0000019a8f2f73e0 JavaThread "C2 CompilerThread0" daemon [_thread_in_native, id=39336, stack(0x00000041c7000000,0x00000041c7100000)]
  0x0000019a8f2fb290 JavaThread "C1 CompilerThread0" daemon [_thread_blocked, id=20920, stack(0x00000041c7100000,0x00000041c7200000)]
  0x0000019a8f307bc0 JavaThread "Sweeper thread" daemon [_thread_blocked, id=36368, stack(0x00000041c7200000,0x00000041c7300000)]
  0x0000019a8fceeca0 JavaThread "Common-Cleaner" daemon [_thread_blocked, id=10252, stack(0x00000041c7300000,0x00000041c7400000)]
  0x0000019a8fd7fd70 JavaThread "Monitor Ctrl-Break" daemon [_thread_in_native, id=14344, stack(0x00000041c7500000,0x00000041c7600000)]
  0x0000019a8fd80240 JavaThread "Notification Thread" daemon [_thread_blocked, id=38448, stack(0x00000041c7600000,0x00000041c7700000)]
  0x0000019a90671520 JavaThread "Thread-0" [_thread_blocked, id=21804, stack(0x00000041c7b00000,0x00000041c7c00000)]
  0x0000019a90672720 JavaThread "restartedMain" [_thread_in_native, id=32240, stack(0x00000041c7c00000,0x00000041c7d00000)]
  0x0000019a906fd240 JavaThread "C2 CompilerThread1" daemon [_thread_in_native, id=35016, stack(0x00000041c7d00000,0x00000041c7e00000)]
=>0x0000019a90b559a0 JavaThread "C2 CompilerThread2" daemon [_thread_in_native, id=23980, stack(0x00000041c7f00000,0x00000041c8000000)]

Other Threads:
  0x0000019a8f2df4e0 VMThread "VM Thread" [stack: 0x00000041c6900000,0x00000041c6a00000] [id=40632]
  0x0000019aec74c830 WatcherThread [stack: 0x00000041c7700000,0x00000041c7800000] [id=10920]
  0x0000019aec71d1d0 GCTaskThread "GC Thread#0" [stack: 0x00000041c6400000,0x00000041c6500000] [id=26384]
  0x0000019a90639710 GCTaskThread "GC Thread#1" [stack: 0x00000041c7400000,0x00000041c7500000] [id=39056]
  0x0000019a9077b250 GCTaskThread "GC Thread#2" [stack: 0x00000041c7800000,0x00000041c7900000] [id=7936]
  0x0000019a90770050 GCTaskThread "GC Thread#3" [stack: 0x00000041c7900000,0x00000041c7a00000] [id=36980]
  0x0000019a90770300 GCTaskThread "GC Thread#4" [stack: 0x00000041c7a00000,0x00000041c7b00000] [id=31000]
  0x0000019a91530520 GCTaskThread "GC Thread#5" [stack: 0x00000041c8000000,0x00000041c8100000] [id=39076]
  0x0000019a915b53b0 GCTaskThread "GC Thread#6" [stack: 0x00000041c8100000,0x00000041c8200000] [id=34656]
  0x0000019a90e9a420 GCTaskThread "GC Thread#7" [stack: 0x00000041c8200000,0x00000041c8300000] [id=29424]
  0x0000019a90ceb980 GCTaskThread "GC Thread#8" [stack: 0x00000041c8300000,0x00000041c8400000] [id=39924]
  0x0000019a9259fd20 GCTaskThread "GC Thread#9" [stack: 0x00000041c8400000,0x00000041c8500000] [id=23596]
  0x0000019aec72d620 ConcurrentGCThread "G1 Main Marker" [stack: 0x00000041c6500000,0x00000041c6600000] [id=36236]
  0x0000019aec72ef50 ConcurrentGCThread "G1 Conc#0" [stack: 0x00000041c6600000,0x00000041c6700000] [id=7140]
  0x0000019aec78d9c0 ConcurrentGCThread "G1 Refine#0" [stack: 0x00000041c6700000,0x00000041c6800000] [id=38792]
  0x0000019aec78e1f0 ConcurrentGCThread "G1 Service" [stack: 0x00000041c6800000,0x00000041c6900000] [id=40272]

Threads with active compile tasks:
C2 CompilerThread1     4188 2980       4       org.springframework.beans.factory.support.AbstractBeanFactory::isTypeMatch (745 bytes)
C2 CompilerThread2     4188 2740   !   4       jdk.internal.loader.BuiltinClassLoader::loadClassOrNull (143 bytes)

VM state: not at safepoint (normal execution)

VM Mutex/Monitor currently owned by a thread: None

Heap address: 0x000000070a000000, size: 3936 MB, Compressed Oops mode: Zero based, Oop shift amount: 3

CDS archive(s) mapped at: [0x0000000800000000-0x0000000800bc0000-0x0000000800bc0000), size 12320768, SharedBaseAddress: 0x0000000800000000, ArchiveRelocationMode: 0.
Compressed class space mapped at: 0x0000000800c00000-0x0000000840c00000, reserved size: 1073741824
Narrow klass base: 0x0000000800000000, Narrow klass shift: 0, Narrow klass range: 0x100000000

GC Precious Log:
 CPUs: 12 total, 12 available
 Memory: 15741M
 Large Page Support: Disabled
 NUMA Support: Disabled
 Compressed Oops: Enabled (Zero based)
 Heap Region Size: 2M
 Heap Min Capacity: 8M
 Heap Initial Capacity: 246M
 Heap Max Capacity: 3936M
 Pre-touch: Disabled
 Parallel Workers: 10
 Concurrent Workers: 3
 Concurrent Refinement Workers: 10
 Periodic GC: Disabled

Heap:
 garbage-first heap   total 251904K, used 22089K [0x000000070a000000, 0x0000000800000000)
  region size 2048K, 9 young (18432K), 3 survivors (6144K)
 Metaspace       used 20842K, committed 21184K, reserved 1073152K
  class space    used 2566K, committed 2752K, reserved 1048576K

Heap Regions: E=young(eden), S=young(survivor), O=old, HS=humongous(starts), HC=humongous(continues), CS=collection set, F=free, OA=open archive, CA=closed archive, TAMS=top-at-mark-start (previous, next)
|   0|0x000000070a000000, 0x000000070a200000, 0x000000070a200000|100%| O|  |TAMS 0x000000070a000000, 0x000000070a000000| Untracked 
|   1|0x000000070a200000, 0x000000070a400000, 0x000000070a400000|100%| O|  |TAMS 0x000000070a200000, 0x000000070a200000| Untracked 
|   2|0x000000070a400000, 0x000000070a5bb600, 0x000000070a600000| 86%| O|  |TAMS 0x000000070a400000, 0x000000070a400000| Untracked 
|   3|0x000000070a600000, 0x000000070a600000, 0x000000070a800000|  0%| F|  |TAMS 0x000000070a600000, 0x000000070a600000| Untracked 
|   4|0x000000070a800000, 0x000000070a800000, 0x000000070aa00000|  0%| F|  |TAMS 0x000000070a800000, 0x000000070a800000| Untracked 
|   5|0x000000070aa00000, 0x000000070aa00000, 0x000000070ac00000|  0%| F|  |TAMS 0x000000070aa00000, 0x000000070aa00000| Untracked 
|   6|0x000000070ac00000, 0x000000070ac00000, 0x000000070ae00000|  0%| F|  |TAMS 0x000000070ac00000, 0x000000070ac00000| Untracked 
|   7|0x000000070ae00000, 0x000000070ae00000, 0x000000070b000000|  0%| F|  |TAMS 0x000000070ae00000, 0x000000070ae00000| Untracked 
|   8|0x000000070b000000, 0x000000070b000000, 0x000000070b200000|  0%| F|  |TAMS 0x000000070b000000, 0x000000070b000000| Untracked 
|   9|0x000000070b200000, 0x000000070b200000, 0x000000070b400000|  0%| F|  |TAMS 0x000000070b200000, 0x000000070b200000| Untracked 
|  10|0x000000070b400000, 0x000000070b400000, 0x000000070b600000|  0%| F|  |TAMS 0x000000070b400000, 0x000000070b400000| Untracked 
|  11|0x000000070b600000, 0x000000070b600000, 0x000000070b800000|  0%| F|  |TAMS 0x000000070b600000, 0x000000070b600000| Untracked 
|  12|0x000000070b800000, 0x000000070b800000, 0x000000070ba00000|  0%| F|  |TAMS 0x000000070b800000, 0x000000070b800000| Untracked 
|  13|0x000000070ba00000, 0x000000070ba00000, 0x000000070bc00000|  0%| F|  |TAMS 0x000000070ba00000, 0x000000070ba00000| Untracked 
|  14|0x000000070bc00000, 0x000000070bc00000, 0x000000070be00000|  0%| F|  |TAMS 0x000000070bc00000, 0x000000070bc00000| Untracked 
|  15|0x000000070be00000, 0x000000070be00000, 0x000000070c000000|  0%| F|  |TAMS 0x000000070be00000, 0x000000070be00000| Untracked 
|  16|0x000000070c000000, 0x000000070c000000, 0x000000070c200000|  0%| F|  |TAMS 0x000000070c000000, 0x000000070c000000| Untracked 
|  17|0x000000070c200000, 0x000000070c200000, 0x000000070c400000|  0%| F|  |TAMS 0x000000070c200000, 0x000000070c200000| Untracked 
|  18|0x000000070c400000, 0x000000070c400000, 0x000000070c600000|  0%| F|  |TAMS 0x000000070c400000, 0x000000070c400000| Untracked 
|  19|0x000000070c600000, 0x000000070c600000, 0x000000070c800000|  0%| F|  |TAMS 0x000000070c600000, 0x000000070c600000| Untracked 
|  20|0x000000070c800000, 0x000000070c800000, 0x000000070ca00000|  0%| F|  |TAMS 0x000000070c800000, 0x000000070c800000| Untracked 
|  21|0x000000070ca00000, 0x000000070ca00000, 0x000000070cc00000|  0%| F|  |TAMS 0x000000070ca00000, 0x000000070ca00000| Untracked 
|  22|0x000000070cc00000, 0x000000070cc00000, 0x000000070ce00000|  0%| F|  |TAMS 0x000000070cc00000, 0x000000070cc00000| Untracked 
|  23|0x000000070ce00000, 0x000000070ce00000, 0x000000070d000000|  0%| F|  |TAMS 0x000000070ce00000, 0x000000070ce00000| Untracked 
|  24|0x000000070d000000, 0x000000070d000000, 0x000000070d200000|  0%| F|  |TAMS 0x000000070d000000, 0x000000070d000000| Untracked 
|  25|0x000000070d200000, 0x000000070d200000, 0x000000070d400000|  0%| F|  |TAMS 0x000000070d200000, 0x000000070d200000| Untracked 
|  26|0x000000070d400000, 0x000000070d400000, 0x000000070d600000|  0%| F|  |TAMS 0x000000070d400000, 0x000000070d400000| Untracked 
|  27|0x000000070d600000, 0x000000070d600000, 0x000000070d800000|  0%| F|  |TAMS 0x000000070d600000, 0x000000070d600000| Untracked 
|  28|0x000000070d800000, 0x000000070d800000, 0x000000070da00000|  0%| F|  |TAMS 0x000000070d800000, 0x000000070d800000| Untracked 
|  29|0x000000070da00000, 0x000000070da00000, 0x000000070dc00000|  0%| F|  |TAMS 0x000000070da00000, 0x000000070da00000| Untracked 
|  30|0x000000070dc00000, 0x000000070dc00000, 0x000000070de00000|  0%| F|  |TAMS 0x000000070dc00000, 0x000000070dc00000| Untracked 
|  31|0x000000070de00000, 0x000000070de00000, 0x000000070e000000|  0%| F|  |TAMS 0x000000070de00000, 0x000000070de00000| Untracked 
|  32|0x000000070e000000, 0x000000070e000000, 0x000000070e200000|  0%| F|  |TAMS 0x000000070e000000, 0x000000070e000000| Untracked 
|  33|0x000000070e200000, 0x000000070e200000, 0x000000070e400000|  0%| F|  |TAMS 0x000000070e200000, 0x000000070e200000| Untracked 
|  34|0x000000070e400000, 0x000000070e400000, 0x000000070e600000|  0%| F|  |TAMS 0x000000070e400000, 0x000000070e400000| Untracked 
|  35|0x000000070e600000, 0x000000070e600000, 0x000000070e800000|  0%| F|  |TAMS 0x000000070e600000, 0x000000070e600000| Untracked 
|  36|0x000000070e800000, 0x000000070e800000, 0x000000070ea00000|  0%| F|  |TAMS 0x000000070e800000, 0x000000070e800000| Untracked 
|  37|0x000000070ea00000, 0x000000070ea00000, 0x000000070ec00000|  0%| F|  |TAMS 0x000000070ea00000, 0x000000070ea00000| Untracked 
|  38|0x000000070ec00000, 0x000000070ec00000, 0x000000070ee00000|  0%| F|  |TAMS 0x000000070ec00000, 0x000000070ec00000| Untracked 
|  39|0x000000070ee00000, 0x000000070ee00000, 0x000000070f000000|  0%| F|  |TAMS 0x000000070ee00000, 0x000000070ee00000| Untracked 
|  40|0x000000070f000000, 0x000000070f000000, 0x000000070f200000|  0%| F|  |TAMS 0x000000070f000000, 0x000000070f000000| Untracked 
|  41|0x000000070f200000, 0x000000070f200000, 0x000000070f400000|  0%| F|  |TAMS 0x000000070f200000, 0x000000070f200000| Untracked 
|  42|0x000000070f400000, 0x000000070f400000, 0x000000070f600000|  0%| F|  |TAMS 0x000000070f400000, 0x000000070f400000| Untracked 
|  43|0x000000070f600000, 0x000000070f600000, 0x000000070f800000|  0%| F|  |TAMS 0x000000070f600000, 0x000000070f600000| Untracked 
|  44|0x000000070f800000, 0x000000070f800000, 0x000000070fa00000|  0%| F|  |TAMS 0x000000070f800000, 0x000000070f800000| Untracked 
|  45|0x000000070fa00000, 0x000000070fa00000, 0x000000070fc00000|  0%| F|  |TAMS 0x000000070fa00000, 0x000000070fa00000| Untracked 
|  46|0x000000070fc00000, 0x000000070fc00000, 0x000000070fe00000|  0%| F|  |TAMS 0x000000070fc00000, 0x000000070fc00000| Untracked 
|  47|0x000000070fe00000, 0x000000070ffd6fb8, 0x0000000710000000| 91%| S|CS|TAMS 0x000000070fe00000, 0x000000070fe00000| Complete 
|  48|0x0000000710000000, 0x0000000710200000, 0x0000000710200000|100%| S|CS|TAMS 0x0000000710000000, 0x0000000710000000| Complete 
|  49|0x0000000710200000, 0x0000000710200000, 0x0000000710400000|  0%| F|  |TAMS 0x0000000710200000, 0x0000000710200000| Untracked 
|  50|0x0000000710400000, 0x0000000710400000, 0x0000000710600000|  0%| F|  |TAMS 0x0000000710400000, 0x0000000710400000| Untracked 
|  51|0x0000000710600000, 0x0000000710600000, 0x0000000710800000|  0%| F|  |TAMS 0x0000000710600000, 0x0000000710600000| Untracked 
|  52|0x0000000710800000, 0x0000000710a00000, 0x0000000710a00000|100%| S|CS|TAMS 0x0000000710800000, 0x0000000710800000| Complete 
|  53|0x0000000710a00000, 0x0000000710a00000, 0x0000000710c00000|  0%| F|  |TAMS 0x0000000710a00000, 0x0000000710a00000| Untracked 
|  54|0x0000000710c00000, 0x0000000710c00000, 0x0000000710e00000|  0%| F|  |TAMS 0x0000000710c00000, 0x0000000710c00000| Untracked 
|  55|0x0000000710e00000, 0x0000000710e00000, 0x0000000711000000|  0%| F|  |TAMS 0x0000000710e00000, 0x0000000710e00000| Untracked 
|  56|0x0000000711000000, 0x0000000711000000, 0x0000000711200000|  0%| F|  |TAMS 0x0000000711000000, 0x0000000711000000| Untracked 
|  57|0x0000000711200000, 0x0000000711200000, 0x0000000711400000|  0%| F|  |TAMS 0x0000000711200000, 0x0000000711200000| Untracked 
|  58|0x0000000711400000, 0x0000000711400000, 0x0000000711600000|  0%| F|  |TAMS 0x0000000711400000, 0x0000000711400000| Untracked 
|  59|0x0000000711600000, 0x0000000711600000, 0x0000000711800000|  0%| F|  |TAMS 0x0000000711600000, 0x0000000711600000| Untracked 
|  60|0x0000000711800000, 0x0000000711800000, 0x0000000711a00000|  0%| F|  |TAMS 0x0000000711800000, 0x0000000711800000| Untracked 
|  61|0x0000000711a00000, 0x0000000711a00000, 0x0000000711c00000|  0%| F|  |TAMS 0x0000000711a00000, 0x0000000711a00000| Untracked 
|  62|0x0000000711c00000, 0x0000000711c00000, 0x0000000711e00000|  0%| F|  |TAMS 0x0000000711c00000, 0x0000000711c00000| Untracked 
|  63|0x0000000711e00000, 0x0000000711e00000, 0x0000000712000000|  0%| F|  |TAMS 0x0000000711e00000, 0x0000000711e00000| Untracked 
|  64|0x0000000712000000, 0x0000000712000000, 0x0000000712200000|  0%| F|  |TAMS 0x0000000712000000, 0x0000000712000000| Untracked 
|  65|0x0000000712200000, 0x0000000712200000, 0x0000000712400000|  0%| F|  |TAMS 0x0000000712200000, 0x0000000712200000| Untracked 
|  66|0x0000000712400000, 0x0000000712400000, 0x0000000712600000|  0%| F|  |TAMS 0x0000000712400000, 0x0000000712400000| Untracked 
|  67|0x0000000712600000, 0x0000000712600000, 0x0000000712800000|  0%| F|  |TAMS 0x0000000712600000, 0x0000000712600000| Untracked 
|  68|0x0000000712800000, 0x0000000712800000, 0x0000000712a00000|  0%| F|  |TAMS 0x0000000712800000, 0x0000000712800000| Untracked 
|  69|0x0000000712a00000, 0x0000000712a00000, 0x0000000712c00000|  0%| F|  |TAMS 0x0000000712a00000, 0x0000000712a00000| Untracked 
|  70|0x0000000712c00000, 0x0000000712c00000, 0x0000000712e00000|  0%| F|  |TAMS 0x0000000712c00000, 0x0000000712c00000| Untracked 
|  71|0x0000000712e00000, 0x0000000712e00000, 0x0000000713000000|  0%| F|  |TAMS 0x0000000712e00000, 0x0000000712e00000| Untracked 
|  72|0x0000000713000000, 0x0000000713000000, 0x0000000713200000|  0%| F|  |TAMS 0x0000000713000000, 0x0000000713000000| Untracked 
|  73|0x0000000713200000, 0x0000000713200000, 0x0000000713400000|  0%| F|  |TAMS 0x0000000713200000, 0x0000000713200000| Untracked 
|  74|0x0000000713400000, 0x0000000713400000, 0x0000000713600000|  0%| F|  |TAMS 0x0000000713400000, 0x0000000713400000| Untracked 
|  75|0x0000000713600000, 0x0000000713600000, 0x0000000713800000|  0%| F|  |TAMS 0x0000000713600000, 0x0000000713600000| Untracked 
|  76|0x0000000713800000, 0x0000000713800000, 0x0000000713a00000|  0%| F|  |TAMS 0x0000000713800000, 0x0000000713800000| Untracked 
|  77|0x0000000713a00000, 0x0000000713a00000, 0x0000000713c00000|  0%| F|  |TAMS 0x0000000713a00000, 0x0000000713a00000| Untracked 
|  78|0x0000000713c00000, 0x0000000713c00000, 0x0000000713e00000|  0%| F|  |TAMS 0x0000000713c00000, 0x0000000713c00000| Untracked 
|  79|0x0000000713e00000, 0x0000000713e00000, 0x0000000714000000|  0%| F|  |TAMS 0x0000000713e00000, 0x0000000713e00000| Untracked 
|  80|0x0000000714000000, 0x0000000714000000, 0x0000000714200000|  0%| F|  |TAMS 0x0000000714000000, 0x0000000714000000| Untracked 
|  81|0x0000000714200000, 0x0000000714200000, 0x0000000714400000|  0%| F|  |TAMS 0x0000000714200000, 0x0000000714200000| Untracked 
|  82|0x0000000714400000, 0x0000000714400000, 0x0000000714600000|  0%| F|  |TAMS 0x0000000714400000, 0x0000000714400000| Untracked 
|  83|0x0000000714600000, 0x0000000714600000, 0x0000000714800000|  0%| F|  |TAMS 0x0000000714600000, 0x0000000714600000| Untracked 
|  84|0x0000000714800000, 0x0000000714800000, 0x0000000714a00000|  0%| F|  |TAMS 0x0000000714800000, 0x0000000714800000| Untracked 
|  85|0x0000000714a00000, 0x0000000714a00000, 0x0000000714c00000|  0%| F|  |TAMS 0x0000000714a00000, 0x0000000714a00000| Untracked 
|  86|0x0000000714c00000, 0x0000000714c00000, 0x0000000714e00000|  0%| F|  |TAMS 0x0000000714c00000, 0x0000000714c00000| Untracked 
|  87|0x0000000714e00000, 0x0000000714e00000, 0x0000000715000000|  0%| F|  |TAMS 0x0000000714e00000, 0x0000000714e00000| Untracked 
|  88|0x0000000715000000, 0x0000000715000000, 0x0000000715200000|  0%| F|  |TAMS 0x0000000715000000, 0x0000000715000000| Untracked 
|  89|0x0000000715200000, 0x0000000715200000, 0x0000000715400000|  0%| F|  |TAMS 0x0000000715200000, 0x0000000715200000| Untracked 
|  90|0x0000000715400000, 0x0000000715400000, 0x0000000715600000|  0%| F|  |TAMS 0x0000000715400000, 0x0000000715400000| Untracked 
|  91|0x0000000715600000, 0x0000000715600000, 0x0000000715800000|  0%| F|  |TAMS 0x0000000715600000, 0x0000000715600000| Untracked 
|  92|0x0000000715800000, 0x0000000715800000, 0x0000000715a00000|  0%| F|  |TAMS 0x0000000715800000, 0x0000000715800000| Untracked 
|  93|0x0000000715a00000, 0x0000000715a00000, 0x0000000715c00000|  0%| F|  |TAMS 0x0000000715a00000, 0x0000000715a00000| Untracked 
|  94|0x0000000715c00000, 0x0000000715c00000, 0x0000000715e00000|  0%| F|  |TAMS 0x0000000715c00000, 0x0000000715c00000| Untracked 
|  95|0x0000000715e00000, 0x0000000715e00000, 0x0000000716000000|  0%| F|  |TAMS 0x0000000715e00000, 0x0000000715e00000| Untracked 
|  96|0x0000000716000000, 0x0000000716000000, 0x0000000716200000|  0%| F|  |TAMS 0x0000000716000000, 0x0000000716000000| Untracked 
|  97|0x0000000716200000, 0x0000000716200000, 0x0000000716400000|  0%| F|  |TAMS 0x0000000716200000, 0x0000000716200000| Untracked 
|  98|0x0000000716400000, 0x0000000716400000, 0x0000000716600000|  0%| F|  |TAMS 0x0000000716400000, 0x0000000716400000| Untracked 
|  99|0x0000000716600000, 0x0000000716600000, 0x0000000716800000|  0%| F|  |TAMS 0x0000000716600000, 0x0000000716600000| Untracked 
| 100|0x0000000716800000, 0x0000000716800000, 0x0000000716a00000|  0%| F|  |TAMS 0x0000000716800000, 0x0000000716800000| Untracked 
| 101|0x0000000716a00000, 0x0000000716a00000, 0x0000000716c00000|  0%| F|  |TAMS 0x0000000716a00000, 0x0000000716a00000| Untracked 
| 102|0x0000000716c00000, 0x0000000716c00000, 0x0000000716e00000|  0%| F|  |TAMS 0x0000000716c00000, 0x0000000716c00000| Untracked 
| 103|0x0000000716e00000, 0x0000000716e00000, 0x0000000717000000|  0%| F|  |TAMS 0x0000000716e00000, 0x0000000716e00000| Untracked 
| 104|0x0000000717000000, 0x0000000717000000, 0x0000000717200000|  0%| F|  |TAMS 0x0000000717000000, 0x0000000717000000| Untracked 
| 105|0x0000000717200000, 0x0000000717200000, 0x0000000717400000|  0%| F|  |TAMS 0x0000000717200000, 0x0000000717200000| Untracked 
| 106|0x0000000717400000, 0x0000000717400000, 0x0000000717600000|  0%| F|  |TAMS 0x0000000717400000, 0x0000000717400000| Untracked 
| 107|0x0000000717600000, 0x0000000717600000, 0x0000000717800000|  0%| F|  |TAMS 0x0000000717600000, 0x0000000717600000| Untracked 
| 108|0x0000000717800000, 0x0000000717800000, 0x0000000717a00000|  0%| F|  |TAMS 0x0000000717800000, 0x0000000717800000| Untracked 
| 109|0x0000000717a00000, 0x0000000717a00000, 0x0000000717c00000|  0%| F|  |TAMS 0x0000000717a00000, 0x0000000717a00000| Untracked 
| 110|0x0000000717c00000, 0x0000000717c00000, 0x0000000717e00000|  0%| F|  |TAMS 0x0000000717c00000, 0x0000000717c00000| Untracked 
| 111|0x0000000717e00000, 0x0000000717e00000, 0x0000000718000000|  0%| F|  |TAMS 0x0000000717e00000, 0x0000000717e00000| Untracked 
| 112|0x0000000718000000, 0x0000000718000000, 0x0000000718200000|  0%| F|  |TAMS 0x0000000718000000, 0x0000000718000000| Untracked 
| 113|0x0000000718200000, 0x0000000718200000, 0x0000000718400000|  0%| F|  |TAMS 0x0000000718200000, 0x0000000718200000| Untracked 
| 114|0x0000000718400000, 0x0000000718400000, 0x0000000718600000|  0%| F|  |TAMS 0x0000000718400000, 0x0000000718400000| Untracked 
| 115|0x0000000718600000, 0x0000000718600000, 0x0000000718800000|  0%| F|  |TAMS 0x0000000718600000, 0x0000000718600000| Untracked 
| 116|0x0000000718800000, 0x0000000718800000, 0x0000000718a00000|  0%| F|  |TAMS 0x0000000718800000, 0x0000000718800000| Untracked 
| 117|0x0000000718a00000, 0x0000000718c00000, 0x0000000718c00000|100%| E|  |TAMS 0x0000000718a00000, 0x0000000718a00000| Complete 
| 118|0x0000000718c00000, 0x0000000718e00000, 0x0000000718e00000|100%| E|CS|TAMS 0x0000000718c00000, 0x0000000718c00000| Complete 
| 119|0x0000000718e00000, 0x0000000719000000, 0x0000000719000000|100%| E|CS|TAMS 0x0000000718e00000, 0x0000000718e00000| Complete 
| 120|0x0000000719000000, 0x0000000719200000, 0x0000000719200000|100%| E|CS|TAMS 0x0000000719000000, 0x0000000719000000| Complete 
| 121|0x0000000719200000, 0x0000000719400000, 0x0000000719400000|100%| E|CS|TAMS 0x0000000719200000, 0x0000000719200000| Complete 
| 122|0x0000000719400000, 0x0000000719600000, 0x0000000719600000|100%| E|CS|TAMS 0x0000000719400000, 0x0000000719400000| Complete 

Card table byte_map: [0x0000019af4bc0000,0x0000019af5370000] _byte_map_base: 0x0000019af1370000

Marking Bits (Prev, Next): (CMBitMap*) 0x0000019aec71d6f0, (CMBitMap*) 0x0000019aec71d730
 Prev Bits: [0x0000019af5b20000, 0x0000019af98a0000)
 Next Bits: [0x0000019af98a0000, 0x0000019afd620000)

Polling page: 0x0000019aea680000

Metaspace:

Usage:
  Non-class:     17.88 MB used.
      Class:      2.51 MB used.
       Both:     20.39 MB used.

Virtual space:
  Non-class space:       24.00 MB reserved,      18.00 MB ( 75%) committed,  3 nodes.
      Class space:        1.00 GB reserved,       2.69 MB ( <1%) committed,  1 nodes.
             Both:        1.02 GB reserved,      20.69 MB (  2%) committed. 

Chunk freelists:
   Non-Class:  1.95 MB
       Class:  1.17 MB
        Both:  3.12 MB

MaxMetaspaceSize: unlimited
CompressedClassSpaceSize: 1.00 GB
Initial GC threshold: 21.00 MB
Current GC threshold: 21.00 MB
CDS: on
MetaspaceReclaimPolicy: balanced
 - commit_granule_bytes: 65536.
 - commit_granule_words: 8192.
 - virtual_space_node_default_size: 1048576.
 - enlarge_chunks_in_place: 1.
 - new_chunks_are_fully_committed: 0.
 - uncommit_free_chunks: 1.
 - use_allocation_guard: 0.
 - handle_deallocations: 1.


Internal statistics:

num_allocs_failed_limit: 0.
num_arena_births: 250.
num_arena_deaths: 0.
num_vsnodes_births: 4.
num_vsnodes_deaths: 0.
num_space_committed: 331.
num_space_uncommitted: 0.
num_chunks_returned_to_freelist: 0.
num_chunks_taken_from_freelist: 969.
num_chunk_merges: 0.
num_chunk_splits: 660.
num_chunks_enlarged: 502.
num_purges: 0.
num_inconsistent_stats: 0.

CodeHeap 'non-profiled nmethods': size=120000Kb used=1416Kb max_used=1416Kb free=118583Kb
 bounds [0x0000019a87ad0000, 0x0000019a87d40000, 0x0000019a8f000000]
CodeHeap 'profiled nmethods': size=120000Kb used=6270Kb max_used=6270Kb free=113729Kb
 bounds [0x0000019a805a0000, 0x0000019a80bc0000, 0x0000019a87ad0000]
CodeHeap 'non-nmethods': size=5760Kb used=1205Kb max_used=1261Kb free=4554Kb
 bounds [0x0000019a80000000, 0x0000019a80270000, 0x0000019a805a0000]
 total_blobs=3507 nmethods=3003 adapters=416
 compilation: enabled
              stopped_count=0, restarted_count=0
 full_count=0

Compilation events (20 events):
Event: 4.075 Thread 0x0000019a906fd240 nmethod 2907 0x0000019a87c23690 code [0x0000019a87c23860, 0x0000019a87c24018]
Event: 4.075 Thread 0x0000019a906fd240 2915       4       org.springframework.core.annotation.AnnotationTypeMapping$MirrorSets::resolve (109 bytes)
Event: 4.075 Thread 0x0000019a8f2fb290 nmethod 2916 0x0000019a80ba3c10 code [0x0000019a80ba3e20, 0x0000019a80ba44d8]
Event: 4.075 Thread 0x0000019a8f2fb290 2917       1       org.springframework.boot.context.properties.source.ConfigurationPropertyName$Elements::getSource (5 bytes)
Event: 4.075 Thread 0x0000019a8f2fb290 nmethod 2917 0x0000019a87c24510 code [0x0000019a87c246a0, 0x0000019a87c24778]
Event: 4.077 Thread 0x0000019a8f2f73e0 nmethod 2911 0x0000019a87c24810 code [0x0000019a87c249a0, 0x0000019a87c24ae8]
Event: 4.077 Thread 0x0000019a8f2f73e0 2914       4       java.util.ImmutableCollections$ListN::get (7 bytes)
Event: 4.078 Thread 0x0000019a8f2f73e0 nmethod 2914 0x0000019a87c24d10 code [0x0000019a87c24e80, 0x0000019a87c24f38]
Event: 4.089 Thread 0x0000019a8f2fb290 2918       3       jdk.internal.org.objectweb.asm.SymbolTable::addMergedType (164 bytes)
Event: 4.089 Thread 0x0000019a8f2f73e0 2919       4       jdk.internal.org.objectweb.asm.Frame::merge (317 bytes)
Event: 4.090 Thread 0x0000019a8f2fb290 nmethod 2918 0x0000019a80ba4710 code [0x0000019a80ba4920, 0x0000019a80ba4fd8]
Event: 4.092 Thread 0x0000019a906fd240 nmethod 2915 0x0000019a87c25010 code [0x0000019a87c25200, 0x0000019a87c25a28]
Event: 4.097 Thread 0x0000019a8f2f73e0 nmethod 2919 0x0000019a87c26210 code [0x0000019a87c263e0, 0x0000019a87c26948]
Event: 4.107 Thread 0x0000019a8f2fb290 2920       3       org.springframework.core.annotation.MergedAnnotationCollectors$$Lambda$395/0x0000000800e38f70::accept (16 bytes)
Event: 4.108 Thread 0x0000019a8f2fb290 nmethod 2920 0x0000019a80ba5390 code [0x0000019a80ba55e0, 0x0000019a80ba61b8]
Event: 4.108 Thread 0x0000019a8f2fb290 2921       3       org.springframework.core.annotation.MergedAnnotationCollectors::lambda$toMultiValueMap$4 (24 bytes)
Event: 4.109 Thread 0x0000019a8f2fb290 nmethod 2921 0x0000019a80ba6510 code [0x0000019a80ba6740, 0x0000019a80ba6ff8]
Event: 4.109 Thread 0x0000019a8f2fb290 2922       3       org.springframework.core.annotation.TypeMappedAnnotation::asMap (14 bytes)
Event: 4.110 Thread 0x0000019a8f2fb290 nmethod 2922 0x0000019a80ba7310 code [0x0000019a80ba7520, 0x0000019a80ba7b78]
Event: 4.110 Thread 0x0000019a8f2fb290 2923       3       org.springframework.core.annotation.TypeMappedAnnotation$$Lambda$397/0x0000000800e393e0::apply (8 bytes)

GC Heap History (8 events):
Event: 0.880 GC heap before
{Heap before GC invocations=0 (full 0):
 garbage-first heap   total 251904K, used 20480K [0x000000070a000000, 0x0000000800000000)
  region size 2048K, 11 young (22528K), 0 survivors (0K)
 Metaspace       used 4705K, committed 4928K, reserved 1056768K
  class space    used 530K, committed 640K, reserved 1048576K
}
Event: 0.886 GC heap after
{Heap after GC invocations=1 (full 0):
 garbage-first heap   total 251904K, used 6086K [0x000000070a000000, 0x0000000800000000)
  region size 2048K, 2 young (4096K), 2 survivors (4096K)
 Metaspace       used 4705K, committed 4928K, reserved 1056768K
  class space    used 530K, committed 640K, reserved 1048576K
}
Event: 0.932 GC heap before
{Heap before GC invocations=1 (full 0):
 garbage-first heap   total 251904K, used 32710K [0x000000070a000000, 0x0000000800000000)
  region size 2048K, 16 young (32768K), 2 survivors (4096K)
 Metaspace       used 4710K, committed 4928K, reserved 1056768K
  class space    used 530K, committed 640K, reserved 1048576K
}
Event: 0.934 GC heap after
{Heap after GC invocations=2 (full 0):
 garbage-first heap   total 251904K, used 6267K [0x000000070a000000, 0x0000000800000000)
  region size 2048K, 1 young (2048K), 1 survivors (2048K)
 Metaspace       used 4710K, committed 4928K, reserved 1056768K
  class space    used 530K, committed 640K, reserved 1048576K
}
Event: 2.473 GC heap before
{Heap before GC invocations=2 (full 0):
 garbage-first heap   total 251904K, used 147579K [0x000000070a000000, 0x0000000800000000)
  region size 2048K, 71 young (145408K), 1 survivors (2048K)
 Metaspace       used 16905K, committed 17216K, reserved 1064960K
  class space    used 2100K, committed 2240K, reserved 1048576K
}
Event: 2.480 GC heap after
{Heap after GC invocations=3 (full 0):
 garbage-first heap   total 251904K, used 10130K [0x000000070a000000, 0x0000000800000000)
  region size 2048K, 3 young (6144K), 3 survivors (6144K)
 Metaspace       used 16905K, committed 17216K, reserved 1064960K
  class space    used 2100K, committed 2240K, reserved 1048576K
}
Event: 3.655 GC heap before
{Heap before GC invocations=3 (full 0):
 garbage-first heap   total 251904K, used 151442K [0x000000070a000000, 0x0000000800000000)
  region size 2048K, 73 young (149504K), 3 survivors (6144K)
 Metaspace       used 19053K, committed 19328K, reserved 1073152K
  class space    used 2333K, committed 2496K, reserved 1048576K
}
Event: 3.662 GC heap after
{Heap after GC invocations=4 (full 0):
 garbage-first heap   total 251904K, used 11849K [0x000000070a000000, 0x0000000800000000)
  region size 2048K, 3 young (6144K), 3 survivors (6144K)
 Metaspace       used 19053K, committed 19328K, reserved 1073152K
  class space    used 2333K, committed 2496K, reserved 1048576K
}

Deoptimization events (20 events):
Event: 3.747 Thread 0x0000019a90672720 Uncommon trap: trap_request=0xffffffde fr.pc=0x0000019a87adf42c relative=0x00000000000001ac
Event: 3.747 Thread 0x0000019a90672720 Uncommon trap: reason=class_check action=maybe_recompile pc=0x0000019a87adf42c method=java.lang.String.equals(Ljava/lang/Object;)Z @ 8 c2
Event: 3.747 Thread 0x0000019a90672720 DEOPT PACKING pc=0x0000019a87adf42c sp=0x00000041c7cfdee0
Event: 3.747 Thread 0x0000019a90672720 DEOPT UNPACKING pc=0x0000019a800523a3 sp=0x00000041c7cfde78 mode 2
Event: 3.747 Thread 0x0000019a90672720 Uncommon trap: trap_request=0xffffffde fr.pc=0x0000019a87adf42c relative=0x00000000000001ac
Event: 3.747 Thread 0x0000019a90672720 Uncommon trap: reason=class_check action=maybe_recompile pc=0x0000019a87adf42c method=java.lang.String.equals(Ljava/lang/Object;)Z @ 8 c2
Event: 3.747 Thread 0x0000019a90672720 DEOPT PACKING pc=0x0000019a87adf42c sp=0x00000041c7cfdee0
Event: 3.747 Thread 0x0000019a90672720 DEOPT UNPACKING pc=0x0000019a800523a3 sp=0x00000041c7cfde78 mode 2
Event: 3.747 Thread 0x0000019a90672720 Uncommon trap: trap_request=0xffffffde fr.pc=0x0000019a87adf42c relative=0x00000000000001ac
Event: 3.747 Thread 0x0000019a90672720 Uncommon trap: reason=class_check action=maybe_recompile pc=0x0000019a87adf42c method=java.lang.String.equals(Ljava/lang/Object;)Z @ 8 c2
Event: 3.747 Thread 0x0000019a90672720 DEOPT PACKING pc=0x0000019a87adf42c sp=0x00000041c7cfdee0
Event: 3.747 Thread 0x0000019a90672720 DEOPT UNPACKING pc=0x0000019a800523a3 sp=0x00000041c7cfde78 mode 2
Event: 3.750 Thread 0x0000019a90672720 Uncommon trap: trap_request=0xffffffde fr.pc=0x0000019a87bf3ea4 relative=0x0000000000000464
Event: 3.750 Thread 0x0000019a90672720 Uncommon trap: reason=class_check action=maybe_recompile pc=0x0000019a87bf3ea4 method=java.lang.String.equals(Ljava/lang/Object;)Z @ 8 c2
Event: 3.750 Thread 0x0000019a90672720 DEOPT PACKING pc=0x0000019a87bf3ea4 sp=0x00000041c7cfdc40
Event: 3.750 Thread 0x0000019a90672720 DEOPT UNPACKING pc=0x0000019a800523a3 sp=0x00000041c7cfdb08 mode 2
Event: 3.750 Thread 0x0000019a90672720 Uncommon trap: trap_request=0xffffffde fr.pc=0x0000019a87adf42c relative=0x00000000000001ac
Event: 3.750 Thread 0x0000019a90672720 Uncommon trap: reason=class_check action=maybe_recompile pc=0x0000019a87adf42c method=java.lang.String.equals(Ljava/lang/Object;)Z @ 8 c2
Event: 3.750 Thread 0x0000019a90672720 DEOPT PACKING pc=0x0000019a87adf42c sp=0x00000041c7cfdb70
Event: 3.750 Thread 0x0000019a90672720 DEOPT UNPACKING pc=0x0000019a800523a3 sp=0x00000041c7cfdb08 mode 2

Classes unloaded (0 events):
No events

Classes redefined (0 events):
No events

Internal exceptions (20 events):
Event: 1.629 Thread 0x0000019a90672720 Exception <a 'java/lang/NoSuchMethodError'{0x0000000712bb4048}: 'java.lang.Object java.lang.invoke.DirectMethodHandle$Holder.invokeStatic(java.lang.Object, java.lang.Object, long, java.lang.Object)'> (0x0000000712bb4048) 
thrown [t:\workspace\open\src\hotspot\share\interpreter\linkResolver.cpp, line 766]
Event: 1.629 Thread 0x0000019a90672720 Exception <a 'java/lang/NoSuchMethodError'{0x0000000712bb7ae0}: 'java.lang.Object java.lang.invoke.DirectMethodHandle$Holder.invokeStaticInit(java.lang.Object, java.lang.Object, long, java.lang.Object)'> (0x0000000712bb7ae0) 
thrown [t:\workspace\open\src\hotspot\share\interpreter\linkResolver.cpp, line 766]
Event: 1.630 Thread 0x0000019a90672720 Exception <a 'java/lang/NoSuchMethodError'{0x0000000712bbe1e8}: 'java.lang.Object java.lang.invoke.DirectMethodHandle$Holder.newInvokeSpecial(java.lang.Object, java.lang.Object, long)'> (0x0000000712bbe1e8) 
thrown [t:\workspace\open\src\hotspot\share\interpreter\linkResolver.cpp, line 766]
Event: 1.630 Thread 0x0000019a90672720 Exception <a 'java/lang/NoSuchMethodError'{0x0000000712bc1d58}: 'java.lang.Object java.lang.invoke.Invokers$Holder.linkToTargetMethod(java.lang.Object, long, java.lang.Object)'> (0x0000000712bc1d58) 
thrown [t:\workspace\open\src\hotspot\share\interpreter\linkResolver.cpp, line 766]
Event: 1.655 Thread 0x0000019a90672720 Exception <a 'java/lang/NoSuchMethodError'{0x00000007128203f8}: 'void java.lang.invoke.DirectMethodHandle$Holder.invokeVirtual(java.lang.Object, java.lang.Object, java.lang.Object, java.lang.Object)'> (0x00000007128203f8) 
thrown [t:\workspace\open\src\hotspot\share\interpreter\linkResolver.cpp, line 766]
Event: 1.726 Thread 0x0000019a90672720 Exception <a 'java/lang/NoSuchMethodError'{0x0000000712975fb0}: 'void java.lang.invoke.DirectMethodHandle$Holder.invokeSpecial(java.lang.Object, java.lang.Object, java.lang.Object)'> (0x0000000712975fb0) 
thrown [t:\workspace\open\src\hotspot\share\interpreter\linkResolver.cpp, line 766]
Event: 1.736 Thread 0x0000019a90a00120 Exception <a 'java/lang/NoClassDefFoundError'{0x0000000712616ed0}: jakarta/validation/Validation> (0x0000000712616ed0) 
thrown [t:\workspace\open\src\hotspot\share\classfile\systemDictionary.cpp, line 245]
Event: 1.736 Thread 0x0000019a90672720 Exception <a 'java/lang/IncompatibleClassChangeError'{0x00000007129a8b58}: Found class java.lang.Object, but interface was expected> (0x00000007129a8b58) 
thrown [t:\workspace\open\src\hotspot\share\interpreter\linkResolver.cpp, line 833]
Event: 1.935 Thread 0x0000019a90672720 Exception <a 'java/lang/NoSuchMethodError'{0x0000000711ccc488}: 'java.lang.Object java.lang.invoke.DirectMethodHandle$Holder.invokeStatic(java.lang.Object, int, java.lang.Object)'> (0x0000000711ccc488) 
thrown [t:\workspace\open\src\hotspot\share\interpreter\linkResolver.cpp, line 766]
Event: 2.295 Thread 0x0000019a90672720 Exception <a 'sun/nio/fs/WindowsException'{0x0000000710cfabc0}> (0x0000000710cfabc0) 
thrown [t:\workspace\open\src\hotspot\share\prims\jni.cpp, line 516]
Event: 2.297 Thread 0x0000019a90672720 Exception <a 'java/lang/NoSuchMethodError'{0x0000000710cfc318}: 'int java.lang.invoke.DirectMethodHandle$Holder.invokeSpecial(java.lang.Object, java.lang.Object, java.lang.Object, java.lang.Object, java.lang.Object)'> (0x0000000710cfc318) 
thrown [t:\workspace\open\src\hotspot\share\interpreter\linkResolver.cpp, line 766]
Event: 2.298 Thread 0x0000019a90a00120 Exception <a 'java/lang/NoSuchMethodError'{0x0000000710d51e30}: 'long java.lang.invoke.DirectMethodHandle$Holder.invokeSpecial(java.lang.Object, java.lang.Object)'> (0x0000000710d51e30) 
thrown [t:\workspace\open\src\hotspot\share\interpreter\linkResolver.cpp, line 766]
Event: 2.301 Thread 0x0000019a90a00120 Exception <a 'java/lang/NoSuchMethodError'{0x0000000710d5c9d8}: 'long java.lang.invoke.DirectMethodHandle$Holder.invokeStatic(java.lang.Object, java.lang.Object)'> (0x0000000710d5c9d8) 
thrown [t:\workspace\open\src\hotspot\share\interpreter\linkResolver.cpp, line 766]
Event: 2.301 Thread 0x0000019a90a00120 Exception <a 'java/lang/NoSuchMethodError'{0x0000000710d5fd30}: 'long java.lang.invoke.DirectMethodHandle$Holder.invokeStaticInit(java.lang.Object, java.lang.Object)'> (0x0000000710d5fd30) 
thrown [t:\workspace\open\src\hotspot\share\interpreter\linkResolver.cpp, line 766]
Event: 2.302 Thread 0x0000019a90672720 Exception <a 'java/lang/NoSuchMethodError'{0x0000000710a04bb0}: 'void java.lang.invoke.DirectMethodHandle$Holder.invokeVirtual(java.lang.Object, java.lang.Object)'> (0x0000000710a04bb0) 
thrown [t:\workspace\open\src\hotspot\share\interpreter\linkResolver.cpp, line 766]
Event: 2.305 Thread 0x0000019a90a00120 Exception <a 'java/lang/NoSuchMethodError'{0x0000000710d6d5b0}: 'long java.lang.invoke.DirectMethodHandle$Holder.invokeInterface(java.lang.Object, java.lang.Object)'> (0x0000000710d6d5b0) 
thrown [t:\workspace\open\src\hotspot\share\interpreter\linkResolver.cpp, line 766]
Event: 2.305 Thread 0x0000019a90a00120 Exception <a 'java/lang/IncompatibleClassChangeError'{0x0000000710d70898}: Found class java.lang.Object, but interface was expected> (0x0000000710d70898) 
thrown [t:\workspace\open\src\hotspot\share\interpreter\linkResolver.cpp, line 833]
Event: 2.314 Thread 0x0000019a90a00120 Exception <a 'java/lang/NoSuchMethodError'{0x0000000710d88290}: 'java.lang.Object java.lang.invoke.DirectMethodHandle$Holder.invokeVirtual(java.lang.Object, java.lang.Object, java.lang.Object, java.lang.Object)'> (0x0000000710d88290) 
thrown [t:\workspace\open\src\hotspot\share\interpreter\linkResolver.cpp, line 766]
Event: 2.754 Thread 0x0000019a90672720 Exception <a 'java/lang/IncompatibleClassChangeError'{0x0000000711b5e768}: Found class java.lang.Object, but interface was expected> (0x0000000711b5e768) 
thrown [t:\workspace\open\src\hotspot\share\interpreter\linkResolver.cpp, line 833]
Event: 3.731 Thread 0x0000019a90672720 Exception <a 'sun/nio/fs/WindowsException'{0x00000007195dad20}> (0x00000007195dad20) 
thrown [t:\workspace\open\src\hotspot\share\prims\jni.cpp, line 516]

VM Operations (20 events):
Event: 1.956 Executing VM operation: HandshakeAllThreads
Event: 1.956 Executing VM operation: HandshakeAllThreads done
Event: 2.159 Executing VM operation: HandshakeAllThreads
Event: 2.159 Executing VM operation: HandshakeAllThreads done
Event: 2.258 Executing VM operation: HandshakeAllThreads
Event: 2.258 Executing VM operation: HandshakeAllThreads done
Event: 2.402 Executing VM operation: HandshakeAllThreads
Event: 2.402 Executing VM operation: HandshakeAllThreads done
Event: 2.439 Executing VM operation: ICBufferFull
Event: 2.440 Executing VM operation: ICBufferFull done
Event: 2.473 Executing VM operation: G1CollectForAllocation
Event: 2.480 Executing VM operation: G1CollectForAllocation done
Event: 3.321 Executing VM operation: ICBufferFull
Event: 3.321 Executing VM operation: ICBufferFull done
Event: 3.655 Executing VM operation: G1CollectForAllocation
Event: 3.662 Executing VM operation: G1CollectForAllocation done
Event: 3.719 Executing VM operation: HandshakeAllThreads
Event: 3.720 Executing VM operation: HandshakeAllThreads done
Event: 3.721 Executing VM operation: HandshakeAllThreads
Event: 3.721 Executing VM operation: HandshakeAllThreads done

Events (20 events):
Event: 2.468 loading class sun/security/provider/certpath/ldap/JdkLDAP done
Event: 2.469 loading class sun/security/provider/certpath/ldap/JdkLDAP$ProviderService
Event: 2.469 loading class sun/security/provider/certpath/ldap/JdkLDAP$ProviderService done
Event: 2.469 loading class com/sun/security/sasl/Provider
Event: 2.469 loading class com/sun/security/sasl/Provider done
Event: 2.470 loading class com/sun/security/sasl/Provider$1
Event: 2.470 loading class com/sun/security/sasl/Provider$1 done
Event: 2.470 loading class com/sun/security/sasl/Provider$ProviderService
Event: 2.470 loading class com/sun/security/sasl/Provider$ProviderService done
Event: 2.481 Thread 0x0000019a90a00120 Thread exited: 0x0000019a90a00120
Event: 2.540 Thread 0x0000019a90a00120 Thread added: 0x0000019a90a00120
Event: 2.656 loading class javax/naming/ldap/LdapContext
Event: 2.656 loading class javax/naming/directory/DirContext
Event: 2.656 loading class javax/naming/directory/DirContext done
Event: 2.656 loading class javax/naming/ldap/LdapContext done
Event: 2.733 Thread 0x0000019a90a00120 Thread exited: 0x0000019a90a00120
Event: 3.178 loading class java/beans/PropertyVetoException
Event: 3.178 loading class java/beans/PropertyVetoException done
Event: 3.763 loading class sun/reflect/generics/tree/BooleanSignature
Event: 3.764 loading class sun/reflect/generics/tree/BooleanSignature done


Dynamic libraries:
0x00007ff63a1d0000 - 0x00007ff63a1e0000 	D:\Programs\Java\jdk-17\bin\java.exe
0x00007ffacb8d0000 - 0x00007ffacbae7000 	C:\WINDOWS\SYSTEM32\ntdll.dll
0x00007ffacada0000 - 0x00007ffacae64000 	C:\WINDOWS\System32\KERNEL32.DLL
0x00007ffac8c00000 - 0x00007ffac8fad000 	C:\WINDOWS\System32\KERNELBASE.dll
0x00007ffac9260000 - 0x00007ffac9371000 	C:\WINDOWS\System32\ucrtbase.dll
0x00007ffac2d80000 - 0x00007ffac2d98000 	D:\Programs\Java\jdk-17\bin\jli.dll
0x00007ffac6730000 - 0x00007ffac674a000 	D:\Programs\Java\jdk-17\bin\VCRUNTIME140.dll
0x00007ffacb180000 - 0x00007ffacb232000 	C:\WINDOWS\System32\ADVAPI32.dll
0x00007ffacb530000 - 0x00007ffacb5d7000 	C:\WINDOWS\System32\msvcrt.dll
0x00007ffacb3c0000 - 0x00007ffacb469000 	C:\WINDOWS\System32\sechost.dll
0x00007ffac90d0000 - 0x00007ffac90f8000 	C:\WINDOWS\System32\bcrypt.dll
0x00007ffacb2a0000 - 0x00007ffacb3b4000 	C:\WINDOWS\System32\RPCRT4.dll
0x00007ffacae70000 - 0x00007ffacb01e000 	C:\WINDOWS\System32\USER32.dll
0x00007ffac9380000 - 0x00007ffac93a6000 	C:\WINDOWS\System32\win32u.dll
0x00007ffacb500000 - 0x00007ffacb529000 	C:\WINDOWS\System32\GDI32.dll
0x00007ffac8fb0000 - 0x00007ffac90c9000 	C:\WINDOWS\System32\gdi32full.dll
0x00007ffaa9630000 - 0x00007ffaa98c3000 	C:\WINDOWS\WinSxS\amd64_microsoft.windows.common-controls_6595b64144ccf1df_6.0.22621.3672_none_2713b9d173822955\COMCTL32.dll
0x00007ffac9100000 - 0x00007ffac919a000 	C:\WINDOWS\System32\msvcp_win.dll
0x00007ffabd3b0000 - 0x00007ffabd3ba000 	C:\WINDOWS\SYSTEM32\VERSION.dll
0x00007ffaca9a0000 - 0x00007ffaca9d1000 	C:\WINDOWS\System32\IMM32.DLL
0x00007ffac67f0000 - 0x00007ffac67fc000 	D:\Programs\Java\jdk-17\bin\vcruntime140_1.dll
0x00007ffab5470000 - 0x00007ffab54fd000 	D:\Programs\Java\jdk-17\bin\msvcp140.dll
0x00007ffa7bda0000 - 0x00007ffa7c95e000 	D:\Programs\Java\jdk-17\bin\server\jvm.dll
0x00007ffacb780000 - 0x00007ffacb788000 	C:\WINDOWS\System32\PSAPI.DLL
0x00007ffac0fb0000 - 0x00007ffac0fe4000 	C:\WINDOWS\SYSTEM32\WINMM.dll
0x00007ffaadbe0000 - 0x00007ffaadbe9000 	C:\WINDOWS\SYSTEM32\WSOCK32.dll
0x00007ffacb470000 - 0x00007ffacb4e1000 	C:\WINDOWS\System32\WS2_32.dll
0x00007ffac7c00000 - 0x00007ffac7c18000 	C:\WINDOWS\SYSTEM32\kernel.appcore.dll
0x00007ffac56a0000 - 0x00007ffac56aa000 	D:\Programs\Java\jdk-17\bin\jimage.dll
0x00007ffac6390000 - 0x00007ffac65c2000 	C:\WINDOWS\SYSTEM32\DBGHELP.DLL
0x00007ffac9770000 - 0x00007ffac9af8000 	C:\WINDOWS\System32\combase.dll
0x00007ffacacc0000 - 0x00007ffacad97000 	C:\WINDOWS\System32\OLEAUT32.dll
0x00007ffab0eb0000 - 0x00007ffab0ee2000 	C:\WINDOWS\SYSTEM32\dbgcore.DLL
0x00007ffac9590000 - 0x00007ffac960b000 	C:\WINDOWS\System32\bcryptPrimitives.dll
0x00007ffabb5e0000 - 0x00007ffabb5ee000 	D:\Programs\Java\jdk-17\bin\instrument.dll
0x00007ffab64e0000 - 0x00007ffab6505000 	D:\Programs\Java\jdk-17\bin\java.dll
0x00007ffab39a0000 - 0x00007ffab3a76000 	D:\Programs\Java\jdk-17\bin\svml.dll
0x00007ffac9f80000 - 0x00007ffaca7df000 	C:\WINDOWS\System32\SHELL32.dll
0x00007ffac6b00000 - 0x00007ffac73fc000 	C:\WINDOWS\SYSTEM32\windows.storage.dll
0x00007ffac69c0000 - 0x00007ffac6aff000 	C:\WINDOWS\SYSTEM32\wintypes.dll
0x00007ffacb680000 - 0x00007ffacb774000 	C:\WINDOWS\System32\SHCORE.dll
0x00007ffac96a0000 - 0x00007ffac96fe000 	C:\WINDOWS\System32\shlwapi.dll
0x00007ffac8b30000 - 0x00007ffac8b51000 	C:\WINDOWS\SYSTEM32\profapi.dll
0x00007ffabf200000 - 0x00007ffabf218000 	D:\Programs\Java\jdk-17\bin\zip.dll
0x00007ffac06d0000 - 0x00007ffac06e9000 	D:\Programs\Java\jdk-17\bin\net.dll
0x00007ffac3d00000 - 0x00007ffac3e36000 	C:\WINDOWS\SYSTEM32\WINHTTP.dll
0x00007ffac80a0000 - 0x00007ffac8109000 	C:\WINDOWS\system32\mswsock.dll
0x00007ffabf220000 - 0x00007ffabf235000 	D:\Programs\Java\jdk-17\bin\nio.dll
0x00007ffab6490000 - 0x00007ffab64aa000 	D:\Programs\IntelliJ IDEA\IntelliJ IDEA Community Edition 2024.1.2\bin\breakgen64.dll
0x00007ffab8380000 - 0x00007ffab8389000 	D:\Programs\Java\jdk-17\bin\management.dll
0x00007ffab8370000 - 0x00007ffab837b000 	D:\Programs\Java\jdk-17\bin\management_ext.dll
0x00007ffabb620000 - 0x00007ffabb62e000 	D:\Programs\Java\jdk-17\bin\sunmscapi.dll
0x00007ffac93b0000 - 0x00007ffac9517000 	C:\WINDOWS\System32\CRYPT32.dll
0x00007ffac84c0000 - 0x00007ffac84ee000 	C:\WINDOWS\SYSTEM32\ncrypt.dll
0x00007ffac8480000 - 0x00007ffac84b7000 	C:\WINDOWS\SYSTEM32\NTASN1.dll

dbghelp: loaded successfully - version: 4.0.5 - missing functions: none
symbol engine: initialized successfully - sym options: 0x614 - pdb path: .;D:\Programs\Java\jdk-17\bin;C:\WINDOWS\SYSTEM32;C:\WINDOWS\WinSxS\amd64_microsoft.windows.common-controls_6595b64144ccf1df_6.0.22621.3672_none_2713b9d173822955;D:\Programs\Java\jdk-17\bin\server;D:\Programs\IntelliJ IDEA\IntelliJ IDEA Community Edition 2024.1.2\bin

VM Arguments:
jvm_args: -javaagent:D:\Programs\IntelliJ IDEA\IntelliJ IDEA Community Edition 2024.1.2\lib\idea_rt.jar=54855:D:\Programs\IntelliJ IDEA\IntelliJ IDEA Community Edition 2024.1.2\bin -Dfile.encoding=UTF-8 
java_command: com.springboot.MybootApplication
java_class_path (initial): D:\Global-data-tek\myboot\target\classes;C:\Users\86131\.m2\repository\org\springframework\boot\spring-boot-starter-web\3.3.1\spring-boot-starter-web-3.3.1.jar;C:\Users\86131\.m2\repository\org\springframework\boot\spring-boot-starter\3.3.1\spring-boot-starter-3.3.1.jar;C:\Users\86131\.m2\repository\org\springframework\boot\spring-boot-starter-logging\3.3.1\spring-boot-starter-logging-3.3.1.jar;C:\Users\86131\.m2\repository\ch\qos\logback\logback-classic\1.5.6\logback-classic-1.5.6.jar;C:\Users\86131\.m2\repository\ch\qos\logback\logback-core\1.5.6\logback-core-1.5.6.jar;C:\Users\86131\.m2\repository\org\apache\logging\log4j\log4j-to-slf4j\2.23.1\log4j-to-slf4j-2.23.1.jar;C:\Users\86131\.m2\repository\org\apache\logging\log4j\log4j-api\2.23.1\log4j-api-2.23.1.jar;C:\Users\86131\.m2\repository\org\slf4j\jul-to-slf4j\2.0.13\jul-to-slf4j-2.0.13.jar;C:\Users\86131\.m2\repository\jakarta\annotation\jakarta.annotation-api\2.1.1\jakarta.annotation-api-2.1.1.jar;C:\Users\86131\.m2\repository\org\yaml\snakeyaml\2.2\snakeyaml-2.2.jar;C:\Users\86131\.m2\repository\org\springframework\boot\spring-boot-starter-json\3.3.1\spring-boot-starter-json-3.3.1.jar;C:\Users\86131\.m2\repository\com\fasterxml\jackson\core\jackson-databind\2.17.1\jackson-databind-2.17.1.jar;C:\Users\86131\.m2\repository\com\fasterxml\jackson\core\jackson-annotations\2.17.1\jackson-annotations-2.17.1.jar;C:\Users\86131\.m2\repository\com\fasterxml\jackson\core\jackson-core\2.17.1\jackson-core-2.17.1.jar;C:\Users\86131\.m2\repository\com\fasterxml\jackson\datatype\jackson-datatype-jdk8\2.17.1\jackson-datatype-jdk8-2.17.1.jar;C:\Users\86131\.m2\repository\com\fasterxml\jackson\datatype\jackson-datatype-jsr310\2.17.1\jackson-datatype-jsr310-2.17.1.jar;C:\Users\86131\.m2\repository\com\fasterxml\jackson\module\jackson-module-parameter-names\2.17.1\jackson-module-parameter-names-2.17.1.jar;C:\Users\86131\.m2\repository\org\springframework\boot\spring-boot-starter-tomcat\3.3.1\spring-b
Launcher Type: SUN_STANDARD

[Global flags]
     intx CICompilerCount                          = 4                                         {product} {ergonomic}
     uint ConcGCThreads                            = 3                                         {product} {ergonomic}
     uint G1ConcRefinementThreads                  = 10                                        {product} {ergonomic}
   size_t G1HeapRegionSize                         = 2097152                                   {product} {ergonomic}
    uintx GCDrainStackTargetSize                   = 64                                        {product} {ergonomic}
   size_t InitialHeapSize                          = 257949696                                 {product} {ergonomic}
   size_t MarkStackSize                            = 4194304                                   {product} {ergonomic}
   size_t MaxHeapSize                              = 4127195136                                {product} {ergonomic}
   size_t MaxNewSize                               = 2474639360                                {product} {ergonomic}
   size_t MinHeapDeltaBytes                        = 2097152                                   {product} {ergonomic}
   size_t MinHeapSize                              = 8388608                                   {product} {ergonomic}
    uintx NonNMethodCodeHeapSize                   = 5839372                                {pd product} {ergonomic}
    uintx NonProfiledCodeHeapSize                  = 122909434                              {pd product} {ergonomic}
    uintx ProfiledCodeHeapSize                     = 122909434                              {pd product} {ergonomic}
    uintx ReservedCodeCacheSize                    = 251658240                              {pd product} {ergonomic}
     bool SegmentedCodeCache                       = true                                      {product} {ergonomic}
   size_t SoftMaxHeapSize                          = 4127195136                             {manageable} {ergonomic}
     bool UseCompressedClassPointers               = true                           {product lp64_product} {ergonomic}
     bool UseCompressedOops                        = true                           {product lp64_product} {ergonomic}
     bool UseG1GC                                  = true                                      {product} {ergonomic}
     bool UseLargePagesIndividualAllocation        = false                                  {pd product} {ergonomic}

Logging:
Log output configuration:
 #0: stdout all=warning uptime,level,tags
 #1: stderr all=off uptime,level,tags

Environment Variables:
JAVA_HOME=C:\Users\86131\.jdks\corretto-1.8.0_322
CLASSPATH=C:\Users\86131\.jdks\corretto-1.8.0_322\lib\dt.jar;C:\Users\86131\.jdks\corretto-1.8.0_322\lib\tools.jar;
PATH=D:\Programs\Android\Sdk\tools\bin;C:\WINDOWS\system32;C:\WINDOWS;C:\WINDOWS\System32\Wbem;C:\WINDOWS\System32\WindowsPowerShell\v1.0\;C:\WINDOWS\System32\OpenSSH\;D:\Programs\Sublime Text;"C:\Users\86131\.jdks\corretto-1.8.0_322\bin;C:\Users\86131\.jdks\corretto-1.8.0_322\jre\bin;";D:\Programs\Python3.8.10\Lib;;:\Programs\Python3.8.10\Lib\site-packages\osgeo;C:\WINDOWS\system32;C:\WINDOWS;C:\WINDOWS\System32\Wbem;C:\WINDOWS\System32\WindowsPowerShell\v1.0\;C:\WINDOWS\System32\OpenSSH\;C:\Program Files\Git\cmd;D:\Programs\gradle-7.4.1\bin;D:\Programs\Android\Android Studio\jre;D:\Programs\Android\Sdk\emulator;D:\Programs\Maven\apache-maven-3.8.5-bin\apache-maven-3.8.5\bin;C:\Users\86131\.jdks\corretto-11.0.14.1;C:\Users\86131\AppData\Local\nvs\nvs.ps1;D:\Programs\MySQL\MySQL Server 8.0;D:\Programs\nodejs\;D:\Programs\Python3.8.10\Scripts\;D:\Programs\Python3.8.10\;C:\Users\86131\AppData\Local\Microsoft\WindowsApps;C:\Users\86131\.dotnet\tools;C:\Users\86131\AppData\Local\GitHubDesktop\bin;D:\Programs\Pycharm\PyCharm 2021.3.1\bin;D:\Programs\IntelliJ IDEA\IntelliJ IDEA 2021.3.1\bin;D:\Programs\Android\Sdk\emulator;D:\Programs\Android\Sdk\cmdline-tools\latest\bin;D:\Programs\Android\Sdk\platform-tools;D:\Programs\Android\Sdk\tools;D:\Programs\Android\Android Studio\jre;C:\Users\86131\AppData\Local\atom\bin;C:\Users\86131\AppData\Local\Microsoft\WindowsApps;;D:\Programs\Microsoft VS Code\bin;C:\Users\86131\AppData\Local\nvs\;D:\Programs\IntelliJ IDEA\IntelliJ IDEA 2024.1\bin;;D:\Programs\IntelliJ IDEA\IntelliJ IDEA Community Edition 2024.1.2\bin;;C:\Users\86131\AppData\Roaming\npm
USERNAME=86131
OS=Windows_NT
PROCESSOR_IDENTIFIER=AMD64 Family 23 Model 96 Stepping 1, AuthenticAMD



---------------  S Y S T E M  ---------------

OS:
 Windows 10 , 64 bit Build 22621 (10.0.22621.3672)
OS uptime: 1 days 3:27 hours
Hyper-V role detected

CPU: total 12 (initial active 12) (12 cores per cpu, 2 threads per core) family 23 model 96 stepping 1 microcode 0x0, cx8, cmov, fxsr, ht, mmx, 3dnowpref, sse, sse2, sse3, ssse3, sse4a, sse4.1, sse4.2, popcnt, lzcnt, tsc, tscinvbit, avx, avx2, aes, clmul, bmi1, bmi2, adx, sha, fma, vzeroupper, clflush, clflushopt, hv

Memory: 4k page, system-wide physical 15741M (6167M free)
TotalPageFile size 19837M (AvailPageFile size 5M)
current process WorkingSet (physical memory assigned to process): 269M, peak: 272M
current process commit charge ("private bytes"): 412M, peak: 415M

vm_info: Java HotSpot(TM) 64-Bit Server VM (17+35-LTS-2724) for windows-amd64 JRE (17+35-LTS-2724), built on Aug  5 2021 23:28:28 by "mach5one" with MS VC++ 16.8 (VS2019)

END.
